<?xml version="1.0" encoding="UTF-8"?>
<robot generator="Robot 4.0 (Python 3.8.5 on linux)" generated="20210506 13:50:20.989" rpa="false" schemaversion="2">
<suite id="s1" name="Carrinho" source="/home/edson/workspace/courses/qa_ninja/robot_framework/parodifood/tests/carrinho.robot">
<test id="s1-t1" name="Cenario: Deve adicionar um item ao carrinho">
<kw name="Start Session" library="base" type="SETUP">
<kw name="New Browser" library="Browser">
<arg>chromium</arg>
<arg>true</arg>
<tag>BrowserControl</tag>
<tag>Setter</tag>
<doc>Create a new playwright Browser with specified options.
See `Browser, Context and Page` for more information about Browser and related concepts.</doc>
<msg timestamp="20210506 13:50:21.763" level="INFO">{"browser": "chromium", "headless": true, "handleSIGINT": true, "handleSIGTERM": true, "handleSIGHUP": true, "timeout": 30000.0, "devtools": false, "slowMo": 0.0}</msg>
<msg timestamp="20210506 13:50:21.971" level="INFO">Successfully created browser with options: {"browser":"chromium","headless":true,"handleSIGINT":true,"handleSIGTERM":true,"handleSIGHUP":true,"timeout":30000,"devtools":false,"slowMo":0}</msg>
<status status="PASS" starttime="20210506 13:50:21.762" endtime="20210506 13:50:21.971"/>
</kw>
<kw name="New Page" library="Browser">
<arg>https://parodifood.qaninja.academy</arg>
<tag>BrowserControl</tag>
<tag>Setter</tag>
<doc>Open a new Page. A Page is the Playwright equivalent to a tab.
See `Browser, Context and Page` for more information about Page concept.
Returns a stable identifier for the created page.</doc>
<msg timestamp="20210506 13:50:24.052" level="INFO">Successfully initialized new page object and opened url: https://parodifood.qaninja.academy</msg>
<status status="PASS" starttime="20210506 13:50:21.972" endtime="20210506 13:50:24.052"/>
</kw>
<kw name="Get Text" library="Browser">
<arg>span</arg>
<arg>contains</arg>
<arg>Nunca foi tão engraçado pedir comida</arg>
<tag>Assertion</tag>
<tag>Getter</tag>
<tag>PageContent</tag>
<doc>Returns text attribute of the element found by ``selector``.
See the `Finding elements` section for details about the selectors.</doc>
<status status="PASS" starttime="20210506 13:50:24.053" endtime="20210506 13:50:24.215"/>
</kw>
<status status="PASS" starttime="20210506 13:50:21.760" endtime="20210506 13:50:24.215"/>
</kw>
<kw name="Set Variable" library="BuiltIn">
<var>${name}</var>
<arg>STARBUGS COFFEE</arg>
<doc>Returns the given values which can then be assigned to a variables.</doc>
<msg timestamp="20210506 13:50:24.216" level="INFO">${name} = STARBUGS COFFEE</msg>
<status status="PASS" starttime="20210506 13:50:24.215" endtime="20210506 13:50:24.216"/>
</kw>
<kw name="Set Variable" library="BuiltIn">
<var>${desc}</var>
<arg>Nada melhor que um café pra te ajudar a resolver um bug.</arg>
<doc>Returns the given values which can then be assigned to a variables.</doc>
<msg timestamp="20210506 13:50:24.217" level="INFO">${desc} = Nada melhor que um café pra te ajudar a resolver um bug.</msg>
<status status="PASS" starttime="20210506 13:50:24.216" endtime="20210506 13:50:24.217"/>
</kw>
<kw name="Go To Restaurants" library="search">
<kw name="Click" library="Browser">
<arg>text=Estou com fome!</arg>
<tag>PageContent</tag>
<tag>Setter</tag>
<doc>Simulates mouse click on the element found by ``selector``.</doc>
<status status="PASS" starttime="20210506 13:50:24.218" endtime="20210506 13:50:24.437"/>
</kw>
<kw name="Get Text" library="Browser">
<arg>h1 strong</arg>
<arg>contains</arg>
<arg>Ta na hora de matar a fome!</arg>
<tag>Assertion</tag>
<tag>Getter</tag>
<tag>PageContent</tag>
<doc>Returns text attribute of the element found by ``selector``.
See the `Finding elements` section for details about the selectors.</doc>
<status status="PASS" starttime="20210506 13:50:24.437" endtime="20210506 13:50:24.473"/>
</kw>
<status status="PASS" starttime="20210506 13:50:24.217" endtime="20210506 13:50:24.474"/>
</kw>
<kw name="Choose Restaurant">
<arg>${name}</arg>
<arg>${desc}</arg>
<kw name="Click" library="Browser">
<arg>text=${name}</arg>
<tag>PageContent</tag>
<tag>Setter</tag>
<doc>Simulates mouse click on the element found by ``selector``.</doc>
<status status="PASS" starttime="20210506 13:50:24.475" endtime="20210506 13:50:25.581"/>
</kw>
<kw name="Wait For Elements State" library="Browser">
<arg>css=#detail</arg>
<arg>visible</arg>
<arg>10</arg>
<tag>PageContent</tag>
<tag>Wait</tag>
<doc>Waits for the element found by ``selector`` to satisfy state option.</doc>
<msg timestamp="20210506 13:50:25.599" level="INFO">Wait for Element with selector: css=#detail</msg>
<status status="PASS" starttime="20210506 13:50:25.582" endtime="20210506 13:50:25.599"/>
</kw>
<kw name="Get Text" library="Browser">
<arg>css=#detail</arg>
<arg>contains</arg>
<arg>${description}</arg>
<tag>Assertion</tag>
<tag>Getter</tag>
<tag>PageContent</tag>
<doc>Returns text attribute of the element found by ``selector``.
See the `Finding elements` section for details about the selectors.</doc>
<status status="PASS" starttime="20210506 13:50:25.600" endtime="20210506 13:50:25.779"/>
</kw>
<status status="PASS" starttime="20210506 13:50:24.474" endtime="20210506 13:50:25.779"/>
</kw>
<kw name="Take Screenshot" library="Browser" type="TEARDOWN">
<tag>PageContent</tag>
<doc>Takes a screenshot of the current window and saves it to ``path``. Saves it as a png.</doc>
<msg timestamp="20210506 13:50:25.946" level="INFO" html="true">&lt;/td&gt;&lt;/tr&gt;&lt;tr&gt;&lt;td colspan="3"&gt;&lt;a href="browser/screenshot/robotframework-browser-screenshot-1.png"&gt;&lt;img src="browser/screenshot/robotframework-browser-screenshot-1.png" width="800px"&gt;&lt;/a&gt;</msg>
<status status="PASS" starttime="20210506 13:50:25.780" endtime="20210506 13:50:25.946"/>
</kw>
<status status="PASS" starttime="20210506 13:50:21.753" endtime="20210506 13:50:25.946"/>
</test>
<status status="PASS" starttime="20210506 13:50:20.991" endtime="20210506 13:50:26.010"/>
</suite>
<statistics>
<total>
<stat pass="1" fail="0" skip="0">All Tests</stat>
</total>
<tag>
</tag>
<suite>
<stat pass="1" fail="0" skip="0" id="s1" name="Carrinho">Carrinho</stat>
</suite>
</statistics>
<errors>
</errors>
</robot>
