<?xml version="1.0" encoding="UTF-8"?>
<robot generator="Robot 4.0 (Python 3.8.5 on linux)" generated="20210508 12:02:26.282" rpa="false" schemaversion="2">
<suite id="s1" name="Tests" source="/home/edson/workspace/courses/qa_ninja/robot_framework/parodifood/tests">
<suite id="s1-s1" name="Busca" source="/home/edson/workspace/courses/qa_ninja/robot_framework/parodifood/tests/busca.robot">
<test id="s1-s1-t1" name="Cenario: Deve buscar um único restaurante">
<kw name="Start Session" library="base" type="SETUP">
<kw name="New Browser" library="Browser">
<arg>${browser}</arg>
<arg>${headless}</arg>
<tag>BrowserControl</tag>
<tag>Setter</tag>
<doc>Create a new playwright Browser with specified options.
See `Browser, Context and Page` for more information about Browser and related concepts.</doc>
<msg timestamp="20210508 12:02:27.094" level="INFO">{"browser": "firefox", "headless": true, "handleSIGINT": true, "handleSIGTERM": true, "handleSIGHUP": true, "timeout": 30000.0, "devtools": false, "slowMo": 0.0}</msg>
<msg timestamp="20210508 12:02:29.117" level="INFO">Successfully created browser with options: {"browser":"firefox","headless":true,"handleSIGINT":true,"handleSIGTERM":true,"handleSIGHUP":true,"timeout":30000,"devtools":false,"slowMo":0}</msg>
<status status="PASS" starttime="20210508 12:02:27.092" endtime="20210508 12:02:29.117"/>
</kw>
<kw name="New Page" library="Browser">
<arg>https://parodifood.qaninja.academy</arg>
<tag>BrowserControl</tag>
<tag>Setter</tag>
<doc>Open a new Page. A Page is the Playwright equivalent to a tab.
See `Browser, Context and Page` for more information about Page concept.
Returns a stable identifier for the created page.</doc>
<msg timestamp="20210508 12:02:32.747" level="INFO">Successfully initialized new page object and opened url: https://parodifood.qaninja.academy</msg>
<status status="PASS" starttime="20210508 12:02:29.118" endtime="20210508 12:02:32.748"/>
</kw>
<kw name="Get Text" library="Browser">
<arg>span</arg>
<arg>contains</arg>
<arg>Nunca foi tão engraçado pedir comida</arg>
<tag>Assertion</tag>
<tag>Getter</tag>
<tag>PageContent</tag>
<doc>Returns text attribute of the element found by ``selector``.
See the `Finding elements` section for details about the selectors.</doc>
<status status="PASS" starttime="20210508 12:02:32.748" endtime="20210508 12:02:32.912"/>
</kw>
<status status="PASS" starttime="20210508 12:02:27.090" endtime="20210508 12:02:32.912"/>
</kw>
<kw name="Go To Restaurants" library="search">
<kw name="Click" library="Browser">
<arg>text=Estou com fome!</arg>
<tag>PageContent</tag>
<tag>Setter</tag>
<doc>Simulates mouse click on the element found by ``selector``.</doc>
<status status="PASS" starttime="20210508 12:02:32.915" endtime="20210508 12:02:33.153"/>
</kw>
<kw name="Get Text" library="Browser">
<arg>h1 strong</arg>
<arg>contains</arg>
<arg>Ta na hora de matar a fome!</arg>
<tag>Assertion</tag>
<tag>Getter</tag>
<tag>PageContent</tag>
<doc>Returns text attribute of the element found by ``selector``.
See the `Finding elements` section for details about the selectors.</doc>
<status status="PASS" starttime="20210508 12:02:33.154" endtime="20210508 12:02:33.229"/>
</kw>
<status status="PASS" starttime="20210508 12:02:32.913" endtime="20210508 12:02:33.229"/>
</kw>
<kw name="Search By" library="search">
<arg>Debuger</arg>
<kw name="Click" library="Browser">
<arg>css=.search-link</arg>
<tag>PageContent</tag>
<tag>Setter</tag>
<doc>Simulates mouse click on the element found by ``selector``.</doc>
<status status="PASS" starttime="20210508 12:02:33.230" endtime="20210508 12:02:33.347"/>
</kw>
<kw name="Fill Text" library="Browser">
<arg>css=input[formcontrolname="searchControl"]</arg>
<arg>${value}</arg>
<tag>PageContent</tag>
<tag>Setter</tag>
<doc>Clears and fills the given ``text`` into the text field found by ``selector``.</doc>
<msg timestamp="20210508 12:02:33.348" level="INFO">Fills the text 'Debuger' in the given field.</msg>
<status status="PASS" starttime="20210508 12:02:33.347" endtime="20210508 12:02:33.410"/>
</kw>
<status status="PASS" starttime="20210508 12:02:33.229" endtime="20210508 12:02:33.410"/>
</kw>
<kw name="Restaurant Should Be visible" library="search">
<arg>DEBUGER KING</arg>
<kw name="Wait For Elements State" library="Browser">
<arg>${DIV_BOX_RESTAURANT}</arg>
<arg>visible</arg>
<arg>${DEFAULT_TIMEOUT}</arg>
<tag>PageContent</tag>
<tag>Wait</tag>
<doc>Waits for the element found by ``selector`` to satisfy state option.</doc>
<msg timestamp="20210508 12:02:34.405" level="INFO">Wait for Element with selector: css=div[class="place-info-box"][style="opacity: 1;"]</msg>
<status status="PASS" starttime="20210508 12:02:33.412" endtime="20210508 12:02:34.405"/>
</kw>
<kw name="Get Text" library="Browser">
<arg>css=.place-info-box</arg>
<arg>contains</arg>
<arg>${name}</arg>
<tag>Assertion</tag>
<tag>Getter</tag>
<tag>PageContent</tag>
<doc>Returns text attribute of the element found by ``selector``.
See the `Finding elements` section for details about the selectors.</doc>
<status status="PASS" starttime="20210508 12:02:34.406" endtime="20210508 12:02:34.453"/>
</kw>
<status status="PASS" starttime="20210508 12:02:33.411" endtime="20210508 12:02:34.453"/>
</kw>
<kw name="Restaurant Count Should Be" library="search">
<arg>1</arg>
<kw name="Wait For Elements State" library="Browser">
<arg>${DIV_BOX_RESTAURANT}</arg>
<arg>visible</arg>
<arg>${DEFAULT_TIMEOUT}</arg>
<tag>PageContent</tag>
<tag>Wait</tag>
<doc>Waits for the element found by ``selector`` to satisfy state option.</doc>
<msg timestamp="20210508 12:02:34.484" level="INFO">Wait for Element with selector: css=div[class="place-info-box"][style="opacity: 1;"]</msg>
<status status="PASS" starttime="20210508 12:02:34.455" endtime="20210508 12:02:34.485"/>
</kw>
<kw name="Get Element Count" library="Browser">
<arg>css=.place-info-box</arg>
<arg>equal</arg>
<arg>${qdt}</arg>
<tag>Assertion</tag>
<tag>Getter</tag>
<tag>PageContent</tag>
<doc>Returns the count of elements found with ``selector``.</doc>
<status status="PASS" starttime="20210508 12:02:34.485" endtime="20210508 12:02:34.508"/>
</kw>
<status status="PASS" starttime="20210508 12:02:34.454" endtime="20210508 12:02:34.508"/>
</kw>
<kw name="Take Screenshot" library="Browser" type="TEARDOWN">
<tag>PageContent</tag>
<doc>Takes a screenshot of the current window and saves it to ``path``. Saves it as a png.</doc>
<msg timestamp="20210508 12:02:34.610" level="INFO" html="true">&lt;/td&gt;&lt;/tr&gt;&lt;tr&gt;&lt;td colspan="3"&gt;&lt;a href="browser/screenshot/robotframework-browser-screenshot-1.png"&gt;&lt;img src="browser/screenshot/robotframework-browser-screenshot-1.png" width="800px"&gt;&lt;/a&gt;</msg>
<status status="PASS" starttime="20210508 12:02:34.509" endtime="20210508 12:02:34.610"/>
</kw>
<status status="PASS" starttime="20210508 12:02:27.085" endtime="20210508 12:02:34.611"/>
</test>
<test id="s1-s1-t2" name="Cenario: Deve buscar por categoria">
<kw name="Start Session" library="base" type="SETUP">
<kw name="New Browser" library="Browser">
<arg>${browser}</arg>
<arg>${headless}</arg>
<tag>BrowserControl</tag>
<tag>Setter</tag>
<doc>Create a new playwright Browser with specified options.
See `Browser, Context and Page` for more information about Browser and related concepts.</doc>
<msg timestamp="20210508 12:02:34.688" level="INFO">{"browser": "firefox", "headless": true, "handleSIGINT": true, "handleSIGTERM": true, "handleSIGHUP": true, "timeout": 30000.0, "devtools": false, "slowMo": 0.0}</msg>
<msg timestamp="20210508 12:02:36.024" level="INFO">Successfully created browser with options: {"browser":"firefox","headless":true,"handleSIGINT":true,"handleSIGTERM":true,"handleSIGHUP":true,"timeout":30000,"devtools":false,"slowMo":0}</msg>
<status status="PASS" starttime="20210508 12:02:34.687" endtime="20210508 12:02:36.024"/>
</kw>
<kw name="New Page" library="Browser">
<arg>https://parodifood.qaninja.academy</arg>
<tag>BrowserControl</tag>
<tag>Setter</tag>
<doc>Open a new Page. A Page is the Playwright equivalent to a tab.
See `Browser, Context and Page` for more information about Page concept.
Returns a stable identifier for the created page.</doc>
<msg timestamp="20210508 12:02:39.208" level="INFO">Successfully initialized new page object and opened url: https://parodifood.qaninja.academy</msg>
<status status="PASS" starttime="20210508 12:02:36.025" endtime="20210508 12:02:39.209"/>
</kw>
<kw name="Get Text" library="Browser">
<arg>span</arg>
<arg>contains</arg>
<arg>Nunca foi tão engraçado pedir comida</arg>
<tag>Assertion</tag>
<tag>Getter</tag>
<tag>PageContent</tag>
<doc>Returns text attribute of the element found by ``selector``.
See the `Finding elements` section for details about the selectors.</doc>
<status status="PASS" starttime="20210508 12:02:39.209" endtime="20210508 12:02:39.341"/>
</kw>
<status status="PASS" starttime="20210508 12:02:34.686" endtime="20210508 12:02:39.342"/>
</kw>
<kw name="Go To Restaurants" library="search">
<kw name="Click" library="Browser">
<arg>text=Estou com fome!</arg>
<tag>PageContent</tag>
<tag>Setter</tag>
<doc>Simulates mouse click on the element found by ``selector``.</doc>
<status status="PASS" starttime="20210508 12:02:39.343" endtime="20210508 12:02:39.547"/>
</kw>
<kw name="Get Text" library="Browser">
<arg>h1 strong</arg>
<arg>contains</arg>
<arg>Ta na hora de matar a fome!</arg>
<tag>Assertion</tag>
<tag>Getter</tag>
<tag>PageContent</tag>
<doc>Returns text attribute of the element found by ``selector``.
See the `Finding elements` section for details about the selectors.</doc>
<status status="PASS" starttime="20210508 12:02:39.548" endtime="20210508 12:02:39.601"/>
</kw>
<status status="PASS" starttime="20210508 12:02:39.343" endtime="20210508 12:02:39.602"/>
</kw>
<kw name="Search By" library="search">
<arg>Cafe</arg>
<kw name="Click" library="Browser">
<arg>css=.search-link</arg>
<tag>PageContent</tag>
<tag>Setter</tag>
<doc>Simulates mouse click on the element found by ``selector``.</doc>
<status status="PASS" starttime="20210508 12:02:39.605" endtime="20210508 12:02:39.720"/>
</kw>
<kw name="Fill Text" library="Browser">
<arg>css=input[formcontrolname="searchControl"]</arg>
<arg>${value}</arg>
<tag>PageContent</tag>
<tag>Setter</tag>
<doc>Clears and fills the given ``text`` into the text field found by ``selector``.</doc>
<msg timestamp="20210508 12:02:39.721" level="INFO">Fills the text 'Cafe' in the given field.</msg>
<status status="PASS" starttime="20210508 12:02:39.720" endtime="20210508 12:02:39.783"/>
</kw>
<status status="PASS" starttime="20210508 12:02:39.604" endtime="20210508 12:02:39.784"/>
</kw>
<kw name="Restaurant Should Be visible" library="search">
<arg>STARBUGS COFFEE</arg>
<kw name="Wait For Elements State" library="Browser">
<arg>${DIV_BOX_RESTAURANT}</arg>
<arg>visible</arg>
<arg>${DEFAULT_TIMEOUT}</arg>
<tag>PageContent</tag>
<tag>Wait</tag>
<doc>Waits for the element found by ``selector`` to satisfy state option.</doc>
<msg timestamp="20210508 12:02:40.468" level="INFO">Wait for Element with selector: css=div[class="place-info-box"][style="opacity: 1;"]</msg>
<status status="PASS" starttime="20210508 12:02:39.785" endtime="20210508 12:02:40.468"/>
</kw>
<kw name="Get Text" library="Browser">
<arg>css=.place-info-box</arg>
<arg>contains</arg>
<arg>${name}</arg>
<tag>Assertion</tag>
<tag>Getter</tag>
<tag>PageContent</tag>
<doc>Returns text attribute of the element found by ``selector``.
See the `Finding elements` section for details about the selectors.</doc>
<status status="PASS" starttime="20210508 12:02:40.469" endtime="20210508 12:02:40.528"/>
</kw>
<status status="PASS" starttime="20210508 12:02:39.784" endtime="20210508 12:02:40.528"/>
</kw>
<kw name="Take Screenshot" library="Browser" type="TEARDOWN">
<tag>PageContent</tag>
<doc>Takes a screenshot of the current window and saves it to ``path``. Saves it as a png.</doc>
<msg timestamp="20210508 12:02:40.665" level="INFO" html="true">&lt;/td&gt;&lt;/tr&gt;&lt;tr&gt;&lt;td colspan="3"&gt;&lt;a href="browser/screenshot/robotframework-browser-screenshot-2.png"&gt;&lt;img src="browser/screenshot/robotframework-browser-screenshot-2.png" width="800px"&gt;&lt;/a&gt;</msg>
<status status="PASS" starttime="20210508 12:02:40.529" endtime="20210508 12:02:40.665"/>
</kw>
<status status="PASS" starttime="20210508 12:02:34.681" endtime="20210508 12:02:40.666"/>
</test>
<test id="s1-s1-t3" name="Cenario: Deve retornar todos os restaurantes">
<kw name="Start Session" library="base" type="SETUP">
<kw name="New Browser" library="Browser">
<arg>${browser}</arg>
<arg>${headless}</arg>
<tag>BrowserControl</tag>
<tag>Setter</tag>
<doc>Create a new playwright Browser with specified options.
See `Browser, Context and Page` for more information about Browser and related concepts.</doc>
<msg timestamp="20210508 12:02:40.734" level="INFO">{"browser": "firefox", "headless": true, "handleSIGINT": true, "handleSIGTERM": true, "handleSIGHUP": true, "timeout": 30000.0, "devtools": false, "slowMo": 0.0}</msg>
<msg timestamp="20210508 12:02:42.079" level="INFO">Successfully created browser with options: {"browser":"firefox","headless":true,"handleSIGINT":true,"handleSIGTERM":true,"handleSIGHUP":true,"timeout":30000,"devtools":false,"slowMo":0}</msg>
<status status="PASS" starttime="20210508 12:02:40.734" endtime="20210508 12:02:42.080"/>
</kw>
<kw name="New Page" library="Browser">
<arg>https://parodifood.qaninja.academy</arg>
<tag>BrowserControl</tag>
<tag>Setter</tag>
<doc>Open a new Page. A Page is the Playwright equivalent to a tab.
See `Browser, Context and Page` for more information about Page concept.
Returns a stable identifier for the created page.</doc>
<msg timestamp="20210508 12:02:45.280" level="INFO">Successfully initialized new page object and opened url: https://parodifood.qaninja.academy</msg>
<status status="PASS" starttime="20210508 12:02:42.080" endtime="20210508 12:02:45.280"/>
</kw>
<kw name="Get Text" library="Browser">
<arg>span</arg>
<arg>contains</arg>
<arg>Nunca foi tão engraçado pedir comida</arg>
<tag>Assertion</tag>
<tag>Getter</tag>
<tag>PageContent</tag>
<doc>Returns text attribute of the element found by ``selector``.
See the `Finding elements` section for details about the selectors.</doc>
<status status="PASS" starttime="20210508 12:02:45.281" endtime="20210508 12:02:45.434"/>
</kw>
<status status="PASS" starttime="20210508 12:02:40.733" endtime="20210508 12:02:45.435"/>
</kw>
<kw name="Go To Restaurants" library="search">
<kw name="Click" library="Browser">
<arg>text=Estou com fome!</arg>
<tag>PageContent</tag>
<tag>Setter</tag>
<doc>Simulates mouse click on the element found by ``selector``.</doc>
<status status="PASS" starttime="20210508 12:02:45.436" endtime="20210508 12:02:45.617"/>
</kw>
<kw name="Get Text" library="Browser">
<arg>h1 strong</arg>
<arg>contains</arg>
<arg>Ta na hora de matar a fome!</arg>
<tag>Assertion</tag>
<tag>Getter</tag>
<tag>PageContent</tag>
<doc>Returns text attribute of the element found by ``selector``.
See the `Finding elements` section for details about the selectors.</doc>
<status status="PASS" starttime="20210508 12:02:45.617" endtime="20210508 12:02:45.678"/>
</kw>
<status status="PASS" starttime="20210508 12:02:45.435" endtime="20210508 12:02:45.679"/>
</kw>
<kw name="Search By" library="search">
<arg>a</arg>
<kw name="Click" library="Browser">
<arg>css=.search-link</arg>
<tag>PageContent</tag>
<tag>Setter</tag>
<doc>Simulates mouse click on the element found by ``selector``.</doc>
<status status="PASS" starttime="20210508 12:02:45.680" endtime="20210508 12:02:45.791"/>
</kw>
<kw name="Fill Text" library="Browser">
<arg>css=input[formcontrolname="searchControl"]</arg>
<arg>${value}</arg>
<tag>PageContent</tag>
<tag>Setter</tag>
<doc>Clears and fills the given ``text`` into the text field found by ``selector``.</doc>
<msg timestamp="20210508 12:02:45.793" level="INFO">Fills the text 'a' in the given field.</msg>
<status status="PASS" starttime="20210508 12:02:45.792" endtime="20210508 12:02:45.873"/>
</kw>
<status status="PASS" starttime="20210508 12:02:45.679" endtime="20210508 12:02:45.874"/>
</kw>
<kw name="Restaurant Count Should Be" library="search">
<arg>5</arg>
<kw name="Wait For Elements State" library="Browser">
<arg>${DIV_BOX_RESTAURANT}</arg>
<arg>visible</arg>
<arg>${DEFAULT_TIMEOUT}</arg>
<tag>PageContent</tag>
<tag>Wait</tag>
<doc>Waits for the element found by ``selector`` to satisfy state option.</doc>
<msg timestamp="20210508 12:02:46.910" level="INFO">Wait for Element with selector: css=div[class="place-info-box"][style="opacity: 1;"]</msg>
<status status="PASS" starttime="20210508 12:02:45.875" endtime="20210508 12:02:46.911"/>
</kw>
<kw name="Get Element Count" library="Browser">
<arg>css=.place-info-box</arg>
<arg>equal</arg>
<arg>${qdt}</arg>
<tag>Assertion</tag>
<tag>Getter</tag>
<tag>PageContent</tag>
<doc>Returns the count of elements found with ``selector``.</doc>
<status status="PASS" starttime="20210508 12:02:46.912" endtime="20210508 12:02:46.937"/>
</kw>
<status status="PASS" starttime="20210508 12:02:45.874" endtime="20210508 12:02:46.938"/>
</kw>
<kw name="Take Screenshot" library="Browser" type="TEARDOWN">
<tag>PageContent</tag>
<doc>Takes a screenshot of the current window and saves it to ``path``. Saves it as a png.</doc>
<msg timestamp="20210508 12:02:47.210" level="INFO" html="true">&lt;/td&gt;&lt;/tr&gt;&lt;tr&gt;&lt;td colspan="3"&gt;&lt;a href="browser/screenshot/robotframework-browser-screenshot-3.png"&gt;&lt;img src="browser/screenshot/robotframework-browser-screenshot-3.png" width="800px"&gt;&lt;/a&gt;</msg>
<status status="PASS" starttime="20210508 12:02:46.939" endtime="20210508 12:02:47.210"/>
</kw>
<status status="PASS" starttime="20210508 12:02:40.728" endtime="20210508 12:02:47.210"/>
</test>
<status status="PASS" starttime="20210508 12:02:26.315" endtime="20210508 12:02:47.280"/>
</suite>
<suite id="s1-s2" name="Carrinho" source="/home/edson/workspace/courses/qa_ninja/robot_framework/parodifood/tests/carrinho.robot">
<test id="s1-s2-t1" name="Cenario: Deve adicionar um item ao carrinho">
<kw name="Start Session" library="base" type="SETUP">
<kw name="New Browser" library="Browser">
<arg>${browser}</arg>
<arg>${headless}</arg>
<tag>BrowserControl</tag>
<tag>Setter</tag>
<doc>Create a new playwright Browser with specified options.
See `Browser, Context and Page` for more information about Browser and related concepts.</doc>
<msg timestamp="20210508 12:02:47.321" level="INFO">{"browser": "firefox", "headless": true, "handleSIGINT": true, "handleSIGTERM": true, "handleSIGHUP": true, "timeout": 30000.0, "devtools": false, "slowMo": 0.0}</msg>
<msg timestamp="20210508 12:02:48.710" level="INFO">Successfully created browser with options: {"browser":"firefox","headless":true,"handleSIGINT":true,"handleSIGTERM":true,"handleSIGHUP":true,"timeout":30000,"devtools":false,"slowMo":0}</msg>
<status status="PASS" starttime="20210508 12:02:47.320" endtime="20210508 12:02:48.710"/>
</kw>
<kw name="New Page" library="Browser">
<arg>https://parodifood.qaninja.academy</arg>
<tag>BrowserControl</tag>
<tag>Setter</tag>
<doc>Open a new Page. A Page is the Playwright equivalent to a tab.
See `Browser, Context and Page` for more information about Page concept.
Returns a stable identifier for the created page.</doc>
<msg timestamp="20210508 12:02:52.123" level="INFO">Successfully initialized new page object and opened url: https://parodifood.qaninja.academy</msg>
<status status="PASS" starttime="20210508 12:02:48.711" endtime="20210508 12:02:52.124"/>
</kw>
<kw name="Get Text" library="Browser">
<arg>span</arg>
<arg>contains</arg>
<arg>Nunca foi tão engraçado pedir comida</arg>
<tag>Assertion</tag>
<tag>Getter</tag>
<tag>PageContent</tag>
<doc>Returns text attribute of the element found by ``selector``.
See the `Finding elements` section for details about the selectors.</doc>
<status status="PASS" starttime="20210508 12:02:52.124" endtime="20210508 12:02:52.275"/>
</kw>
<status status="PASS" starttime="20210508 12:02:47.319" endtime="20210508 12:02:52.276"/>
</kw>
<kw name="Create Dictionary" library="BuiltIn">
<var>&amp;{restaurant}</var>
<arg>restaurant=STARBUGS COFFEE</arg>
<arg>desc=Nada melhor que um café pra te ajudar a resolver um bug.</arg>
<doc>Creates and returns a dictionary based on the given ``items``.</doc>
<msg timestamp="20210508 12:02:52.278" level="INFO">&amp;{restaurant} = { restaurant=STARBUGS COFFEE | desc=Nada melhor que um café pra te ajudar a resolver um bug. }</msg>
<status status="PASS" starttime="20210508 12:02:52.276" endtime="20210508 12:02:52.278"/>
</kw>
<kw name="Go To Restaurants" library="search">
<kw name="Click" library="Browser">
<arg>text=Estou com fome!</arg>
<tag>PageContent</tag>
<tag>Setter</tag>
<doc>Simulates mouse click on the element found by ``selector``.</doc>
<status status="PASS" starttime="20210508 12:02:52.279" endtime="20210508 12:02:52.475"/>
</kw>
<kw name="Get Text" library="Browser">
<arg>h1 strong</arg>
<arg>contains</arg>
<arg>Ta na hora de matar a fome!</arg>
<tag>Assertion</tag>
<tag>Getter</tag>
<tag>PageContent</tag>
<doc>Returns text attribute of the element found by ``selector``.
See the `Finding elements` section for details about the selectors.</doc>
<status status="PASS" starttime="20210508 12:02:52.476" endtime="20210508 12:02:52.535"/>
</kw>
<status status="PASS" starttime="20210508 12:02:52.278" endtime="20210508 12:02:52.536"/>
</kw>
<kw name="Choose Restaurant" library="search">
<arg>${restaurant}</arg>
<kw name="Click" library="Browser">
<arg>text=${super_var["restaurant"]}</arg>
<tag>PageContent</tag>
<tag>Setter</tag>
<doc>Simulates mouse click on the element found by ``selector``.</doc>
<status status="PASS" starttime="20210508 12:02:52.537" endtime="20210508 12:02:53.498"/>
</kw>
<kw name="Wait For Elements State" library="Browser">
<arg>css=#detail</arg>
<arg>visible</arg>
<arg>${DEFAULT_TIMEOUT}</arg>
<tag>PageContent</tag>
<tag>Wait</tag>
<doc>Waits for the element found by ``selector`` to satisfy state option.</doc>
<msg timestamp="20210508 12:02:53.533" level="INFO">Wait for Element with selector: css=#detail</msg>
<status status="PASS" starttime="20210508 12:02:53.499" endtime="20210508 12:02:53.534"/>
</kw>
<kw name="Get Text" library="Browser">
<arg>css=#detail</arg>
<arg>contains</arg>
<arg>${super_var["desc"]}</arg>
<tag>Assertion</tag>
<tag>Getter</tag>
<tag>PageContent</tag>
<doc>Returns text attribute of the element found by ``selector``.
See the `Finding elements` section for details about the selectors.</doc>
<status status="PASS" starttime="20210508 12:02:53.534" endtime="20210508 12:02:53.699"/>
</kw>
<status status="PASS" starttime="20210508 12:02:52.536" endtime="20210508 12:02:53.700"/>
</kw>
<kw name="Add to Cart" library="cart">
<arg>Starbugs 500 error</arg>
<kw name="Click" library="Browser">
<arg>xpath=//span[text()="${name}"]/..//a[@class="add-to-cart"]</arg>
<tag>PageContent</tag>
<tag>Setter</tag>
<doc>Simulates mouse click on the element found by ``selector``.</doc>
<status status="PASS" starttime="20210508 12:02:53.701" endtime="20210508 12:02:54.323"/>
</kw>
<status status="PASS" starttime="20210508 12:02:53.700" endtime="20210508 12:02:54.324"/>
</kw>
<kw name="Should Add to Cart" library="cart">
<arg>Starbugs 500 error</arg>
<kw name="Wait For Elements State" library="Browser">
<arg>css=#cart tr &gt;&gt; text=${name}</arg>
<arg>visible</arg>
<arg>${DEFAULT_TIMEOUT}</arg>
<tag>PageContent</tag>
<tag>Wait</tag>
<doc>Waits for the element found by ``selector`` to satisfy state option.</doc>
<msg timestamp="20210508 12:02:54.363" level="INFO">Wait for Element with selector: css=#cart tr &gt;&gt; text=Starbugs 500 error</msg>
<status status="PASS" starttime="20210508 12:02:54.326" endtime="20210508 12:02:54.364"/>
</kw>
<status status="PASS" starttime="20210508 12:02:54.325" endtime="20210508 12:02:54.364"/>
</kw>
<kw name="Total Cart Should Be" library="cart">
<arg>15,60</arg>
<kw name="Log" library="BuiltIn">
<arg>${total}</arg>
<doc>Logs the given message with the given level.</doc>
<msg timestamp="20210508 12:02:54.365" level="INFO">15,60</msg>
<status status="PASS" starttime="20210508 12:02:54.365" endtime="20210508 12:02:54.366"/>
</kw>
<kw name="Get Text" library="Browser">
<arg>xpath=//th[contains(text(),"Total")]/..//td</arg>
<arg>contains</arg>
<arg>${total}</arg>
<tag>Assertion</tag>
<tag>Getter</tag>
<tag>PageContent</tag>
<doc>Returns text attribute of the element found by ``selector``.
See the `Finding elements` section for details about the selectors.</doc>
<status status="PASS" starttime="20210508 12:02:54.366" endtime="20210508 12:02:54.431"/>
</kw>
<status status="PASS" starttime="20210508 12:02:54.364" endtime="20210508 12:02:54.432"/>
</kw>
<kw name="Take Screenshot" library="Browser" type="TEARDOWN">
<tag>PageContent</tag>
<doc>Takes a screenshot of the current window and saves it to ``path``. Saves it as a png.</doc>
<msg timestamp="20210508 12:02:54.602" level="INFO" html="true">&lt;/td&gt;&lt;/tr&gt;&lt;tr&gt;&lt;td colspan="3"&gt;&lt;a href="browser/screenshot/robotframework-browser-screenshot-1.png"&gt;&lt;img src="browser/screenshot/robotframework-browser-screenshot-1.png" width="800px"&gt;&lt;/a&gt;</msg>
<status status="PASS" starttime="20210508 12:02:54.432" endtime="20210508 12:02:54.603"/>
</kw>
<status status="PASS" starttime="20210508 12:02:47.312" endtime="20210508 12:02:54.603"/>
</test>
<test id="s1-s2-t2" name="Cenario: Deve adicionar os 3 itens no carrinho">
<kw name="Start Session" library="base" type="SETUP">
<kw name="New Browser" library="Browser">
<arg>${browser}</arg>
<arg>${headless}</arg>
<tag>BrowserControl</tag>
<tag>Setter</tag>
<doc>Create a new playwright Browser with specified options.
See `Browser, Context and Page` for more information about Browser and related concepts.</doc>
<msg timestamp="20210508 12:02:54.704" level="INFO">{"browser": "firefox", "headless": true, "handleSIGINT": true, "handleSIGTERM": true, "handleSIGHUP": true, "timeout": 30000.0, "devtools": false, "slowMo": 0.0}</msg>
<msg timestamp="20210508 12:02:56.027" level="INFO">Successfully created browser with options: {"browser":"firefox","headless":true,"handleSIGINT":true,"handleSIGTERM":true,"handleSIGHUP":true,"timeout":30000,"devtools":false,"slowMo":0}</msg>
<status status="PASS" starttime="20210508 12:02:54.703" endtime="20210508 12:02:56.028"/>
</kw>
<kw name="New Page" library="Browser">
<arg>https://parodifood.qaninja.academy</arg>
<tag>BrowserControl</tag>
<tag>Setter</tag>
<doc>Open a new Page. A Page is the Playwright equivalent to a tab.
See `Browser, Context and Page` for more information about Page concept.
Returns a stable identifier for the created page.</doc>
<msg timestamp="20210508 12:02:59.462" level="INFO">Successfully initialized new page object and opened url: https://parodifood.qaninja.academy</msg>
<status status="PASS" starttime="20210508 12:02:56.028" endtime="20210508 12:02:59.462"/>
</kw>
<kw name="Get Text" library="Browser">
<arg>span</arg>
<arg>contains</arg>
<arg>Nunca foi tão engraçado pedir comida</arg>
<tag>Assertion</tag>
<tag>Getter</tag>
<tag>PageContent</tag>
<doc>Returns text attribute of the element found by ``selector``.
See the `Finding elements` section for details about the selectors.</doc>
<status status="PASS" starttime="20210508 12:02:59.463" endtime="20210508 12:02:59.693"/>
</kw>
<status status="PASS" starttime="20210508 12:02:54.702" endtime="20210508 12:02:59.693"/>
</kw>
<kw name="Get Json" library="base">
<var>${cart_json}</var>
<arg>cart.json</arg>
<kw name="Get File" library="OperatingSystem">
<var>${file}</var>
<arg>${EXECDIR}/resources/fixtures/${file_name}</arg>
<doc>Returns the contents of a specified file.</doc>
<msg timestamp="20210508 12:02:59.696" level="INFO" html="true">Getting file '&lt;a href="file:///home/edson/workspace/courses/qa_ninja/robot_framework/parodifood/resources/fixtures/cart.json"&gt;/home/edson/workspace/courses/qa_ninja/robot_framework/parodifood/resources/fixtures/cart.json&lt;/a&gt;'.</msg>
<msg timestamp="20210508 12:02:59.696" level="INFO">${file} = {
    "restaurant":"STARBUGS COFFEE",
    "desc":"Nada melhor que um café pra te ajudar a resolver um bug.",
    "products":[
        {"name":"Cappuccino com Chantilly"},
        {"name":"Super Espres...</msg>
<status status="PASS" starttime="20210508 12:02:59.695" endtime="20210508 12:02:59.696"/>
</kw>
<kw name="Evaluate" library="BuiltIn">
<var>${super_var}</var>
<arg>json.loads($file)</arg>
<arg>json</arg>
<doc>Evaluates the given expression in Python and returns the result.</doc>
<msg timestamp="20210508 12:02:59.707" level="INFO">${super_var} = {'restaurant': 'STARBUGS COFFEE', 'desc': 'Nada melhor que um café pra te ajudar a resolver um bug.', 'products': [{'name': 'Cappuccino com Chantilly'}, {'name': 'Super Espreso'}, {'name': 'Starbugs 5...</msg>
<status status="PASS" starttime="20210508 12:02:59.697" endtime="20210508 12:02:59.708"/>
</kw>
<msg timestamp="20210508 12:02:59.708" level="INFO">${cart_json} = {'restaurant': 'STARBUGS COFFEE', 'desc': 'Nada melhor que um café pra te ajudar a resolver um bug.', 'products': [{'name': 'Cappuccino com Chantilly'}, {'name': 'Super Espreso'}, {'name': 'Starbugs 5...</msg>
<status status="PASS" starttime="20210508 12:02:59.694" endtime="20210508 12:02:59.708"/>
</kw>
<kw name="Go To Restaurants" library="search">
<kw name="Click" library="Browser">
<arg>text=Estou com fome!</arg>
<tag>PageContent</tag>
<tag>Setter</tag>
<doc>Simulates mouse click on the element found by ``selector``.</doc>
<status status="PASS" starttime="20210508 12:02:59.709" endtime="20210508 12:02:59.917"/>
</kw>
<kw name="Get Text" library="Browser">
<arg>h1 strong</arg>
<arg>contains</arg>
<arg>Ta na hora de matar a fome!</arg>
<tag>Assertion</tag>
<tag>Getter</tag>
<tag>PageContent</tag>
<doc>Returns text attribute of the element found by ``selector``.
See the `Finding elements` section for details about the selectors.</doc>
<status status="PASS" starttime="20210508 12:02:59.918" endtime="20210508 12:02:59.996"/>
</kw>
<status status="PASS" starttime="20210508 12:02:59.708" endtime="20210508 12:02:59.997"/>
</kw>
<kw name="Choose Restaurant" library="search">
<arg>${cart_json}</arg>
<kw name="Click" library="Browser">
<arg>text=${super_var["restaurant"]}</arg>
<tag>PageContent</tag>
<tag>Setter</tag>
<doc>Simulates mouse click on the element found by ``selector``.</doc>
<status status="PASS" starttime="20210508 12:02:59.999" endtime="20210508 12:03:01.054"/>
</kw>
<kw name="Wait For Elements State" library="Browser">
<arg>css=#detail</arg>
<arg>visible</arg>
<arg>${DEFAULT_TIMEOUT}</arg>
<tag>PageContent</tag>
<tag>Wait</tag>
<doc>Waits for the element found by ``selector`` to satisfy state option.</doc>
<msg timestamp="20210508 12:03:01.086" level="INFO">Wait for Element with selector: css=#detail</msg>
<status status="PASS" starttime="20210508 12:03:01.054" endtime="20210508 12:03:01.086"/>
</kw>
<kw name="Get Text" library="Browser">
<arg>css=#detail</arg>
<arg>contains</arg>
<arg>${super_var["desc"]}</arg>
<tag>Assertion</tag>
<tag>Getter</tag>
<tag>PageContent</tag>
<doc>Returns text attribute of the element found by ``selector``.
See the `Finding elements` section for details about the selectors.</doc>
<status status="PASS" starttime="20210508 12:03:01.087" endtime="20210508 12:03:01.286"/>
</kw>
<status status="PASS" starttime="20210508 12:02:59.997" endtime="20210508 12:03:01.286"/>
</kw>
<for flavor="IN">
<var>${product}</var>
<value>@{cart_json["products"]}</value>
<iter>
<var name="${product}">{'name': 'Cappuccino com Chantilly'}</var>
<kw name="Add to Cart" library="cart">
<arg>${product["name"]}</arg>
<kw name="Click" library="Browser">
<arg>xpath=//span[text()="${name}"]/..//a[@class="add-to-cart"]</arg>
<tag>PageContent</tag>
<tag>Setter</tag>
<doc>Simulates mouse click on the element found by ``selector``.</doc>
<status status="PASS" starttime="20210508 12:03:01.291" endtime="20210508 12:03:01.800"/>
</kw>
<status status="PASS" starttime="20210508 12:03:01.289" endtime="20210508 12:03:01.801"/>
</kw>
<kw name="Should Add to Cart" library="cart">
<arg>${product["name"]}</arg>
<kw name="Wait For Elements State" library="Browser">
<arg>css=#cart tr &gt;&gt; text=${name}</arg>
<arg>visible</arg>
<arg>${DEFAULT_TIMEOUT}</arg>
<tag>PageContent</tag>
<tag>Wait</tag>
<doc>Waits for the element found by ``selector`` to satisfy state option.</doc>
<msg timestamp="20210508 12:03:01.836" level="INFO">Wait for Element with selector: css=#cart tr &gt;&gt; text=Cappuccino com Chantilly</msg>
<status status="PASS" starttime="20210508 12:03:01.804" endtime="20210508 12:03:01.836"/>
</kw>
<status status="PASS" starttime="20210508 12:03:01.801" endtime="20210508 12:03:01.836"/>
</kw>
<status status="PASS" starttime="20210508 12:03:01.288" endtime="20210508 12:03:01.836"/>
</iter>
<iter>
<var name="${product}">{'name': 'Super Espreso'}</var>
<kw name="Add to Cart" library="cart">
<arg>${product["name"]}</arg>
<kw name="Click" library="Browser">
<arg>xpath=//span[text()="${name}"]/..//a[@class="add-to-cart"]</arg>
<tag>PageContent</tag>
<tag>Setter</tag>
<doc>Simulates mouse click on the element found by ``selector``.</doc>
<status status="PASS" starttime="20210508 12:03:01.840" endtime="20210508 12:03:01.960"/>
</kw>
<status status="PASS" starttime="20210508 12:03:01.837" endtime="20210508 12:03:01.961"/>
</kw>
<kw name="Should Add to Cart" library="cart">
<arg>${product["name"]}</arg>
<kw name="Wait For Elements State" library="Browser">
<arg>css=#cart tr &gt;&gt; text=${name}</arg>
<arg>visible</arg>
<arg>${DEFAULT_TIMEOUT}</arg>
<tag>PageContent</tag>
<tag>Wait</tag>
<doc>Waits for the element found by ``selector`` to satisfy state option.</doc>
<msg timestamp="20210508 12:03:02.006" level="INFO">Wait for Element with selector: css=#cart tr &gt;&gt; text=Super Espreso</msg>
<status status="PASS" starttime="20210508 12:03:01.965" endtime="20210508 12:03:02.007"/>
</kw>
<status status="PASS" starttime="20210508 12:03:01.961" endtime="20210508 12:03:02.007"/>
</kw>
<status status="PASS" starttime="20210508 12:03:01.837" endtime="20210508 12:03:02.007"/>
</iter>
<iter>
<var name="${product}">{'name': 'Starbugs 500 error'}</var>
<kw name="Add to Cart" library="cart">
<arg>${product["name"]}</arg>
<kw name="Click" library="Browser">
<arg>xpath=//span[text()="${name}"]/..//a[@class="add-to-cart"]</arg>
<tag>PageContent</tag>
<tag>Setter</tag>
<doc>Simulates mouse click on the element found by ``selector``.</doc>
<status status="PASS" starttime="20210508 12:03:02.010" endtime="20210508 12:03:02.115"/>
</kw>
<status status="PASS" starttime="20210508 12:03:02.008" endtime="20210508 12:03:02.115"/>
</kw>
<kw name="Should Add to Cart" library="cart">
<arg>${product["name"]}</arg>
<kw name="Wait For Elements State" library="Browser">
<arg>css=#cart tr &gt;&gt; text=${name}</arg>
<arg>visible</arg>
<arg>${DEFAULT_TIMEOUT}</arg>
<tag>PageContent</tag>
<tag>Wait</tag>
<doc>Waits for the element found by ``selector`` to satisfy state option.</doc>
<msg timestamp="20210508 12:03:02.151" level="INFO">Wait for Element with selector: css=#cart tr &gt;&gt; text=Starbugs 500 error</msg>
<status status="PASS" starttime="20210508 12:03:02.118" endtime="20210508 12:03:02.151"/>
</kw>
<status status="PASS" starttime="20210508 12:03:02.115" endtime="20210508 12:03:02.152"/>
</kw>
<status status="PASS" starttime="20210508 12:03:02.007" endtime="20210508 12:03:02.152"/>
</iter>
<status status="PASS" starttime="20210508 12:03:01.287" endtime="20210508 12:03:02.152"/>
</for>
<kw name="Total Cart Should Be" library="cart">
<arg>${cart_json["total"]}</arg>
<kw name="Log" library="BuiltIn">
<arg>${total}</arg>
<doc>Logs the given message with the given level.</doc>
<msg timestamp="20210508 12:03:02.157" level="INFO">38,00</msg>
<status status="PASS" starttime="20210508 12:03:02.156" endtime="20210508 12:03:02.157"/>
</kw>
<kw name="Get Text" library="Browser">
<arg>xpath=//th[contains(text(),"Total")]/..//td</arg>
<arg>contains</arg>
<arg>${total}</arg>
<tag>Assertion</tag>
<tag>Getter</tag>
<tag>PageContent</tag>
<doc>Returns text attribute of the element found by ``selector``.
See the `Finding elements` section for details about the selectors.</doc>
<status status="PASS" starttime="20210508 12:03:02.157" endtime="20210508 12:03:02.229"/>
</kw>
<status status="PASS" starttime="20210508 12:03:02.153" endtime="20210508 12:03:02.230"/>
</kw>
<kw name="Take Screenshot" library="Browser" type="TEARDOWN">
<tag>PageContent</tag>
<doc>Takes a screenshot of the current window and saves it to ``path``. Saves it as a png.</doc>
<msg timestamp="20210508 12:03:02.395" level="INFO" html="true">&lt;/td&gt;&lt;/tr&gt;&lt;tr&gt;&lt;td colspan="3"&gt;&lt;a href="browser/screenshot/robotframework-browser-screenshot-2.png"&gt;&lt;img src="browser/screenshot/robotframework-browser-screenshot-2.png" width="800px"&gt;&lt;/a&gt;</msg>
<status status="PASS" starttime="20210508 12:03:02.230" endtime="20210508 12:03:02.395"/>
</kw>
<tag>temp</tag>
<status status="PASS" starttime="20210508 12:02:54.698" endtime="20210508 12:03:02.395"/>
</test>
<status status="PASS" starttime="20210508 12:02:47.288" endtime="20210508 12:03:02.462"/>
</suite>
<suite id="s1-s3" name="Pedido" source="/home/edson/workspace/courses/qa_ninja/robot_framework/parodifood/tests/pedido.robot">
<test id="s1-s3-t1" name="Ceanrio: Deve realizar um novo pedido em Dinheiro">
<kw name="Start Session" library="base" type="SETUP">
<kw name="New Browser" library="Browser">
<arg>${browser}</arg>
<arg>${headless}</arg>
<tag>BrowserControl</tag>
<tag>Setter</tag>
<doc>Create a new playwright Browser with specified options.
See `Browser, Context and Page` for more information about Browser and related concepts.</doc>
<msg timestamp="20210508 12:03:02.492" level="INFO">{"browser": "firefox", "headless": true, "handleSIGINT": true, "handleSIGTERM": true, "handleSIGHUP": true, "timeout": 30000.0, "devtools": false, "slowMo": 0.0}</msg>
<msg timestamp="20210508 12:03:03.958" level="INFO">Successfully created browser with options: {"browser":"firefox","headless":true,"handleSIGINT":true,"handleSIGTERM":true,"handleSIGHUP":true,"timeout":30000,"devtools":false,"slowMo":0}</msg>
<status status="PASS" starttime="20210508 12:03:02.490" endtime="20210508 12:03:03.958"/>
</kw>
<kw name="New Page" library="Browser">
<arg>https://parodifood.qaninja.academy</arg>
<tag>BrowserControl</tag>
<tag>Setter</tag>
<doc>Open a new Page. A Page is the Playwright equivalent to a tab.
See `Browser, Context and Page` for more information about Page concept.
Returns a stable identifier for the created page.</doc>
<msg timestamp="20210508 12:03:07.410" level="INFO">Successfully initialized new page object and opened url: https://parodifood.qaninja.academy</msg>
<status status="PASS" starttime="20210508 12:03:03.959" endtime="20210508 12:03:07.410"/>
</kw>
<kw name="Get Text" library="Browser">
<arg>span</arg>
<arg>contains</arg>
<arg>Nunca foi tão engraçado pedir comida</arg>
<tag>Assertion</tag>
<tag>Getter</tag>
<tag>PageContent</tag>
<doc>Returns text attribute of the element found by ``selector``.
See the `Finding elements` section for details about the selectors.</doc>
<status status="PASS" starttime="20210508 12:03:07.411" endtime="20210508 12:03:07.545"/>
</kw>
<status status="PASS" starttime="20210508 12:03:02.489" endtime="20210508 12:03:07.545"/>
</kw>
<kw name="Get Json" library="base">
<var>${order_json}</var>
<arg>order.json</arg>
<kw name="Get File" library="OperatingSystem">
<var>${file}</var>
<arg>${EXECDIR}/resources/fixtures/${file_name}</arg>
<doc>Returns the contents of a specified file.</doc>
<msg timestamp="20210508 12:03:07.547" level="INFO" html="true">Getting file '&lt;a href="file:///home/edson/workspace/courses/qa_ninja/robot_framework/parodifood/resources/fixtures/order.json"&gt;/home/edson/workspace/courses/qa_ninja/robot_framework/parodifood/resources/fixtures/order.json&lt;/a&gt;'.</msg>
<msg timestamp="20210508 12:03:07.548" level="INFO">${file} = {
    "restaurant":"DEBUGER KING",
    "desc":"40 anos se especializando em trash food.",
    "products":[
        {"name":"Woopper Burger"},
        {"name":"Batatas Fritas"},
        {"name":"Refrig...</msg>
<status status="PASS" starttime="20210508 12:03:07.547" endtime="20210508 12:03:07.548"/>
</kw>
<kw name="Evaluate" library="BuiltIn">
<var>${super_var}</var>
<arg>json.loads($file)</arg>
<arg>json</arg>
<doc>Evaluates the given expression in Python and returns the result.</doc>
<msg timestamp="20210508 12:03:07.550" level="INFO">${super_var} = {'restaurant': 'DEBUGER KING', 'desc': '40 anos se especializando em trash food.', 'products': [{'name': 'Woopper Burger'}, {'name': 'Batatas Fritas'}, {'name': 'Refrigerante'}], 'total': '28,50', 'cu...</msg>
<status status="PASS" starttime="20210508 12:03:07.548" endtime="20210508 12:03:07.550"/>
</kw>
<msg timestamp="20210508 12:03:07.551" level="INFO">${order_json} = {'restaurant': 'DEBUGER KING', 'desc': '40 anos se especializando em trash food.', 'products': [{'name': 'Woopper Burger'}, {'name': 'Batatas Fritas'}, {'name': 'Refrigerante'}], 'total': '28,50', 'cu...</msg>
<status status="PASS" starttime="20210508 12:03:07.546" endtime="20210508 12:03:07.551"/>
</kw>
<kw name="Go To Restaurants" library="search">
<kw name="Click" library="Browser">
<arg>text=Estou com fome!</arg>
<tag>PageContent</tag>
<tag>Setter</tag>
<doc>Simulates mouse click on the element found by ``selector``.</doc>
<status status="PASS" starttime="20210508 12:03:07.553" endtime="20210508 12:03:07.755"/>
</kw>
<kw name="Get Text" library="Browser">
<arg>h1 strong</arg>
<arg>contains</arg>
<arg>Ta na hora de matar a fome!</arg>
<tag>Assertion</tag>
<tag>Getter</tag>
<tag>PageContent</tag>
<doc>Returns text attribute of the element found by ``selector``.
See the `Finding elements` section for details about the selectors.</doc>
<status status="PASS" starttime="20210508 12:03:07.755" endtime="20210508 12:03:07.822"/>
</kw>
<status status="PASS" starttime="20210508 12:03:07.551" endtime="20210508 12:03:07.822"/>
</kw>
<kw name="Choose Restaurant" library="search">
<arg>${order_json}</arg>
<kw name="Click" library="Browser">
<arg>text=${super_var["restaurant"]}</arg>
<tag>PageContent</tag>
<tag>Setter</tag>
<doc>Simulates mouse click on the element found by ``selector``.</doc>
<status status="PASS" starttime="20210508 12:03:07.824" endtime="20210508 12:03:08.981"/>
</kw>
<kw name="Wait For Elements State" library="Browser">
<arg>css=#detail</arg>
<arg>visible</arg>
<arg>${DEFAULT_TIMEOUT}</arg>
<tag>PageContent</tag>
<tag>Wait</tag>
<doc>Waits for the element found by ``selector`` to satisfy state option.</doc>
<msg timestamp="20210508 12:03:09.039" level="INFO">Wait for Element with selector: css=#detail</msg>
<status status="PASS" starttime="20210508 12:03:08.981" endtime="20210508 12:03:09.039"/>
</kw>
<kw name="Get Text" library="Browser">
<arg>css=#detail</arg>
<arg>contains</arg>
<arg>${super_var["desc"]}</arg>
<tag>Assertion</tag>
<tag>Getter</tag>
<tag>PageContent</tag>
<doc>Returns text attribute of the element found by ``selector``.
See the `Finding elements` section for details about the selectors.</doc>
<status status="PASS" starttime="20210508 12:03:09.040" endtime="20210508 12:03:09.132"/>
</kw>
<status status="PASS" starttime="20210508 12:03:07.823" endtime="20210508 12:03:09.132"/>
</kw>
<for flavor="IN">
<var>${product}</var>
<value>@{order_json["products"]}</value>
<iter>
<var name="${product}">{'name': 'Woopper Burger'}</var>
<kw name="Add to Cart" library="cart">
<arg>${product["name"]}</arg>
<kw name="Click" library="Browser">
<arg>xpath=//span[text()="${name}"]/..//a[@class="add-to-cart"]</arg>
<tag>PageContent</tag>
<tag>Setter</tag>
<doc>Simulates mouse click on the element found by ``selector``.</doc>
<status status="PASS" starttime="20210508 12:03:09.137" endtime="20210508 12:03:09.776"/>
</kw>
<status status="PASS" starttime="20210508 12:03:09.134" endtime="20210508 12:03:09.777"/>
</kw>
<kw name="Should Add to Cart" library="cart">
<arg>${product["name"]}</arg>
<kw name="Wait For Elements State" library="Browser">
<arg>css=#cart tr &gt;&gt; text=${name}</arg>
<arg>visible</arg>
<arg>${DEFAULT_TIMEOUT}</arg>
<tag>PageContent</tag>
<tag>Wait</tag>
<doc>Waits for the element found by ``selector`` to satisfy state option.</doc>
<msg timestamp="20210508 12:03:09.813" level="INFO">Wait for Element with selector: css=#cart tr &gt;&gt; text=Woopper Burger</msg>
<status status="PASS" starttime="20210508 12:03:09.780" endtime="20210508 12:03:09.813"/>
</kw>
<status status="PASS" starttime="20210508 12:03:09.777" endtime="20210508 12:03:09.813"/>
</kw>
<status status="PASS" starttime="20210508 12:03:09.134" endtime="20210508 12:03:09.814"/>
</iter>
<iter>
<var name="${product}">{'name': 'Batatas Fritas'}</var>
<kw name="Add to Cart" library="cart">
<arg>${product["name"]}</arg>
<kw name="Click" library="Browser">
<arg>xpath=//span[text()="${name}"]/..//a[@class="add-to-cart"]</arg>
<tag>PageContent</tag>
<tag>Setter</tag>
<doc>Simulates mouse click on the element found by ``selector``.</doc>
<status status="PASS" starttime="20210508 12:03:09.816" endtime="20210508 12:03:09.949"/>
</kw>
<status status="PASS" starttime="20210508 12:03:09.814" endtime="20210508 12:03:09.949"/>
</kw>
<kw name="Should Add to Cart" library="cart">
<arg>${product["name"]}</arg>
<kw name="Wait For Elements State" library="Browser">
<arg>css=#cart tr &gt;&gt; text=${name}</arg>
<arg>visible</arg>
<arg>${DEFAULT_TIMEOUT}</arg>
<tag>PageContent</tag>
<tag>Wait</tag>
<doc>Waits for the element found by ``selector`` to satisfy state option.</doc>
<msg timestamp="20210508 12:03:10.028" level="INFO">Wait for Element with selector: css=#cart tr &gt;&gt; text=Batatas Fritas</msg>
<status status="PASS" starttime="20210508 12:03:09.951" endtime="20210508 12:03:10.028"/>
</kw>
<status status="PASS" starttime="20210508 12:03:09.949" endtime="20210508 12:03:10.029"/>
</kw>
<status status="PASS" starttime="20210508 12:03:09.814" endtime="20210508 12:03:10.029"/>
</iter>
<iter>
<var name="${product}">{'name': 'Refrigerante'}</var>
<kw name="Add to Cart" library="cart">
<arg>${product["name"]}</arg>
<kw name="Click" library="Browser">
<arg>xpath=//span[text()="${name}"]/..//a[@class="add-to-cart"]</arg>
<tag>PageContent</tag>
<tag>Setter</tag>
<doc>Simulates mouse click on the element found by ``selector``.</doc>
<status status="PASS" starttime="20210508 12:03:10.032" endtime="20210508 12:03:10.259"/>
</kw>
<status status="PASS" starttime="20210508 12:03:10.029" endtime="20210508 12:03:10.259"/>
</kw>
<kw name="Should Add to Cart" library="cart">
<arg>${product["name"]}</arg>
<kw name="Wait For Elements State" library="Browser">
<arg>css=#cart tr &gt;&gt; text=${name}</arg>
<arg>visible</arg>
<arg>${DEFAULT_TIMEOUT}</arg>
<tag>PageContent</tag>
<tag>Wait</tag>
<doc>Waits for the element found by ``selector`` to satisfy state option.</doc>
<msg timestamp="20210508 12:03:10.316" level="INFO">Wait for Element with selector: css=#cart tr &gt;&gt; text=Refrigerante</msg>
<status status="PASS" starttime="20210508 12:03:10.261" endtime="20210508 12:03:10.316"/>
</kw>
<status status="PASS" starttime="20210508 12:03:10.260" endtime="20210508 12:03:10.316"/>
</kw>
<status status="PASS" starttime="20210508 12:03:10.029" endtime="20210508 12:03:10.316"/>
</iter>
<status status="PASS" starttime="20210508 12:03:09.132" endtime="20210508 12:03:10.316"/>
</for>
<kw name="Go Checkout" library="order">
<kw name="Click" library="Browser">
<arg>text=Fechar pedido</arg>
<tag>PageContent</tag>
<tag>Setter</tag>
<doc>Simulates mouse click on the element found by ``selector``.</doc>
<status status="PASS" starttime="20210508 12:03:10.318" endtime="20210508 12:03:10.571"/>
</kw>
<kw name="Set Variable" library="BuiltIn">
<var>${element}</var>
<arg>css=.page-header</arg>
<doc>Returns the given values which can then be assigned to a variables.</doc>
<msg timestamp="20210508 12:03:10.573" level="INFO">${element} = css=.page-header</msg>
<status status="PASS" starttime="20210508 12:03:10.572" endtime="20210508 12:03:10.573"/>
</kw>
<kw name="Wait For Elements State" library="Browser">
<arg>${element}</arg>
<arg>visible</arg>
<arg>${DEFAULT_TIMEOUT}</arg>
<tag>PageContent</tag>
<tag>Wait</tag>
<doc>Waits for the element found by ``selector`` to satisfy state option.</doc>
<msg timestamp="20210508 12:03:10.607" level="INFO">Wait for Element with selector: css=.page-header</msg>
<status status="PASS" starttime="20210508 12:03:10.573" endtime="20210508 12:03:10.607"/>
</kw>
<kw name="Get Text" library="Browser">
<arg>${element}</arg>
<arg>contains</arg>
<arg>Finalize o seu pedido</arg>
<tag>Assertion</tag>
<tag>Getter</tag>
<tag>PageContent</tag>
<doc>Returns text attribute of the element found by ``selector``.
See the `Finding elements` section for details about the selectors.</doc>
<status status="PASS" starttime="20210508 12:03:10.608" endtime="20210508 12:03:10.659"/>
</kw>
<status status="PASS" starttime="20210508 12:03:10.317" endtime="20210508 12:03:10.659"/>
</kw>
<kw name="Fill Data Customer" library="order">
<arg>${order_json["customer"]}</arg>
<kw name="Fill Text" library="Browser">
<arg>css=input[placeholder="Nome"]</arg>
<arg>${customer["name"]}</arg>
<tag>PageContent</tag>
<tag>Setter</tag>
<doc>Clears and fills the given ``text`` into the text field found by ``selector``.</doc>
<msg timestamp="20210508 12:03:10.663" level="INFO">Fills the text 'Edson José' in the given field.</msg>
<status status="PASS" starttime="20210508 12:03:10.662" endtime="20210508 12:03:10.740"/>
</kw>
<kw name="Fill Text" library="Browser">
<arg>css=input[placeholder="E-mail"]</arg>
<arg>${customer["email"]}</arg>
<tag>PageContent</tag>
<tag>Setter</tag>
<doc>Clears and fills the given ``text`` into the text field found by ``selector``.</doc>
<msg timestamp="20210508 12:03:10.743" level="INFO">Fills the text 'edson@theotokus.com' in the given field.</msg>
<status status="PASS" starttime="20210508 12:03:10.741" endtime="20210508 12:03:10.852"/>
</kw>
<kw name="Fill Text" library="Browser">
<arg>css=input[placeholder^="Confirmação"]</arg>
<arg>${customer["email"]}</arg>
<tag>PageContent</tag>
<tag>Setter</tag>
<doc>Clears and fills the given ``text`` into the text field found by ``selector``.</doc>
<msg timestamp="20210508 12:03:10.854" level="INFO">Fills the text 'edson@theotokus.com' in the given field.</msg>
<status status="PASS" starttime="20210508 12:03:10.852" endtime="20210508 12:03:10.928"/>
</kw>
<kw name="Fill Text" library="Browser">
<arg>css=input[placeholder="Endereço"]</arg>
<arg>${customer["address"]}</arg>
<tag>PageContent</tag>
<tag>Setter</tag>
<doc>Clears and fills the given ``text`` into the text field found by ``selector``.</doc>
<msg timestamp="20210508 12:03:10.930" level="INFO">Fills the text 'Rua Xpto' in the given field.</msg>
<status status="PASS" starttime="20210508 12:03:10.929" endtime="20210508 12:03:10.997"/>
</kw>
<kw name="Fill Text" library="Browser">
<arg>css=input[placeholder="Número"]</arg>
<arg>${customer["number"]}</arg>
<tag>PageContent</tag>
<tag>Setter</tag>
<doc>Clears and fills the given ``text`` into the text field found by ``selector``.</doc>
<msg timestamp="20210508 12:03:11.000" level="INFO">Fills the text '33' in the given field.</msg>
<status status="PASS" starttime="20210508 12:03:10.998" endtime="20210508 12:03:11.115"/>
</kw>
<status status="PASS" starttime="20210508 12:03:10.659" endtime="20210508 12:03:11.116"/>
</kw>
<kw name="Select Payment Option" library="order">
<arg>${order_json["payment"]}</arg>
<if>
<branch type="IF" condition="&quot;${payment}&quot; == &quot;Dinheiro&quot;">
<kw name="Click" library="Browser">
<arg>xpath=(//mt-radio//label)[1]//div</arg>
<tag>PageContent</tag>
<tag>Setter</tag>
<doc>Simulates mouse click on the element found by ``selector``.</doc>
<status status="PASS" starttime="20210508 12:03:11.119" endtime="20210508 12:03:11.237"/>
</kw>
<status status="PASS" starttime="20210508 12:03:11.118" endtime="20210508 12:03:11.237"/>
</branch>
<branch type="ELSE IF" condition="&quot;${payment}&quot; == &quot;Cartão de Débito&quot;">
<kw name="Click" library="Browser">
<arg>xpath=(//mt-radio//label)[2]//div</arg>
<tag>PageContent</tag>
<tag>Setter</tag>
<doc>Simulates mouse click on the element found by ``selector``.</doc>
<status status="NOT RUN" starttime="20210508 12:03:11.238" endtime="20210508 12:03:11.238"/>
</kw>
<status status="NOT RUN" starttime="20210508 12:03:11.238" endtime="20210508 12:03:11.238"/>
</branch>
<branch type="ELSE IF" condition="&quot;${payment}&quot; == &quot;Cartão de Refeição&quot;">
<kw name="Click" library="Browser">
<arg>xpath=(//mt-radio//label)[3]//div</arg>
<tag>PageContent</tag>
<tag>Setter</tag>
<doc>Simulates mouse click on the element found by ``selector``.</doc>
<status status="NOT RUN" starttime="20210508 12:03:11.238" endtime="20210508 12:03:11.239"/>
</kw>
<status status="NOT RUN" starttime="20210508 12:03:11.238" endtime="20210508 12:03:11.239"/>
</branch>
<branch type="ELSE">
<kw name="Fail" library="BuiltIn">
<arg>Incorret payment type</arg>
<doc>Fails the test with the given message and optionally alters its tags.</doc>
<status status="NOT RUN" starttime="20210508 12:03:11.239" endtime="20210508 12:03:11.239"/>
</kw>
<status status="NOT RUN" starttime="20210508 12:03:11.239" endtime="20210508 12:03:11.239"/>
</branch>
<status status="PASS" starttime="20210508 12:03:11.118" endtime="20210508 12:03:11.239"/>
</if>
<status status="PASS" starttime="20210508 12:03:11.116" endtime="20210508 12:03:11.240"/>
</kw>
<kw name="Pay Order" library="order">
<kw name="Click" library="Browser">
<arg>text=Concluir pedido</arg>
<tag>PageContent</tag>
<tag>Setter</tag>
<doc>Simulates mouse click on the element found by ``selector``.</doc>
<status status="PASS" starttime="20210508 12:03:11.241" endtime="20210508 12:03:11.392"/>
</kw>
<status status="PASS" starttime="20210508 12:03:11.240" endtime="20210508 12:03:11.393"/>
</kw>
<kw name="Order Should Be Completed" library="order">
<kw name="Wait For Elements State" library="Browser">
<arg>css=p &gt;&gt; text=Seu pedido foi recebido pelo restaurante.</arg>
<arg>visible</arg>
<arg>${DEFAULT_TIMEOUT}</arg>
<tag>PageContent</tag>
<tag>Wait</tag>
<doc>Waits for the element found by ``selector`` to satisfy state option.</doc>
<msg timestamp="20210508 12:03:11.739" level="INFO">Wait for Element with selector: css=p &gt;&gt; text=Seu pedido foi recebido pelo restaurante.</msg>
<status status="PASS" starttime="20210508 12:03:11.394" endtime="20210508 12:03:11.740"/>
</kw>
<status status="PASS" starttime="20210508 12:03:11.393" endtime="20210508 12:03:11.740"/>
</kw>
<kw name="Take Screenshot" library="Browser" type="TEARDOWN">
<tag>PageContent</tag>
<doc>Takes a screenshot of the current window and saves it to ``path``. Saves it as a png.</doc>
<msg timestamp="20210508 12:03:11.847" level="INFO" html="true">&lt;/td&gt;&lt;/tr&gt;&lt;tr&gt;&lt;td colspan="3"&gt;&lt;a href="browser/screenshot/robotframework-browser-screenshot-3.png"&gt;&lt;img src="browser/screenshot/robotframework-browser-screenshot-3.png" width="800px"&gt;&lt;/a&gt;</msg>
<status status="PASS" starttime="20210508 12:03:11.741" endtime="20210508 12:03:11.847"/>
</kw>
<status status="PASS" starttime="20210508 12:03:02.484" endtime="20210508 12:03:11.848"/>
</test>
<status status="PASS" starttime="20210508 12:03:02.472" endtime="20210508 12:03:11.932"/>
</suite>
<status status="PASS" starttime="20210508 12:02:26.284" endtime="20210508 12:03:11.940"/>
</suite>
<statistics>
<total>
<stat pass="6" fail="0" skip="0">All Tests</stat>
</total>
<tag>
<stat pass="1" fail="0" skip="0">temp</stat>
</tag>
<suite>
<stat pass="6" fail="0" skip="0" id="s1" name="Tests">Tests</stat>
<stat pass="3" fail="0" skip="0" id="s1-s1" name="Busca">Tests.Busca</stat>
<stat pass="2" fail="0" skip="0" id="s1-s2" name="Carrinho">Tests.Carrinho</stat>
<stat pass="1" fail="0" skip="0" id="s1-s3" name="Pedido">Tests.Pedido</stat>
</suite>
</statistics>
<errors>
</errors>
</robot>
