<?xml version="1.0" encoding="UTF-8"?>
<robot generator="Robot 4.0 (Python 3.8.5 on linux)" generated="20210506 17:24:51.802" rpa="false" schemaversion="2">
<suite id="s1" name="Carrinho" source="/home/edson/workspace/courses/qa_ninja/robot_framework/parodifood/tests/carrinho.robot">
<test id="s1-t1" name="Cenario: Deve adicionar os 3 itens no carrinho">
<kw name="Start Session" library="base" type="SETUP">
<kw name="New Browser" library="Browser">
<arg>chromium</arg>
<arg>false</arg>
<tag>BrowserControl</tag>
<tag>Setter</tag>
<doc>Create a new playwright Browser with specified options.
See `Browser, Context and Page` for more information about Browser and related concepts.</doc>
<msg timestamp="20210506 17:24:52.567" level="INFO">{"browser": "chromium", "headless": false, "handleSIGINT": true, "handleSIGTERM": true, "handleSIGHUP": true, "timeout": 30000.0, "devtools": false, "slowMo": 0.0}</msg>
<msg timestamp="20210506 17:24:52.976" level="INFO">Successfully created browser with options: {"browser":"chromium","headless":false,"handleSIGINT":true,"handleSIGTERM":true,"handleSIGHUP":true,"timeout":30000,"devtools":false,"slowMo":0}</msg>
<status status="PASS" starttime="20210506 17:24:52.566" endtime="20210506 17:24:52.977"/>
</kw>
<kw name="New Page" library="Browser">
<arg>https://parodifood.qaninja.academy</arg>
<tag>BrowserControl</tag>
<tag>Setter</tag>
<doc>Open a new Page. A Page is the Playwright equivalent to a tab.
See `Browser, Context and Page` for more information about Page concept.
Returns a stable identifier for the created page.</doc>
<msg timestamp="20210506 17:24:55.311" level="INFO">Successfully initialized new page object and opened url: https://parodifood.qaninja.academy</msg>
<status status="PASS" starttime="20210506 17:24:52.977" endtime="20210506 17:24:55.311"/>
</kw>
<kw name="Get Text" library="Browser">
<arg>span</arg>
<arg>contains</arg>
<arg>Nunca foi tão engraçado pedir comida</arg>
<tag>Assertion</tag>
<tag>Getter</tag>
<tag>PageContent</tag>
<doc>Returns text attribute of the element found by ``selector``.
See the `Finding elements` section for details about the selectors.</doc>
<status status="PASS" starttime="20210506 17:24:55.312" endtime="20210506 17:24:55.460"/>
</kw>
<status status="PASS" starttime="20210506 17:24:52.564" endtime="20210506 17:24:55.460"/>
</kw>
<kw name="Get Json" library="base">
<var>${cart_json}</var>
<arg>cart.json</arg>
<kw name="Get File" library="OperatingSystem">
<var>${file}</var>
<arg>${EXECDIR}/resources/fixtures/${file_name}</arg>
<doc>Returns the contents of a specified file.</doc>
<msg timestamp="20210506 17:24:55.463" level="INFO" html="true">Getting file '&lt;a href="file:///home/edson/workspace/courses/qa_ninja/robot_framework/parodifood/resources/fixtures/cart.json"&gt;/home/edson/workspace/courses/qa_ninja/robot_framework/parodifood/resources/fixtures/cart.json&lt;/a&gt;'.</msg>
<msg timestamp="20210506 17:24:55.463" level="INFO">${file} = {
    "restaurant":"STARBUGS COFFEE",
    "desc":"Nada melhor que um café pra te ajudar a resolver um bug.",
    "products":[
        {"name":"Cappuccino com Chantilly"},
        {"name":"Super Espres...</msg>
<status status="PASS" starttime="20210506 17:24:55.462" endtime="20210506 17:24:55.464"/>
</kw>
<kw name="Evaluate" library="BuiltIn">
<var>${super_var}</var>
<arg>json.loads($file)</arg>
<arg>json</arg>
<doc>Evaluates the given expression in Python and returns the result.</doc>
<msg timestamp="20210506 17:24:55.474" level="INFO">${super_var} = {'restaurant': 'STARBUGS COFFEE', 'desc': 'Nada melhor que um café pra te ajudar a resolver um bug.', 'products': [{'name': 'Cappuccino com Chantilly'}, {'name': 'Super Espreso'}, {'name': 'Starbugs 5...</msg>
<status status="PASS" starttime="20210506 17:24:55.464" endtime="20210506 17:24:55.474"/>
</kw>
<msg timestamp="20210506 17:24:55.475" level="INFO">${cart_json} = {'restaurant': 'STARBUGS COFFEE', 'desc': 'Nada melhor que um café pra te ajudar a resolver um bug.', 'products': [{'name': 'Cappuccino com Chantilly'}, {'name': 'Super Espreso'}, {'name': 'Starbugs 5...</msg>
<status status="PASS" starttime="20210506 17:24:55.460" endtime="20210506 17:24:55.475"/>
</kw>
<kw name="Go To Restaurants" library="search">
<kw name="Click" library="Browser">
<arg>text=Estou com fome!</arg>
<tag>PageContent</tag>
<tag>Setter</tag>
<doc>Simulates mouse click on the element found by ``selector``.</doc>
<status status="PASS" starttime="20210506 17:24:55.477" endtime="20210506 17:24:55.690"/>
</kw>
<kw name="Get Text" library="Browser">
<arg>h1 strong</arg>
<arg>contains</arg>
<arg>Ta na hora de matar a fome!</arg>
<tag>Assertion</tag>
<tag>Getter</tag>
<tag>PageContent</tag>
<doc>Returns text attribute of the element found by ``selector``.
See the `Finding elements` section for details about the selectors.</doc>
<status status="PASS" starttime="20210506 17:24:55.691" endtime="20210506 17:24:55.730"/>
</kw>
<status status="PASS" starttime="20210506 17:24:55.476" endtime="20210506 17:24:55.730"/>
</kw>
<kw name="Choose Restaurant" library="cart">
<arg>${cart_json}</arg>
<kw name="Click" library="Browser">
<arg>text=${super_var["restaurant"]}</arg>
<tag>PageContent</tag>
<tag>Setter</tag>
<doc>Simulates mouse click on the element found by ``selector``.</doc>
<status status="PASS" starttime="20210506 17:24:55.732" endtime="20210506 17:24:56.815"/>
</kw>
<kw name="Wait For Elements State" library="Browser">
<arg>css=#detail</arg>
<arg>visible</arg>
<arg>10</arg>
<tag>PageContent</tag>
<tag>Wait</tag>
<doc>Waits for the element found by ``selector`` to satisfy state option.</doc>
<msg timestamp="20210506 17:24:56.841" level="INFO">Wait for Element with selector: css=#detail</msg>
<status status="PASS" starttime="20210506 17:24:56.815" endtime="20210506 17:24:56.841"/>
</kw>
<kw name="Get Text" library="Browser">
<arg>css=#detail</arg>
<arg>contains</arg>
<arg>${super_var["desc"]}</arg>
<tag>Assertion</tag>
<tag>Getter</tag>
<tag>PageContent</tag>
<doc>Returns text attribute of the element found by ``selector``.
See the `Finding elements` section for details about the selectors.</doc>
<status status="PASS" starttime="20210506 17:24:56.841" endtime="20210506 17:24:57.013"/>
</kw>
<status status="PASS" starttime="20210506 17:24:55.731" endtime="20210506 17:24:57.013"/>
</kw>
<for flavor="IN">
<var>${product}</var>
<value>@{cart_json["products"]}</value>
<iter>
<var name="${product}">{'name': 'Cappuccino com Chantilly'}</var>
<kw name="Add to Cart" library="cart">
<arg>${product["name"]}</arg>
<kw name="Click" library="Browser">
<arg>xpath=//span[text()="${name}"]/..//a[@class="add-to-cart"]</arg>
<tag>PageContent</tag>
<tag>Setter</tag>
<doc>Simulates mouse click on the element found by ``selector``.</doc>
<status status="PASS" starttime="20210506 17:24:57.018" endtime="20210506 17:24:57.341"/>
</kw>
<status status="PASS" starttime="20210506 17:24:57.016" endtime="20210506 17:24:57.342"/>
</kw>
<kw name="Should Add to Cart" library="cart">
<arg>${product["name"]}</arg>
<kw name="Wait For Elements State" library="Browser">
<arg>css=#cart tr &gt;&gt; text=${name}</arg>
<arg>visible</arg>
<arg>5</arg>
<tag>PageContent</tag>
<tag>Wait</tag>
<doc>Waits for the element found by ``selector`` to satisfy state option.</doc>
<msg timestamp="20210506 17:24:57.362" level="INFO">Wait for Element with selector: css=#cart tr &gt;&gt; text=Cappuccino com Chantilly</msg>
<status status="PASS" starttime="20210506 17:24:57.344" endtime="20210506 17:24:57.362"/>
</kw>
<status status="PASS" starttime="20210506 17:24:57.342" endtime="20210506 17:24:57.362"/>
</kw>
<status status="PASS" starttime="20210506 17:24:57.015" endtime="20210506 17:24:57.363"/>
</iter>
<iter>
<var name="${product}">{'name': 'Super Espreso'}</var>
<kw name="Add to Cart" library="cart">
<arg>${product["name"]}</arg>
<kw name="Click" library="Browser">
<arg>xpath=//span[text()="${name}"]/..//a[@class="add-to-cart"]</arg>
<tag>PageContent</tag>
<tag>Setter</tag>
<doc>Simulates mouse click on the element found by ``selector``.</doc>
<status status="PASS" starttime="20210506 17:24:57.365" endtime="20210506 17:24:57.428"/>
</kw>
<status status="PASS" starttime="20210506 17:24:57.363" endtime="20210506 17:24:57.428"/>
</kw>
<kw name="Should Add to Cart" library="cart">
<arg>${product["name"]}</arg>
<kw name="Wait For Elements State" library="Browser">
<arg>css=#cart tr &gt;&gt; text=${name}</arg>
<arg>visible</arg>
<arg>5</arg>
<tag>PageContent</tag>
<tag>Wait</tag>
<doc>Waits for the element found by ``selector`` to satisfy state option.</doc>
<msg timestamp="20210506 17:24:57.454" level="INFO">Wait for Element with selector: css=#cart tr &gt;&gt; text=Super Espreso</msg>
<status status="PASS" starttime="20210506 17:24:57.431" endtime="20210506 17:24:57.454"/>
</kw>
<status status="PASS" starttime="20210506 17:24:57.429" endtime="20210506 17:24:57.455"/>
</kw>
<status status="PASS" starttime="20210506 17:24:57.363" endtime="20210506 17:24:57.455"/>
</iter>
<iter>
<var name="${product}">{'name': 'Starbugs 500 error'}</var>
<kw name="Add to Cart" library="cart">
<arg>${product["name"]}</arg>
<kw name="Click" library="Browser">
<arg>xpath=//span[text()="${name}"]/..//a[@class="add-to-cart"]</arg>
<tag>PageContent</tag>
<tag>Setter</tag>
<doc>Simulates mouse click on the element found by ``selector``.</doc>
<status status="PASS" starttime="20210506 17:24:57.456" endtime="20210506 17:24:57.531"/>
</kw>
<status status="PASS" starttime="20210506 17:24:57.455" endtime="20210506 17:24:57.531"/>
</kw>
<kw name="Should Add to Cart" library="cart">
<arg>${product["name"]}</arg>
<kw name="Wait For Elements State" library="Browser">
<arg>css=#cart tr &gt;&gt; text=${name}</arg>
<arg>visible</arg>
<arg>5</arg>
<tag>PageContent</tag>
<tag>Wait</tag>
<doc>Waits for the element found by ``selector`` to satisfy state option.</doc>
<msg timestamp="20210506 17:24:57.553" level="INFO">Wait for Element with selector: css=#cart tr &gt;&gt; text=Starbugs 500 error</msg>
<status status="PASS" starttime="20210506 17:24:57.534" endtime="20210506 17:24:57.553"/>
</kw>
<status status="PASS" starttime="20210506 17:24:57.532" endtime="20210506 17:24:57.554"/>
</kw>
<status status="PASS" starttime="20210506 17:24:57.455" endtime="20210506 17:24:57.554"/>
</iter>
<status status="PASS" starttime="20210506 17:24:57.014" endtime="20210506 17:24:57.554"/>
</for>
<kw name="Total Cart Should Be" library="cart">
<arg>${cart_json["total"]}</arg>
<kw name="Get Text" library="Browser">
<arg>xpath=//th[contains(text(),"Total")]/..//td</arg>
<arg>contains</arg>
<arg>${total}</arg>
<tag>Assertion</tag>
<tag>Getter</tag>
<tag>PageContent</tag>
<doc>Returns text attribute of the element found by ``selector``.
See the `Finding elements` section for details about the selectors.</doc>
<status status="PASS" starttime="20210506 17:24:57.556" endtime="20210506 17:24:57.606"/>
</kw>
<status status="PASS" starttime="20210506 17:24:57.554" endtime="20210506 17:24:57.607"/>
</kw>
<kw name="Take Screenshot" library="Browser" type="TEARDOWN">
<tag>PageContent</tag>
<doc>Takes a screenshot of the current window and saves it to ``path``. Saves it as a png.</doc>
<msg timestamp="20210506 17:24:57.863" level="INFO" html="true">&lt;/td&gt;&lt;/tr&gt;&lt;tr&gt;&lt;td colspan="3"&gt;&lt;a href="browser/screenshot/robotframework-browser-screenshot-1.png"&gt;&lt;img src="browser/screenshot/robotframework-browser-screenshot-1.png" width="800px"&gt;&lt;/a&gt;</msg>
<status status="PASS" starttime="20210506 17:24:57.607" endtime="20210506 17:24:57.864"/>
</kw>
<tag>temp</tag>
<status status="PASS" starttime="20210506 17:24:52.559" endtime="20210506 17:24:57.864"/>
</test>
<status status="PASS" starttime="20210506 17:24:51.804" endtime="20210506 17:24:58.033"/>
</suite>
<statistics>
<total>
<stat pass="1" fail="0" skip="0">All Tests</stat>
</total>
<tag>
<stat pass="1" fail="0" skip="0">temp</stat>
</tag>
<suite>
<stat pass="1" fail="0" skip="0" id="s1" name="Carrinho">Carrinho</stat>
</suite>
</statistics>
<errors>
</errors>
</robot>
