<?xml version="1.0" encoding="UTF-8"?>
<robot generator="Robot 4.0 (Python 3.8.5 on linux)" generated="20210506 17:19:45.498" rpa="false" schemaversion="2">
<suite id="s1" name="Carrinho" source="/home/edson/workspace/courses/qa_ninja/robot_framework/parodifood/tests/carrinho.robot">
<test id="s1-t1" name="Cenario: Deve adicionar os 3 itens no carrinho">
<kw name="Start Session" library="base" type="SETUP">
<kw name="New Browser" library="Browser">
<arg>chromium</arg>
<arg>false</arg>
<tag>BrowserControl</tag>
<tag>Setter</tag>
<doc>Create a new playwright Browser with specified options.
See `Browser, Context and Page` for more information about Browser and related concepts.</doc>
<msg timestamp="20210506 17:19:46.270" level="INFO">{"browser": "chromium", "headless": false, "handleSIGINT": true, "handleSIGTERM": true, "handleSIGHUP": true, "timeout": 30000.0, "devtools": false, "slowMo": 0.0}</msg>
<msg timestamp="20210506 17:19:46.709" level="INFO">Successfully created browser with options: {"browser":"chromium","headless":false,"handleSIGINT":true,"handleSIGTERM":true,"handleSIGHUP":true,"timeout":30000,"devtools":false,"slowMo":0}</msg>
<status status="PASS" starttime="20210506 17:19:46.269" endtime="20210506 17:19:46.709"/>
</kw>
<kw name="New Page" library="Browser">
<arg>https://parodifood.qaninja.academy</arg>
<tag>BrowserControl</tag>
<tag>Setter</tag>
<doc>Open a new Page. A Page is the Playwright equivalent to a tab.
See `Browser, Context and Page` for more information about Page concept.
Returns a stable identifier for the created page.</doc>
<msg timestamp="20210506 17:19:49.024" level="INFO">Successfully initialized new page object and opened url: https://parodifood.qaninja.academy</msg>
<status status="PASS" starttime="20210506 17:19:46.709" endtime="20210506 17:19:49.024"/>
</kw>
<kw name="Get Text" library="Browser">
<arg>span</arg>
<arg>contains</arg>
<arg>Nunca foi tão engraçado pedir comida</arg>
<tag>Assertion</tag>
<tag>Getter</tag>
<tag>PageContent</tag>
<doc>Returns text attribute of the element found by ``selector``.
See the `Finding elements` section for details about the selectors.</doc>
<status status="PASS" starttime="20210506 17:19:49.025" endtime="20210506 17:19:49.138"/>
</kw>
<status status="PASS" starttime="20210506 17:19:46.268" endtime="20210506 17:19:49.138"/>
</kw>
<kw name="Get Json" library="base">
<var>${cart_json}</var>
<arg>cart.json</arg>
<kw name="Get File" library="OperatingSystem">
<var>${file}</var>
<arg>${EXECDIR}/resources/fixtures/${file_name}</arg>
<doc>Returns the contents of a specified file.</doc>
<msg timestamp="20210506 17:19:49.140" level="INFO" html="true">Getting file '&lt;a href="file:///home/edson/workspace/courses/qa_ninja/robot_framework/parodifood/resources/fixtures/cart.json"&gt;/home/edson/workspace/courses/qa_ninja/robot_framework/parodifood/resources/fixtures/cart.json&lt;/a&gt;'.</msg>
<msg timestamp="20210506 17:19:49.140" level="INFO">${file} = {
    "restaurant":"STARBUGS COFFEE",
    "desc":"Nada melhor que um café pra te ajudar a resolver um bug.",
    "products":[
        {"name":"Cappuccino com Chantilly"},
        {"name":"Super Espres...</msg>
<status status="PASS" starttime="20210506 17:19:49.139" endtime="20210506 17:19:49.141"/>
</kw>
<kw name="Evaluate" library="BuiltIn">
<var>${super_var}</var>
<arg>json.loads($file)</arg>
<arg>json</arg>
<doc>Evaluates the given expression in Python and returns the result.</doc>
<msg timestamp="20210506 17:19:49.149" level="INFO">${super_var} = {'restaurant': 'STARBUGS COFFEE', 'desc': 'Nada melhor que um café pra te ajudar a resolver um bug.', 'products': [{'name': 'Cappuccino com Chantilly'}, {'name': 'Super Espreso'}, {'name': 'Starbugs 5...</msg>
<status status="PASS" starttime="20210506 17:19:49.141" endtime="20210506 17:19:49.149"/>
</kw>
<msg timestamp="20210506 17:19:49.150" level="INFO">${cart_json} = {'restaurant': 'STARBUGS COFFEE', 'desc': 'Nada melhor que um café pra te ajudar a resolver um bug.', 'products': [{'name': 'Cappuccino com Chantilly'}, {'name': 'Super Espreso'}, {'name': 'Starbugs 5...</msg>
<status status="PASS" starttime="20210506 17:19:49.139" endtime="20210506 17:19:49.150"/>
</kw>
<kw name="Go To Restaurants" library="search">
<kw name="Click" library="Browser">
<arg>text=Estou com fome!</arg>
<tag>PageContent</tag>
<tag>Setter</tag>
<doc>Simulates mouse click on the element found by ``selector``.</doc>
<status status="PASS" starttime="20210506 17:19:49.151" endtime="20210506 17:19:49.329"/>
</kw>
<kw name="Get Text" library="Browser">
<arg>h1 strong</arg>
<arg>contains</arg>
<arg>Ta na hora de matar a fome!</arg>
<tag>Assertion</tag>
<tag>Getter</tag>
<tag>PageContent</tag>
<doc>Returns text attribute of the element found by ``selector``.
See the `Finding elements` section for details about the selectors.</doc>
<status status="PASS" starttime="20210506 17:19:49.329" endtime="20210506 17:19:49.363"/>
</kw>
<status status="PASS" starttime="20210506 17:19:49.150" endtime="20210506 17:19:49.363"/>
</kw>
<kw name="Choose Restaurant">
<arg>${cart_json}</arg>
<kw name="Click" library="Browser">
<arg>text=${super_var["restaurant"]}</arg>
<tag>PageContent</tag>
<tag>Setter</tag>
<doc>Simulates mouse click on the element found by ``selector``.</doc>
<status status="PASS" starttime="20210506 17:19:49.365" endtime="20210506 17:19:50.446"/>
</kw>
<kw name="Wait For Elements State" library="Browser">
<arg>css=#detail</arg>
<arg>visible</arg>
<arg>10</arg>
<tag>PageContent</tag>
<tag>Wait</tag>
<doc>Waits for the element found by ``selector`` to satisfy state option.</doc>
<msg timestamp="20210506 17:19:50.466" level="INFO">Wait for Element with selector: css=#detail</msg>
<status status="PASS" starttime="20210506 17:19:50.446" endtime="20210506 17:19:50.466"/>
</kw>
<kw name="Get Text" library="Browser">
<arg>css=#detail</arg>
<arg>contains</arg>
<arg>${super_var["desc"]}</arg>
<tag>Assertion</tag>
<tag>Getter</tag>
<tag>PageContent</tag>
<doc>Returns text attribute of the element found by ``selector``.
See the `Finding elements` section for details about the selectors.</doc>
<status status="PASS" starttime="20210506 17:19:50.467" endtime="20210506 17:19:50.559"/>
</kw>
<status status="PASS" starttime="20210506 17:19:49.364" endtime="20210506 17:19:50.559"/>
</kw>
<for flavor="IN">
<var>${product}</var>
<value>@{cart_json["products"]}</value>
<iter>
<var name="${product}">{'name': 'Cappuccino com Chantilly'}</var>
<kw name="Add to Cart">
<arg>${product["name"]}</arg>
<kw name="Click" library="Browser">
<arg>xpath=//span[text()="${name}"]/..//a[@class="add-to-cart"]</arg>
<tag>PageContent</tag>
<tag>Setter</tag>
<doc>Simulates mouse click on the element found by ``selector``.</doc>
<status status="PASS" starttime="20210506 17:19:50.563" endtime="20210506 17:19:50.993"/>
</kw>
<status status="PASS" starttime="20210506 17:19:50.561" endtime="20210506 17:19:50.993"/>
</kw>
<kw name="Should Add to Cart">
<arg>${product["name"]}</arg>
<kw name="Wait For Elements State" library="Browser">
<arg>css=#cart tr &gt;&gt; text=${name}</arg>
<arg>visible</arg>
<arg>5</arg>
<tag>PageContent</tag>
<tag>Wait</tag>
<doc>Waits for the element found by ``selector`` to satisfy state option.</doc>
<msg timestamp="20210506 17:19:51.018" level="INFO">Wait for Element with selector: css=#cart tr &gt;&gt; text=Cappuccino com Chantilly</msg>
<status status="PASS" starttime="20210506 17:19:50.996" endtime="20210506 17:19:51.019"/>
</kw>
<status status="PASS" starttime="20210506 17:19:50.994" endtime="20210506 17:19:51.019"/>
</kw>
<status status="PASS" starttime="20210506 17:19:50.561" endtime="20210506 17:19:51.020"/>
</iter>
<iter>
<var name="${product}">{'name': 'Super Espreso'}</var>
<kw name="Add to Cart">
<arg>${product["name"]}</arg>
<kw name="Click" library="Browser">
<arg>xpath=//span[text()="${name}"]/..//a[@class="add-to-cart"]</arg>
<tag>PageContent</tag>
<tag>Setter</tag>
<doc>Simulates mouse click on the element found by ``selector``.</doc>
<status status="PASS" starttime="20210506 17:19:51.022" endtime="20210506 17:19:51.103"/>
</kw>
<status status="PASS" starttime="20210506 17:19:51.020" endtime="20210506 17:19:51.103"/>
</kw>
<kw name="Should Add to Cart">
<arg>${product["name"]}</arg>
<kw name="Wait For Elements State" library="Browser">
<arg>css=#cart tr &gt;&gt; text=${name}</arg>
<arg>visible</arg>
<arg>5</arg>
<tag>PageContent</tag>
<tag>Wait</tag>
<doc>Waits for the element found by ``selector`` to satisfy state option.</doc>
<msg timestamp="20210506 17:19:51.127" level="INFO">Wait for Element with selector: css=#cart tr &gt;&gt; text=Super Espreso</msg>
<status status="PASS" starttime="20210506 17:19:51.107" endtime="20210506 17:19:51.128"/>
</kw>
<status status="PASS" starttime="20210506 17:19:51.104" endtime="20210506 17:19:51.128"/>
</kw>
<status status="PASS" starttime="20210506 17:19:51.020" endtime="20210506 17:19:51.128"/>
</iter>
<iter>
<var name="${product}">{'name': 'Starbugs 500 error'}</var>
<kw name="Add to Cart">
<arg>${product["name"]}</arg>
<kw name="Click" library="Browser">
<arg>xpath=//span[text()="${name}"]/..//a[@class="add-to-cart"]</arg>
<tag>PageContent</tag>
<tag>Setter</tag>
<doc>Simulates mouse click on the element found by ``selector``.</doc>
<status status="PASS" starttime="20210506 17:19:51.130" endtime="20210506 17:19:51.203"/>
</kw>
<status status="PASS" starttime="20210506 17:19:51.128" endtime="20210506 17:19:51.204"/>
</kw>
<kw name="Should Add to Cart">
<arg>${product["name"]}</arg>
<kw name="Wait For Elements State" library="Browser">
<arg>css=#cart tr &gt;&gt; text=${name}</arg>
<arg>visible</arg>
<arg>5</arg>
<tag>PageContent</tag>
<tag>Wait</tag>
<doc>Waits for the element found by ``selector`` to satisfy state option.</doc>
<msg timestamp="20210506 17:19:51.224" level="INFO">Wait for Element with selector: css=#cart tr &gt;&gt; text=Starbugs 500 error</msg>
<status status="PASS" starttime="20210506 17:19:51.206" endtime="20210506 17:19:51.224"/>
</kw>
<status status="PASS" starttime="20210506 17:19:51.204" endtime="20210506 17:19:51.225"/>
</kw>
<status status="PASS" starttime="20210506 17:19:51.128" endtime="20210506 17:19:51.225"/>
</iter>
<status status="PASS" starttime="20210506 17:19:50.559" endtime="20210506 17:19:51.225"/>
</for>
<kw name="Total Cart Should Be">
<arg>${cart_json["total"]}</arg>
<kw name="Get Text" library="Browser">
<arg>xpath=//th[contains(text(),"Total")]/..//td</arg>
<arg>contains</arg>
<arg>${total}</arg>
<tag>Assertion</tag>
<tag>Getter</tag>
<tag>PageContent</tag>
<doc>Returns text attribute of the element found by ``selector``.
See the `Finding elements` section for details about the selectors.</doc>
<status status="PASS" starttime="20210506 17:19:51.228" endtime="20210506 17:19:51.276"/>
</kw>
<status status="PASS" starttime="20210506 17:19:51.225" endtime="20210506 17:19:51.277"/>
</kw>
<kw name="Sleep" library="BuiltIn">
<arg>10</arg>
<doc>Pauses the test executed for the given time.</doc>
<msg timestamp="20210506 17:20:01.278" level="INFO">Slept 10 seconds</msg>
<status status="PASS" starttime="20210506 17:19:51.277" endtime="20210506 17:20:01.279"/>
</kw>
<kw name="Take Screenshot" library="Browser" type="TEARDOWN">
<tag>PageContent</tag>
<doc>Takes a screenshot of the current window and saves it to ``path``. Saves it as a png.</doc>
<msg timestamp="20210506 17:20:01.472" level="INFO" html="true">&lt;/td&gt;&lt;/tr&gt;&lt;tr&gt;&lt;td colspan="3"&gt;&lt;a href="browser/screenshot/robotframework-browser-screenshot-1.png"&gt;&lt;img src="browser/screenshot/robotframework-browser-screenshot-1.png" width="800px"&gt;&lt;/a&gt;</msg>
<status status="PASS" starttime="20210506 17:20:01.280" endtime="20210506 17:20:01.473"/>
</kw>
<tag>temp</tag>
<status status="PASS" starttime="20210506 17:19:46.262" endtime="20210506 17:20:01.473"/>
</test>
<status status="PASS" starttime="20210506 17:19:45.500" endtime="20210506 17:20:01.600"/>
</suite>
<statistics>
<total>
<stat pass="1" fail="0" skip="0">All Tests</stat>
</total>
<tag>
<stat pass="1" fail="0" skip="0">temp</stat>
</tag>
<suite>
<stat pass="1" fail="0" skip="0" id="s1" name="Carrinho">Carrinho</stat>
</suite>
</statistics>
<errors>
</errors>
</robot>
