<?xml version="1.0" encoding="UTF-8"?>
<robot generator="Robot 4.0 (Python 3.8.5 on linux)" generated="20210503 23:24:56.638" rpa="false" schemaversion="2">
<suite id="s1" name="Busca" source="/home/edson/workspace/courses/qa_ninja/robot_framework/parodifood/busca.robot">
<test id="s1-t1" name="Buscar um restaurante">
<kw name="New Browser" library="Browser">
<arg>chromium</arg>
<tag>BrowserControl</tag>
<tag>Setter</tag>
<doc>Create a new playwright Browser with specified options.
See `Browser, Context and Page` for more information about Browser and related concepts.</doc>
<msg timestamp="20210503 23:24:58.271" level="INFO">{"browser": "chromium", "headless": true, "handleSIGINT": true, "handleSIGTERM": true, "handleSIGHUP": true, "timeout": 30000.0, "devtools": false, "slowMo": 0.0}</msg>
<msg timestamp="20210503 23:24:58.961" level="INFO">Successfully created browser with options: {"browser":"chromium","headless":true,"handleSIGINT":true,"handleSIGTERM":true,"handleSIGHUP":true,"timeout":30000,"devtools":false,"slowMo":0}</msg>
<status status="PASS" starttime="20210503 23:24:58.270" endtime="20210503 23:24:58.961"/>
</kw>
<kw name="New Page" library="Browser">
<arg>https://playwright.dev</arg>
<tag>BrowserControl</tag>
<tag>Setter</tag>
<doc>Open a new Page. A Page is the Playwright equivalent to a tab.
See `Browser, Context and Page` for more information about Page concept.
Returns a stable identifier for the created page.</doc>
<msg timestamp="20210503 23:25:01.278" level="INFO">Successfully initialized new page object and opened url: https://playwright.dev</msg>
<status status="PASS" starttime="20210503 23:24:58.961" endtime="20210503 23:25:01.279"/>
</kw>
<kw name="Get Text" library="Browser">
<arg>h1</arg>
<arg>contains</arg>
<arg>Playwright</arg>
<tag>Assertion</tag>
<tag>Getter</tag>
<tag>PageContent</tag>
<doc>Returns text attribute of the element found by ``selector``.
See the `Finding elements` section for details about the selectors.</doc>
<status status="PASS" starttime="20210503 23:25:01.279" endtime="20210503 23:25:01.393"/>
</kw>
<status status="PASS" starttime="20210503 23:24:58.263" endtime="20210503 23:25:01.393"/>
</test>
<status status="PASS" starttime="20210503 23:24:56.641" endtime="20210503 23:25:01.462"/>
</suite>
<statistics>
<total>
<stat pass="1" fail="0" skip="0">All Tests</stat>
</total>
<tag>
</tag>
<suite>
<stat pass="1" fail="0" skip="0" id="s1" name="Busca">Busca</stat>
</suite>
</statistics>
<errors>
</errors>
</robot>
