<?xml version="1.0" encoding="UTF-8"?>
<robot generator="Robot 4.0 (Python 3.8.5 on linux)" generated="20210504 22:11:26.233" rpa="false" schemaversion="2">
<suite id="s1" name="Tests" source="/home/edson/workspace/courses/qa_ninja/robot_framework/parodifood/tests">
<suite id="s1-s1" name="Busca" source="/home/edson/workspace/courses/qa_ninja/robot_framework/parodifood/tests/busca.robot">
<test id="s1-s1-t1" name="Cenario: Deve buscar um único restaurante">
<kw name="Start Session" library="base" type="SETUP">
<kw name="New Browser" library="Browser">
<arg>chromium</arg>
<arg>true</arg>
<tag>BrowserControl</tag>
<tag>Setter</tag>
<doc>Create a new playwright Browser with specified options.
See `Browser, Context and Page` for more information about Browser and related concepts.</doc>
<msg timestamp="20210504 22:11:27.166" level="INFO">{"browser": "chromium", "headless": true, "handleSIGINT": true, "handleSIGTERM": true, "handleSIGHUP": true, "timeout": 30000.0, "devtools": false, "slowMo": 0.0}</msg>
<msg timestamp="20210504 22:11:27.358" level="INFO">Successfully created browser with options: {"browser":"chromium","headless":true,"handleSIGINT":true,"handleSIGTERM":true,"handleSIGHUP":true,"timeout":30000,"devtools":false,"slowMo":0}</msg>
<status status="PASS" starttime="20210504 22:11:27.165" endtime="20210504 22:11:27.359"/>
</kw>
<kw name="New Page" library="Browser">
<arg>https://parodifood.qaninja.academy</arg>
<tag>BrowserControl</tag>
<tag>Setter</tag>
<doc>Open a new Page. A Page is the Playwright equivalent to a tab.
See `Browser, Context and Page` for more information about Page concept.
Returns a stable identifier for the created page.</doc>
<msg timestamp="20210504 22:11:29.393" level="INFO">Successfully initialized new page object and opened url: https://parodifood.qaninja.academy</msg>
<status status="PASS" starttime="20210504 22:11:27.359" endtime="20210504 22:11:29.394"/>
</kw>
<kw name="Get Text" library="Browser">
<arg>span</arg>
<arg>contains</arg>
<arg>Nunca foi tão engraçado pedir comida</arg>
<tag>Assertion</tag>
<tag>Getter</tag>
<tag>PageContent</tag>
<doc>Returns text attribute of the element found by ``selector``.
See the `Finding elements` section for details about the selectors.</doc>
<status status="PASS" starttime="20210504 22:11:29.394" endtime="20210504 22:11:29.502"/>
</kw>
<status status="PASS" starttime="20210504 22:11:27.164" endtime="20210504 22:11:29.503"/>
</kw>
<kw name="Go To Restaurants" library="search">
<kw name="Click" library="Browser">
<arg>text=Estou com fome!</arg>
<tag>PageContent</tag>
<tag>Setter</tag>
<doc>Simulates mouse click on the element found by ``selector``.</doc>
<status status="PASS" starttime="20210504 22:11:29.504" endtime="20210504 22:11:29.707"/>
</kw>
<kw name="Get Text" library="Browser">
<arg>h1 strong</arg>
<arg>contains</arg>
<arg>Ta na hora de matar a fome!</arg>
<tag>Assertion</tag>
<tag>Getter</tag>
<tag>PageContent</tag>
<doc>Returns text attribute of the element found by ``selector``.
See the `Finding elements` section for details about the selectors.</doc>
<status status="PASS" starttime="20210504 22:11:29.707" endtime="20210504 22:11:29.749"/>
</kw>
<status status="PASS" starttime="20210504 22:11:29.503" endtime="20210504 22:11:29.750"/>
</kw>
<kw name="Search By" library="search">
<arg>Debuger</arg>
<kw name="Click" library="Browser">
<arg>css=.search-link</arg>
<tag>PageContent</tag>
<tag>Setter</tag>
<doc>Simulates mouse click on the element found by ``selector``.</doc>
<status status="PASS" starttime="20210504 22:11:29.753" endtime="20210504 22:11:29.836"/>
</kw>
<kw name="Fill Text" library="Browser">
<arg>css=input[formcontrolname="searchControl"]</arg>
<arg>${value}</arg>
<tag>PageContent</tag>
<tag>Setter</tag>
<doc>Clears and fills the given ``text`` into the text field found by ``selector``.</doc>
<msg timestamp="20210504 22:11:29.838" level="INFO">Fills the text 'Debuger' in the given field.</msg>
<status status="PASS" starttime="20210504 22:11:29.837" endtime="20210504 22:11:29.906"/>
</kw>
<status status="PASS" starttime="20210504 22:11:29.751" endtime="20210504 22:11:29.906"/>
</kw>
<kw name="Restaurant Should Be visible" library="search">
<arg>DEBUGER KING</arg>
<kw name="Wait For Elements State" library="Browser">
<arg>${DIV_BOX_RESTAURANT}</arg>
<arg>visible</arg>
<arg>10</arg>
<tag>PageContent</tag>
<tag>Wait</tag>
<doc>Waits for the element found by ``selector`` to satisfy state option.</doc>
<msg timestamp="20210504 22:11:30.652" level="INFO">Wait for Element with selector: css=div[class="place-info-box"][style="opacity: 1;"]</msg>
<status status="PASS" starttime="20210504 22:11:29.908" endtime="20210504 22:11:30.652"/>
</kw>
<kw name="Get Text" library="Browser">
<arg>css=.place-info-box</arg>
<arg>contains</arg>
<arg>${name}</arg>
<tag>Assertion</tag>
<tag>Getter</tag>
<tag>PageContent</tag>
<doc>Returns text attribute of the element found by ``selector``.
See the `Finding elements` section for details about the selectors.</doc>
<status status="PASS" starttime="20210504 22:11:30.653" endtime="20210504 22:11:30.695"/>
</kw>
<status status="PASS" starttime="20210504 22:11:29.906" endtime="20210504 22:11:30.695"/>
</kw>
<kw name="Restaurant Count Should Be" library="search">
<arg>1</arg>
<kw name="Wait For Elements State" library="Browser">
<arg>${DIV_BOX_RESTAURANT}</arg>
<arg>visible</arg>
<arg>10</arg>
<tag>PageContent</tag>
<tag>Wait</tag>
<doc>Waits for the element found by ``selector`` to satisfy state option.</doc>
<msg timestamp="20210504 22:11:30.986" level="INFO">Wait for Element with selector: css=div[class="place-info-box"][style="opacity: 1;"]</msg>
<status status="PASS" starttime="20210504 22:11:30.696" endtime="20210504 22:11:30.987"/>
</kw>
<kw name="Get Element Count" library="Browser">
<arg>css=.place-info-box</arg>
<arg>equal</arg>
<arg>${qdt}</arg>
<tag>Assertion</tag>
<tag>Getter</tag>
<tag>PageContent</tag>
<doc>Returns the count of elements found with ``selector``.</doc>
<status status="PASS" starttime="20210504 22:11:30.987" endtime="20210504 22:11:31.000"/>
</kw>
<status status="PASS" starttime="20210504 22:11:30.695" endtime="20210504 22:11:31.001"/>
</kw>
<kw name="Take Screenshot" library="Browser" type="TEARDOWN">
<tag>PageContent</tag>
<doc>Takes a screenshot of the current window and saves it to ``path``. Saves it as a png.</doc>
<msg timestamp="20210504 22:11:31.125" level="INFO" html="true">&lt;/td&gt;&lt;/tr&gt;&lt;tr&gt;&lt;td colspan="3"&gt;&lt;a href="browser/screenshot/robotframework-browser-screenshot-1.png"&gt;&lt;img src="browser/screenshot/robotframework-browser-screenshot-1.png" width="800px"&gt;&lt;/a&gt;</msg>
<status status="PASS" starttime="20210504 22:11:31.001" endtime="20210504 22:11:31.125"/>
</kw>
<status status="PASS" starttime="20210504 22:11:27.159" endtime="20210504 22:11:31.127"/>
</test>
<test id="s1-s1-t2" name="Cenario: Deve buscar por categoria">
<kw name="Start Session" library="base" type="SETUP">
<kw name="New Browser" library="Browser">
<arg>chromium</arg>
<arg>true</arg>
<tag>BrowserControl</tag>
<tag>Setter</tag>
<doc>Create a new playwright Browser with specified options.
See `Browser, Context and Page` for more information about Browser and related concepts.</doc>
<msg timestamp="20210504 22:11:31.206" level="INFO">{"browser": "chromium", "headless": true, "handleSIGINT": true, "handleSIGTERM": true, "handleSIGHUP": true, "timeout": 30000.0, "devtools": false, "slowMo": 0.0}</msg>
<msg timestamp="20210504 22:11:31.430" level="INFO">Successfully created browser with options: {"browser":"chromium","headless":true,"handleSIGINT":true,"handleSIGTERM":true,"handleSIGHUP":true,"timeout":30000,"devtools":false,"slowMo":0}</msg>
<status status="PASS" starttime="20210504 22:11:31.204" endtime="20210504 22:11:31.431"/>
</kw>
<kw name="New Page" library="Browser">
<arg>https://parodifood.qaninja.academy</arg>
<tag>BrowserControl</tag>
<tag>Setter</tag>
<doc>Open a new Page. A Page is the Playwright equivalent to a tab.
See `Browser, Context and Page` for more information about Page concept.
Returns a stable identifier for the created page.</doc>
<msg timestamp="20210504 22:11:33.496" level="INFO">Successfully initialized new page object and opened url: https://parodifood.qaninja.academy</msg>
<status status="PASS" starttime="20210504 22:11:31.431" endtime="20210504 22:11:33.497"/>
</kw>
<kw name="Get Text" library="Browser">
<arg>span</arg>
<arg>contains</arg>
<arg>Nunca foi tão engraçado pedir comida</arg>
<tag>Assertion</tag>
<tag>Getter</tag>
<tag>PageContent</tag>
<doc>Returns text attribute of the element found by ``selector``.
See the `Finding elements` section for details about the selectors.</doc>
<status status="PASS" starttime="20210504 22:11:33.498" endtime="20210504 22:11:33.605"/>
</kw>
<status status="PASS" starttime="20210504 22:11:31.203" endtime="20210504 22:11:33.606"/>
</kw>
<kw name="Go To Restaurants" library="search">
<kw name="Click" library="Browser">
<arg>text=Estou com fome!</arg>
<tag>PageContent</tag>
<tag>Setter</tag>
<doc>Simulates mouse click on the element found by ``selector``.</doc>
<status status="PASS" starttime="20210504 22:11:33.607" endtime="20210504 22:11:33.841"/>
</kw>
<kw name="Get Text" library="Browser">
<arg>h1 strong</arg>
<arg>contains</arg>
<arg>Ta na hora de matar a fome!</arg>
<tag>Assertion</tag>
<tag>Getter</tag>
<tag>PageContent</tag>
<doc>Returns text attribute of the element found by ``selector``.
See the `Finding elements` section for details about the selectors.</doc>
<status status="PASS" starttime="20210504 22:11:33.841" endtime="20210504 22:11:33.876"/>
</kw>
<status status="PASS" starttime="20210504 22:11:33.606" endtime="20210504 22:11:33.877"/>
</kw>
<kw name="Search By" library="search">
<arg>Cafe</arg>
<kw name="Click" library="Browser">
<arg>css=.search-link</arg>
<tag>PageContent</tag>
<tag>Setter</tag>
<doc>Simulates mouse click on the element found by ``selector``.</doc>
<status status="PASS" starttime="20210504 22:11:33.878" endtime="20210504 22:11:34.003"/>
</kw>
<kw name="Fill Text" library="Browser">
<arg>css=input[formcontrolname="searchControl"]</arg>
<arg>${value}</arg>
<tag>PageContent</tag>
<tag>Setter</tag>
<doc>Clears and fills the given ``text`` into the text field found by ``selector``.</doc>
<msg timestamp="20210504 22:11:34.004" level="INFO">Fills the text 'Cafe' in the given field.</msg>
<status status="PASS" starttime="20210504 22:11:34.003" endtime="20210504 22:11:34.054"/>
</kw>
<status status="PASS" starttime="20210504 22:11:33.877" endtime="20210504 22:11:34.054"/>
</kw>
<kw name="Restaurant Should Be visible" library="search">
<arg>STARBUGS COFFEE</arg>
<kw name="Wait For Elements State" library="Browser">
<arg>${DIV_BOX_RESTAURANT}</arg>
<arg>visible</arg>
<arg>10</arg>
<tag>PageContent</tag>
<tag>Wait</tag>
<doc>Waits for the element found by ``selector`` to satisfy state option.</doc>
<msg timestamp="20210504 22:11:34.726" level="INFO">Wait for Element with selector: css=div[class="place-info-box"][style="opacity: 1;"]</msg>
<status status="PASS" starttime="20210504 22:11:34.056" endtime="20210504 22:11:34.726"/>
</kw>
<kw name="Get Text" library="Browser">
<arg>css=.place-info-box</arg>
<arg>contains</arg>
<arg>${name}</arg>
<tag>Assertion</tag>
<tag>Getter</tag>
<tag>PageContent</tag>
<doc>Returns text attribute of the element found by ``selector``.
See the `Finding elements` section for details about the selectors.</doc>
<status status="PASS" starttime="20210504 22:11:34.727" endtime="20210504 22:11:34.790"/>
</kw>
<status status="PASS" starttime="20210504 22:11:34.055" endtime="20210504 22:11:34.791"/>
</kw>
<kw name="Take Screenshot" library="Browser" type="TEARDOWN">
<tag>PageContent</tag>
<doc>Takes a screenshot of the current window and saves it to ``path``. Saves it as a png.</doc>
<msg timestamp="20210504 22:11:34.998" level="INFO" html="true">&lt;/td&gt;&lt;/tr&gt;&lt;tr&gt;&lt;td colspan="3"&gt;&lt;a href="browser/screenshot/robotframework-browser-screenshot-2.png"&gt;&lt;img src="browser/screenshot/robotframework-browser-screenshot-2.png" width="800px"&gt;&lt;/a&gt;</msg>
<status status="PASS" starttime="20210504 22:11:34.792" endtime="20210504 22:11:34.998"/>
</kw>
<status status="PASS" starttime="20210504 22:11:31.198" endtime="20210504 22:11:34.998"/>
</test>
<test id="s1-s1-t3" name="Cenario: Deve retornar todos os restaurantes">
<kw name="Start Session" library="base" type="SETUP">
<kw name="New Browser" library="Browser">
<arg>chromium</arg>
<arg>true</arg>
<tag>BrowserControl</tag>
<tag>Setter</tag>
<doc>Create a new playwright Browser with specified options.
See `Browser, Context and Page` for more information about Browser and related concepts.</doc>
<msg timestamp="20210504 22:11:35.050" level="INFO">{"browser": "chromium", "headless": true, "handleSIGINT": true, "handleSIGTERM": true, "handleSIGHUP": true, "timeout": 30000.0, "devtools": false, "slowMo": 0.0}</msg>
<msg timestamp="20210504 22:11:35.258" level="INFO">Successfully created browser with options: {"browser":"chromium","headless":true,"handleSIGINT":true,"handleSIGTERM":true,"handleSIGHUP":true,"timeout":30000,"devtools":false,"slowMo":0}</msg>
<status status="PASS" starttime="20210504 22:11:35.050" endtime="20210504 22:11:35.258"/>
</kw>
<kw name="New Page" library="Browser">
<arg>https://parodifood.qaninja.academy</arg>
<tag>BrowserControl</tag>
<tag>Setter</tag>
<doc>Open a new Page. A Page is the Playwright equivalent to a tab.
See `Browser, Context and Page` for more information about Page concept.
Returns a stable identifier for the created page.</doc>
<msg timestamp="20210504 22:11:37.318" level="INFO">Successfully initialized new page object and opened url: https://parodifood.qaninja.academy</msg>
<status status="PASS" starttime="20210504 22:11:35.259" endtime="20210504 22:11:37.319"/>
</kw>
<kw name="Get Text" library="Browser">
<arg>span</arg>
<arg>contains</arg>
<arg>Nunca foi tão engraçado pedir comida</arg>
<tag>Assertion</tag>
<tag>Getter</tag>
<tag>PageContent</tag>
<doc>Returns text attribute of the element found by ``selector``.
See the `Finding elements` section for details about the selectors.</doc>
<status status="PASS" starttime="20210504 22:11:37.319" endtime="20210504 22:11:37.424"/>
</kw>
<status status="PASS" starttime="20210504 22:11:35.049" endtime="20210504 22:11:37.424"/>
</kw>
<kw name="Go To Restaurants" library="search">
<kw name="Click" library="Browser">
<arg>text=Estou com fome!</arg>
<tag>PageContent</tag>
<tag>Setter</tag>
<doc>Simulates mouse click on the element found by ``selector``.</doc>
<status status="PASS" starttime="20210504 22:11:37.425" endtime="20210504 22:11:37.620"/>
</kw>
<kw name="Get Text" library="Browser">
<arg>h1 strong</arg>
<arg>contains</arg>
<arg>Ta na hora de matar a fome!</arg>
<tag>Assertion</tag>
<tag>Getter</tag>
<tag>PageContent</tag>
<doc>Returns text attribute of the element found by ``selector``.
See the `Finding elements` section for details about the selectors.</doc>
<status status="PASS" starttime="20210504 22:11:37.621" endtime="20210504 22:11:37.658"/>
</kw>
<status status="PASS" starttime="20210504 22:11:37.425" endtime="20210504 22:11:37.658"/>
</kw>
<kw name="Search By" library="search">
<arg>a</arg>
<kw name="Click" library="Browser">
<arg>css=.search-link</arg>
<tag>PageContent</tag>
<tag>Setter</tag>
<doc>Simulates mouse click on the element found by ``selector``.</doc>
<status status="PASS" starttime="20210504 22:11:37.660" endtime="20210504 22:11:37.737"/>
</kw>
<kw name="Fill Text" library="Browser">
<arg>css=input[formcontrolname="searchControl"]</arg>
<arg>${value}</arg>
<tag>PageContent</tag>
<tag>Setter</tag>
<doc>Clears and fills the given ``text`` into the text field found by ``selector``.</doc>
<msg timestamp="20210504 22:11:37.738" level="INFO">Fills the text 'a' in the given field.</msg>
<status status="PASS" starttime="20210504 22:11:37.737" endtime="20210504 22:11:37.800"/>
</kw>
<status status="PASS" starttime="20210504 22:11:37.659" endtime="20210504 22:11:37.801"/>
</kw>
<kw name="Restaurant Count Should Be" library="search">
<arg>5</arg>
<kw name="Wait For Elements State" library="Browser">
<arg>${DIV_BOX_RESTAURANT}</arg>
<arg>visible</arg>
<arg>10</arg>
<tag>PageContent</tag>
<tag>Wait</tag>
<doc>Waits for the element found by ``selector`` to satisfy state option.</doc>
<msg timestamp="20210504 22:11:38.531" level="INFO">Wait for Element with selector: css=div[class="place-info-box"][style="opacity: 1;"]</msg>
<status status="PASS" starttime="20210504 22:11:37.802" endtime="20210504 22:11:38.532"/>
</kw>
<kw name="Get Element Count" library="Browser">
<arg>css=.place-info-box</arg>
<arg>equal</arg>
<arg>${qdt}</arg>
<tag>Assertion</tag>
<tag>Getter</tag>
<tag>PageContent</tag>
<doc>Returns the count of elements found with ``selector``.</doc>
<status status="PASS" starttime="20210504 22:11:38.532" endtime="20210504 22:11:38.558"/>
</kw>
<status status="PASS" starttime="20210504 22:11:37.801" endtime="20210504 22:11:38.558"/>
</kw>
<kw name="Take Screenshot" library="Browser" type="TEARDOWN">
<tag>PageContent</tag>
<doc>Takes a screenshot of the current window and saves it to ``path``. Saves it as a png.</doc>
<msg timestamp="20210504 22:11:38.715" level="INFO" html="true">&lt;/td&gt;&lt;/tr&gt;&lt;tr&gt;&lt;td colspan="3"&gt;&lt;a href="browser/screenshot/robotframework-browser-screenshot-3.png"&gt;&lt;img src="browser/screenshot/robotframework-browser-screenshot-3.png" width="800px"&gt;&lt;/a&gt;</msg>
<status status="PASS" starttime="20210504 22:11:38.559" endtime="20210504 22:11:38.715"/>
</kw>
<status status="PASS" starttime="20210504 22:11:35.044" endtime="20210504 22:11:38.716"/>
</test>
<status status="PASS" starttime="20210504 22:11:26.267" endtime="20210504 22:11:38.772"/>
</suite>
<status status="PASS" starttime="20210504 22:11:26.235" endtime="20210504 22:11:38.781"/>
</suite>
<statistics>
<total>
<stat pass="3" fail="0" skip="0">All Tests</stat>
</total>
<tag>
</tag>
<suite>
<stat pass="3" fail="0" skip="0" id="s1" name="Tests">Tests</stat>
<stat pass="3" fail="0" skip="0" id="s1-s1" name="Busca">Tests.Busca</stat>
</suite>
</statistics>
<errors>
</errors>
</robot>
