<?xml version="1.0" encoding="UTF-8"?>
<robot generator="Robot 4.0 (Python 3.8.5 on linux)" generated="20210504 21:29:41.224" rpa="false" schemaversion="2">
<suite id="s1" name="Tests" source="/home/edson/workspace/courses/qa_ninja/robot_framework/parodifood/tests">
<suite id="s1-s1" name="Busca" source="/home/edson/workspace/courses/qa_ninja/robot_framework/parodifood/tests/busca.robot">
<test id="s1-s1-t1" name="Cenario: Deve buscar um único restaurante">
<kw name="Start Session">
<kw name="New Browser" library="Browser">
<arg>chromium</arg>
<arg>true</arg>
<tag>BrowserControl</tag>
<tag>Setter</tag>
<doc>Create a new playwright Browser with specified options.
See `Browser, Context and Page` for more information about Browser and related concepts.</doc>
<msg timestamp="20210504 21:29:42.484" level="INFO">{"browser": "chromium", "headless": true, "handleSIGINT": true, "handleSIGTERM": true, "handleSIGHUP": true, "timeout": 30000.0, "devtools": false, "slowMo": 0.0}</msg>
<msg timestamp="20210504 21:29:42.742" level="INFO">Successfully created browser with options: {"browser":"chromium","headless":true,"handleSIGINT":true,"handleSIGTERM":true,"handleSIGHUP":true,"timeout":30000,"devtools":false,"slowMo":0}</msg>
<status status="PASS" starttime="20210504 21:29:42.483" endtime="20210504 21:29:42.742"/>
</kw>
<kw name="New Page" library="Browser">
<arg>https://parodifood.qaninja.academy</arg>
<tag>BrowserControl</tag>
<tag>Setter</tag>
<doc>Open a new Page. A Page is the Playwright equivalent to a tab.
See `Browser, Context and Page` for more information about Page concept.
Returns a stable identifier for the created page.</doc>
<msg timestamp="20210504 21:29:44.824" level="INFO">Successfully initialized new page object and opened url: https://parodifood.qaninja.academy</msg>
<status status="PASS" starttime="20210504 21:29:42.743" endtime="20210504 21:29:44.824"/>
</kw>
<kw name="Get Text" library="Browser">
<arg>span</arg>
<arg>contains</arg>
<arg>Nunca foi tão engraçado pedir comida</arg>
<tag>Assertion</tag>
<tag>Getter</tag>
<tag>PageContent</tag>
<doc>Returns text attribute of the element found by ``selector``.
See the `Finding elements` section for details about the selectors.</doc>
<status status="PASS" starttime="20210504 21:29:44.825" endtime="20210504 21:29:44.943"/>
</kw>
<status status="PASS" starttime="20210504 21:29:42.482" endtime="20210504 21:29:44.944"/>
</kw>
<kw name="Go To Restaurants">
<kw name="Click" library="Browser">
<arg>text=Estou com fome!</arg>
<tag>PageContent</tag>
<tag>Setter</tag>
<doc>Simulates mouse click on the element found by ``selector``.</doc>
<status status="PASS" starttime="20210504 21:29:44.946" endtime="20210504 21:29:45.130"/>
</kw>
<kw name="Get Text" library="Browser">
<arg>h1 strong</arg>
<arg>contains</arg>
<arg>Ta na hora de matar a fome!</arg>
<tag>Assertion</tag>
<tag>Getter</tag>
<tag>PageContent</tag>
<doc>Returns text attribute of the element found by ``selector``.
See the `Finding elements` section for details about the selectors.</doc>
<status status="PASS" starttime="20210504 21:29:45.130" endtime="20210504 21:29:45.167"/>
</kw>
<status status="PASS" starttime="20210504 21:29:44.944" endtime="20210504 21:29:45.168"/>
</kw>
<kw name="Search By">
<arg>Debuger</arg>
<kw name="Click" library="Browser">
<arg>css=.search-link</arg>
<tag>PageContent</tag>
<tag>Setter</tag>
<doc>Simulates mouse click on the element found by ``selector``.</doc>
<status status="PASS" starttime="20210504 21:29:45.169" endtime="20210504 21:29:45.252"/>
</kw>
<kw name="Fill Text" library="Browser">
<arg>css=input[formcontrolname="searchControl"]</arg>
<arg>${value}</arg>
<tag>PageContent</tag>
<tag>Setter</tag>
<doc>Clears and fills the given ``text`` into the text field found by ``selector``.</doc>
<msg timestamp="20210504 21:29:45.253" level="INFO">Fills the text 'Debuger' in the given field.</msg>
<status status="PASS" starttime="20210504 21:29:45.252" endtime="20210504 21:29:45.337"/>
</kw>
<status status="PASS" starttime="20210504 21:29:45.168" endtime="20210504 21:29:45.337"/>
</kw>
<kw name="Wait For Elements State" library="Browser">
<arg>css=div[class="place-info-box"][style="opacity: 1;"]</arg>
<arg>visible</arg>
<arg>10</arg>
<tag>PageContent</tag>
<tag>Wait</tag>
<doc>Waits for the element found by ``selector`` to satisfy state option.</doc>
<msg timestamp="20210504 21:29:46.421" level="INFO">Wait for Element with selector: css=div[class="place-info-box"][style="opacity: 1;"]</msg>
<status status="PASS" starttime="20210504 21:29:45.337" endtime="20210504 21:29:46.421"/>
</kw>
<kw name="Get Text" library="Browser">
<arg>css=.place-info-box</arg>
<arg>contains</arg>
<arg>DEBUGER KING</arg>
<tag>Assertion</tag>
<tag>Getter</tag>
<tag>PageContent</tag>
<doc>Returns text attribute of the element found by ``selector``.
See the `Finding elements` section for details about the selectors.</doc>
<status status="PASS" starttime="20210504 21:29:46.422" endtime="20210504 21:29:46.477"/>
</kw>
<kw name="Get Element Count" library="Browser">
<arg>css=.place-info-box</arg>
<arg>equal</arg>
<arg>1</arg>
<tag>Assertion</tag>
<tag>Getter</tag>
<tag>PageContent</tag>
<doc>Returns the count of elements found with ``selector``.</doc>
<status status="PASS" starttime="20210504 21:29:46.478" endtime="20210504 21:29:46.504"/>
</kw>
<kw name="Take Screenshot" library="Browser">
<tag>PageContent</tag>
<doc>Takes a screenshot of the current window and saves it to ``path``. Saves it as a png.</doc>
<msg timestamp="20210504 21:29:46.661" level="INFO" html="true">&lt;/td&gt;&lt;/tr&gt;&lt;tr&gt;&lt;td colspan="3"&gt;&lt;a href="browser/screenshot/robotframework-browser-screenshot-1.png"&gt;&lt;img src="browser/screenshot/robotframework-browser-screenshot-1.png" width="800px"&gt;&lt;/a&gt;</msg>
<status status="PASS" starttime="20210504 21:29:46.504" endtime="20210504 21:29:46.661"/>
</kw>
<status status="PASS" starttime="20210504 21:29:42.463" endtime="20210504 21:29:46.661"/>
</test>
<test id="s1-s1-t2" name="Cenario: Deve buscar por categoria">
<kw name="Start Session">
<kw name="New Browser" library="Browser">
<arg>chromium</arg>
<arg>true</arg>
<tag>BrowserControl</tag>
<tag>Setter</tag>
<doc>Create a new playwright Browser with specified options.
See `Browser, Context and Page` for more information about Browser and related concepts.</doc>
<msg timestamp="20210504 21:29:46.752" level="INFO">{"browser": "chromium", "headless": true, "handleSIGINT": true, "handleSIGTERM": true, "handleSIGHUP": true, "timeout": 30000.0, "devtools": false, "slowMo": 0.0}</msg>
<msg timestamp="20210504 21:29:46.962" level="INFO">Successfully created browser with options: {"browser":"chromium","headless":true,"handleSIGINT":true,"handleSIGTERM":true,"handleSIGHUP":true,"timeout":30000,"devtools":false,"slowMo":0}</msg>
<status status="PASS" starttime="20210504 21:29:46.751" endtime="20210504 21:29:46.963"/>
</kw>
<kw name="New Page" library="Browser">
<arg>https://parodifood.qaninja.academy</arg>
<tag>BrowserControl</tag>
<tag>Setter</tag>
<doc>Open a new Page. A Page is the Playwright equivalent to a tab.
See `Browser, Context and Page` for more information about Page concept.
Returns a stable identifier for the created page.</doc>
<msg timestamp="20210504 21:29:49.032" level="INFO">Successfully initialized new page object and opened url: https://parodifood.qaninja.academy</msg>
<status status="PASS" starttime="20210504 21:29:46.963" endtime="20210504 21:29:49.033"/>
</kw>
<kw name="Get Text" library="Browser">
<arg>span</arg>
<arg>contains</arg>
<arg>Nunca foi tão engraçado pedir comida</arg>
<tag>Assertion</tag>
<tag>Getter</tag>
<tag>PageContent</tag>
<doc>Returns text attribute of the element found by ``selector``.
See the `Finding elements` section for details about the selectors.</doc>
<status status="PASS" starttime="20210504 21:29:49.033" endtime="20210504 21:29:49.113"/>
</kw>
<status status="PASS" starttime="20210504 21:29:46.751" endtime="20210504 21:29:49.113"/>
</kw>
<kw name="Go To Restaurants">
<kw name="Click" library="Browser">
<arg>text=Estou com fome!</arg>
<tag>PageContent</tag>
<tag>Setter</tag>
<doc>Simulates mouse click on the element found by ``selector``.</doc>
<status status="PASS" starttime="20210504 21:29:49.114" endtime="20210504 21:29:49.281"/>
</kw>
<kw name="Get Text" library="Browser">
<arg>h1 strong</arg>
<arg>contains</arg>
<arg>Ta na hora de matar a fome!</arg>
<tag>Assertion</tag>
<tag>Getter</tag>
<tag>PageContent</tag>
<doc>Returns text attribute of the element found by ``selector``.
See the `Finding elements` section for details about the selectors.</doc>
<status status="PASS" starttime="20210504 21:29:49.282" endtime="20210504 21:29:49.317"/>
</kw>
<status status="PASS" starttime="20210504 21:29:49.114" endtime="20210504 21:29:49.317"/>
</kw>
<kw name="Search By">
<arg>Cafe</arg>
<kw name="Click" library="Browser">
<arg>css=.search-link</arg>
<tag>PageContent</tag>
<tag>Setter</tag>
<doc>Simulates mouse click on the element found by ``selector``.</doc>
<status status="PASS" starttime="20210504 21:29:49.318" endtime="20210504 21:29:49.401"/>
</kw>
<kw name="Fill Text" library="Browser">
<arg>css=input[formcontrolname="searchControl"]</arg>
<arg>${value}</arg>
<tag>PageContent</tag>
<tag>Setter</tag>
<doc>Clears and fills the given ``text`` into the text field found by ``selector``.</doc>
<msg timestamp="20210504 21:29:49.402" level="INFO">Fills the text 'Cafe' in the given field.</msg>
<status status="PASS" starttime="20210504 21:29:49.402" endtime="20210504 21:29:49.472"/>
</kw>
<status status="PASS" starttime="20210504 21:29:49.317" endtime="20210504 21:29:49.472"/>
</kw>
<kw name="Wait For Elements State" library="Browser">
<arg>css=div[class="place-info-box"][style="opacity: 1;"]</arg>
<arg>visible</arg>
<arg>10</arg>
<tag>PageContent</tag>
<tag>Wait</tag>
<doc>Waits for the element found by ``selector`` to satisfy state option.</doc>
<msg timestamp="20210504 21:29:50.115" level="INFO">Wait for Element with selector: css=div[class="place-info-box"][style="opacity: 1;"]</msg>
<status status="PASS" starttime="20210504 21:29:49.473" endtime="20210504 21:29:50.115"/>
</kw>
<kw name="Get Text" library="Browser">
<arg>css=.place-info-box</arg>
<arg>contains</arg>
<arg>STARBUGS COFFEE</arg>
<tag>Assertion</tag>
<tag>Getter</tag>
<tag>PageContent</tag>
<doc>Returns text attribute of the element found by ``selector``.
See the `Finding elements` section for details about the selectors.</doc>
<status status="PASS" starttime="20210504 21:29:50.117" endtime="20210504 21:29:50.286"/>
</kw>
<kw name="Take Screenshot" library="Browser">
<tag>PageContent</tag>
<doc>Takes a screenshot of the current window and saves it to ``path``. Saves it as a png.</doc>
<msg timestamp="20210504 21:29:50.471" level="INFO" html="true">&lt;/td&gt;&lt;/tr&gt;&lt;tr&gt;&lt;td colspan="3"&gt;&lt;a href="browser/screenshot/robotframework-browser-screenshot-2.png"&gt;&lt;img src="browser/screenshot/robotframework-browser-screenshot-2.png" width="800px"&gt;&lt;/a&gt;</msg>
<status status="PASS" starttime="20210504 21:29:50.287" endtime="20210504 21:29:50.471"/>
</kw>
<status status="PASS" starttime="20210504 21:29:46.746" endtime="20210504 21:29:50.472"/>
</test>
<test id="s1-s1-t3" name="Cenario: Deve retornar todos os restaurantes">
<kw name="Start Session">
<kw name="New Browser" library="Browser">
<arg>chromium</arg>
<arg>true</arg>
<tag>BrowserControl</tag>
<tag>Setter</tag>
<doc>Create a new playwright Browser with specified options.
See `Browser, Context and Page` for more information about Browser and related concepts.</doc>
<msg timestamp="20210504 21:29:50.550" level="INFO">{"browser": "chromium", "headless": true, "handleSIGINT": true, "handleSIGTERM": true, "handleSIGHUP": true, "timeout": 30000.0, "devtools": false, "slowMo": 0.0}</msg>
<msg timestamp="20210504 21:29:50.794" level="INFO">Successfully created browser with options: {"browser":"chromium","headless":true,"handleSIGINT":true,"handleSIGTERM":true,"handleSIGHUP":true,"timeout":30000,"devtools":false,"slowMo":0}</msg>
<status status="PASS" starttime="20210504 21:29:50.550" endtime="20210504 21:29:50.794"/>
</kw>
<kw name="New Page" library="Browser">
<arg>https://parodifood.qaninja.academy</arg>
<tag>BrowserControl</tag>
<tag>Setter</tag>
<doc>Open a new Page. A Page is the Playwright equivalent to a tab.
See `Browser, Context and Page` for more information about Page concept.
Returns a stable identifier for the created page.</doc>
<msg timestamp="20210504 21:29:52.893" level="INFO">Successfully initialized new page object and opened url: https://parodifood.qaninja.academy</msg>
<status status="PASS" starttime="20210504 21:29:50.794" endtime="20210504 21:29:52.894"/>
</kw>
<kw name="Get Text" library="Browser">
<arg>span</arg>
<arg>contains</arg>
<arg>Nunca foi tão engraçado pedir comida</arg>
<tag>Assertion</tag>
<tag>Getter</tag>
<tag>PageContent</tag>
<doc>Returns text attribute of the element found by ``selector``.
See the `Finding elements` section for details about the selectors.</doc>
<status status="PASS" starttime="20210504 21:29:52.894" endtime="20210504 21:29:53.129"/>
</kw>
<status status="PASS" starttime="20210504 21:29:50.549" endtime="20210504 21:29:53.129"/>
</kw>
<kw name="Go To Restaurants">
<kw name="Click" library="Browser">
<arg>text=Estou com fome!</arg>
<tag>PageContent</tag>
<tag>Setter</tag>
<doc>Simulates mouse click on the element found by ``selector``.</doc>
<status status="PASS" starttime="20210504 21:29:53.130" endtime="20210504 21:29:53.289"/>
</kw>
<kw name="Get Text" library="Browser">
<arg>h1 strong</arg>
<arg>contains</arg>
<arg>Ta na hora de matar a fome!</arg>
<tag>Assertion</tag>
<tag>Getter</tag>
<tag>PageContent</tag>
<doc>Returns text attribute of the element found by ``selector``.
See the `Finding elements` section for details about the selectors.</doc>
<status status="PASS" starttime="20210504 21:29:53.289" endtime="20210504 21:29:53.336"/>
</kw>
<status status="PASS" starttime="20210504 21:29:53.130" endtime="20210504 21:29:53.337"/>
</kw>
<kw name="Search By">
<arg>a</arg>
<kw name="Click" library="Browser">
<arg>css=.search-link</arg>
<tag>PageContent</tag>
<tag>Setter</tag>
<doc>Simulates mouse click on the element found by ``selector``.</doc>
<status status="PASS" starttime="20210504 21:29:53.339" endtime="20210504 21:29:53.448"/>
</kw>
<kw name="Fill Text" library="Browser">
<arg>css=input[formcontrolname="searchControl"]</arg>
<arg>${value}</arg>
<tag>PageContent</tag>
<tag>Setter</tag>
<doc>Clears and fills the given ``text`` into the text field found by ``selector``.</doc>
<msg timestamp="20210504 21:29:53.449" level="INFO">Fills the text 'a' in the given field.</msg>
<status status="PASS" starttime="20210504 21:29:53.448" endtime="20210504 21:29:53.495"/>
</kw>
<status status="PASS" starttime="20210504 21:29:53.337" endtime="20210504 21:29:53.495"/>
</kw>
<kw name="Wait For Elements State" library="Browser">
<arg>css=div[class="place-info-box"][style="opacity: 1;"]</arg>
<arg>visible</arg>
<arg>10</arg>
<tag>PageContent</tag>
<tag>Wait</tag>
<doc>Waits for the element found by ``selector`` to satisfy state option.</doc>
<msg timestamp="20210504 21:29:54.591" level="INFO">Wait for Element with selector: css=div[class="place-info-box"][style="opacity: 1;"]</msg>
<status status="PASS" starttime="20210504 21:29:53.496" endtime="20210504 21:29:54.591"/>
</kw>
<kw name="Get Element Count" library="Browser">
<arg>css=.place-info-box</arg>
<arg>equal</arg>
<arg>5</arg>
<tag>Assertion</tag>
<tag>Getter</tag>
<tag>PageContent</tag>
<doc>Returns the count of elements found with ``selector``.</doc>
<status status="PASS" starttime="20210504 21:29:54.593" endtime="20210504 21:29:54.616"/>
</kw>
<kw name="Take Screenshot" library="Browser">
<tag>PageContent</tag>
<doc>Takes a screenshot of the current window and saves it to ``path``. Saves it as a png.</doc>
<msg timestamp="20210504 21:29:54.774" level="INFO" html="true">&lt;/td&gt;&lt;/tr&gt;&lt;tr&gt;&lt;td colspan="3"&gt;&lt;a href="browser/screenshot/robotframework-browser-screenshot-3.png"&gt;&lt;img src="browser/screenshot/robotframework-browser-screenshot-3.png" width="800px"&gt;&lt;/a&gt;</msg>
<status status="PASS" starttime="20210504 21:29:54.617" endtime="20210504 21:29:54.774"/>
</kw>
<status status="PASS" starttime="20210504 21:29:50.544" endtime="20210504 21:29:54.774"/>
</test>
<status status="PASS" starttime="20210504 21:29:41.268" endtime="20210504 21:29:54.824"/>
</suite>
<status status="PASS" starttime="20210504 21:29:41.227" endtime="20210504 21:29:54.837"/>
</suite>
<statistics>
<total>
<stat pass="3" fail="0" skip="0">All Tests</stat>
</total>
<tag>
</tag>
<suite>
<stat pass="3" fail="0" skip="0" id="s1" name="Tests">Tests</stat>
<stat pass="3" fail="0" skip="0" id="s1-s1" name="Busca">Tests.Busca</stat>
</suite>
</statistics>
<errors>
</errors>
</robot>
