<?xml version="1.0" encoding="UTF-8"?>
<robot generator="Robot 4.0 (Python 3.8.5 on linux)" generated="20210506 17:58:15.112" rpa="false" schemaversion="2">
<suite id="s1" name="Tests" source="/home/edson/workspace/courses/qa_ninja/robot_framework/parodifood/tests">
<suite id="s1-s1" name="Busca" source="/home/edson/workspace/courses/qa_ninja/robot_framework/parodifood/tests/busca.robot">
<test id="s1-s1-t1" name="Cenario: Deve buscar um único restaurante">
<kw name="Start Session" library="base" type="SETUP">
<kw name="New Browser" library="Browser">
<arg>chromium</arg>
<arg>false</arg>
<tag>BrowserControl</tag>
<tag>Setter</tag>
<doc>Create a new playwright Browser with specified options.
See `Browser, Context and Page` for more information about Browser and related concepts.</doc>
<msg timestamp="20210506 17:58:15.960" level="INFO">{"browser": "chromium", "headless": false, "handleSIGINT": true, "handleSIGTERM": true, "handleSIGHUP": true, "timeout": 30000.0, "devtools": false, "slowMo": 0.0}</msg>
<msg timestamp="20210506 17:58:16.421" level="INFO">Successfully created browser with options: {"browser":"chromium","headless":false,"handleSIGINT":true,"handleSIGTERM":true,"handleSIGHUP":true,"timeout":30000,"devtools":false,"slowMo":0}</msg>
<status status="PASS" starttime="20210506 17:58:15.960" endtime="20210506 17:58:16.421"/>
</kw>
<kw name="New Page" library="Browser">
<arg>https://parodifood.qaninja.academy</arg>
<tag>BrowserControl</tag>
<tag>Setter</tag>
<doc>Open a new Page. A Page is the Playwright equivalent to a tab.
See `Browser, Context and Page` for more information about Page concept.
Returns a stable identifier for the created page.</doc>
<msg timestamp="20210506 17:58:18.744" level="INFO">Successfully initialized new page object and opened url: https://parodifood.qaninja.academy</msg>
<status status="PASS" starttime="20210506 17:58:16.422" endtime="20210506 17:58:18.745"/>
</kw>
<kw name="Get Text" library="Browser">
<arg>span</arg>
<arg>contains</arg>
<arg>Nunca foi tão engraçado pedir comida</arg>
<tag>Assertion</tag>
<tag>Getter</tag>
<tag>PageContent</tag>
<doc>Returns text attribute of the element found by ``selector``.
See the `Finding elements` section for details about the selectors.</doc>
<status status="PASS" starttime="20210506 17:58:18.745" endtime="20210506 17:58:18.866"/>
</kw>
<status status="PASS" starttime="20210506 17:58:15.959" endtime="20210506 17:58:18.867"/>
</kw>
<kw name="Go To Restaurants" library="search">
<kw name="Click" library="Browser">
<arg>text=Estou com fome!</arg>
<tag>PageContent</tag>
<tag>Setter</tag>
<doc>Simulates mouse click on the element found by ``selector``.</doc>
<status status="PASS" starttime="20210506 17:58:18.869" endtime="20210506 17:58:19.060"/>
</kw>
<kw name="Get Text" library="Browser">
<arg>h1 strong</arg>
<arg>contains</arg>
<arg>Ta na hora de matar a fome!</arg>
<tag>Assertion</tag>
<tag>Getter</tag>
<tag>PageContent</tag>
<doc>Returns text attribute of the element found by ``selector``.
See the `Finding elements` section for details about the selectors.</doc>
<status status="PASS" starttime="20210506 17:58:19.061" endtime="20210506 17:58:19.097"/>
</kw>
<status status="PASS" starttime="20210506 17:58:18.868" endtime="20210506 17:58:19.098"/>
</kw>
<kw name="Search By" library="search">
<arg>Debuger</arg>
<kw name="Click" library="Browser">
<arg>css=.search-link</arg>
<tag>PageContent</tag>
<tag>Setter</tag>
<doc>Simulates mouse click on the element found by ``selector``.</doc>
<status status="PASS" starttime="20210506 17:58:19.099" endtime="20210506 17:58:19.186"/>
</kw>
<kw name="Fill Text" library="Browser">
<arg>css=input[formcontrolname="searchControl"]</arg>
<arg>${value}</arg>
<tag>PageContent</tag>
<tag>Setter</tag>
<doc>Clears and fills the given ``text`` into the text field found by ``selector``.</doc>
<msg timestamp="20210506 17:58:19.188" level="INFO">Fills the text 'Debuger' in the given field.</msg>
<status status="PASS" starttime="20210506 17:58:19.187" endtime="20210506 17:58:19.266"/>
</kw>
<status status="PASS" starttime="20210506 17:58:19.098" endtime="20210506 17:58:19.266"/>
</kw>
<kw name="Restaurant Should Be visible" library="search">
<arg>DEBUGER KING</arg>
<kw name="Wait For Elements State" library="Browser">
<arg>${DIV_BOX_RESTAURANT}</arg>
<arg>visible</arg>
<arg>10</arg>
<tag>PageContent</tag>
<tag>Wait</tag>
<doc>Waits for the element found by ``selector`` to satisfy state option.</doc>
<msg timestamp="20210506 17:58:19.893" level="INFO">Wait for Element with selector: css=div[class="place-info-box"][style="opacity: 1;"]</msg>
<status status="PASS" starttime="20210506 17:58:19.267" endtime="20210506 17:58:19.893"/>
</kw>
<kw name="Get Text" library="Browser">
<arg>css=.place-info-box</arg>
<arg>contains</arg>
<arg>${name}</arg>
<tag>Assertion</tag>
<tag>Getter</tag>
<tag>PageContent</tag>
<doc>Returns text attribute of the element found by ``selector``.
See the `Finding elements` section for details about the selectors.</doc>
<status status="PASS" starttime="20210506 17:58:19.893" endtime="20210506 17:58:19.951"/>
</kw>
<status status="PASS" starttime="20210506 17:58:19.267" endtime="20210506 17:58:19.951"/>
</kw>
<kw name="Restaurant Count Should Be" library="search">
<arg>1</arg>
<kw name="Wait For Elements State" library="Browser">
<arg>${DIV_BOX_RESTAURANT}</arg>
<arg>visible</arg>
<arg>10</arg>
<tag>PageContent</tag>
<tag>Wait</tag>
<doc>Waits for the element found by ``selector`` to satisfy state option.</doc>
<msg timestamp="20210506 17:58:20.240" level="INFO">Wait for Element with selector: css=div[class="place-info-box"][style="opacity: 1;"]</msg>
<status status="PASS" starttime="20210506 17:58:19.954" endtime="20210506 17:58:20.240"/>
</kw>
<kw name="Get Element Count" library="Browser">
<arg>css=.place-info-box</arg>
<arg>equal</arg>
<arg>${qdt}</arg>
<tag>Assertion</tag>
<tag>Getter</tag>
<tag>PageContent</tag>
<doc>Returns the count of elements found with ``selector``.</doc>
<status status="PASS" starttime="20210506 17:58:20.241" endtime="20210506 17:58:20.256"/>
</kw>
<status status="PASS" starttime="20210506 17:58:19.952" endtime="20210506 17:58:20.256"/>
</kw>
<kw name="Take Screenshot" library="Browser" type="TEARDOWN">
<tag>PageContent</tag>
<doc>Takes a screenshot of the current window and saves it to ``path``. Saves it as a png.</doc>
<msg timestamp="20210506 17:58:20.521" level="INFO" html="true">&lt;/td&gt;&lt;/tr&gt;&lt;tr&gt;&lt;td colspan="3"&gt;&lt;a href="browser/screenshot/robotframework-browser-screenshot-1.png"&gt;&lt;img src="browser/screenshot/robotframework-browser-screenshot-1.png" width="800px"&gt;&lt;/a&gt;</msg>
<status status="PASS" starttime="20210506 17:58:20.257" endtime="20210506 17:58:20.521"/>
</kw>
<status status="PASS" starttime="20210506 17:58:15.952" endtime="20210506 17:58:20.522"/>
</test>
<test id="s1-s1-t2" name="Cenario: Deve buscar por categoria">
<kw name="Start Session" library="base" type="SETUP">
<kw name="New Browser" library="Browser">
<arg>chromium</arg>
<arg>false</arg>
<tag>BrowserControl</tag>
<tag>Setter</tag>
<doc>Create a new playwright Browser with specified options.
See `Browser, Context and Page` for more information about Browser and related concepts.</doc>
<msg timestamp="20210506 17:58:20.621" level="INFO">{"browser": "chromium", "headless": false, "handleSIGINT": true, "handleSIGTERM": true, "handleSIGHUP": true, "timeout": 30000.0, "devtools": false, "slowMo": 0.0}</msg>
<msg timestamp="20210506 17:58:21.149" level="INFO">Successfully created browser with options: {"browser":"chromium","headless":false,"handleSIGINT":true,"handleSIGTERM":true,"handleSIGHUP":true,"timeout":30000,"devtools":false,"slowMo":0}</msg>
<status status="PASS" starttime="20210506 17:58:20.616" endtime="20210506 17:58:21.149"/>
</kw>
<kw name="New Page" library="Browser">
<arg>https://parodifood.qaninja.academy</arg>
<tag>BrowserControl</tag>
<tag>Setter</tag>
<doc>Open a new Page. A Page is the Playwright equivalent to a tab.
See `Browser, Context and Page` for more information about Page concept.
Returns a stable identifier for the created page.</doc>
<msg timestamp="20210506 17:58:23.701" level="INFO">Successfully initialized new page object and opened url: https://parodifood.qaninja.academy</msg>
<status status="PASS" starttime="20210506 17:58:21.150" endtime="20210506 17:58:23.702"/>
</kw>
<kw name="Get Text" library="Browser">
<arg>span</arg>
<arg>contains</arg>
<arg>Nunca foi tão engraçado pedir comida</arg>
<tag>Assertion</tag>
<tag>Getter</tag>
<tag>PageContent</tag>
<doc>Returns text attribute of the element found by ``selector``.
See the `Finding elements` section for details about the selectors.</doc>
<status status="PASS" starttime="20210506 17:58:23.702" endtime="20210506 17:58:23.927"/>
</kw>
<status status="PASS" starttime="20210506 17:58:20.615" endtime="20210506 17:58:23.927"/>
</kw>
<kw name="Go To Restaurants" library="search">
<kw name="Click" library="Browser">
<arg>text=Estou com fome!</arg>
<tag>PageContent</tag>
<tag>Setter</tag>
<doc>Simulates mouse click on the element found by ``selector``.</doc>
<status status="PASS" starttime="20210506 17:58:23.929" endtime="20210506 17:58:24.153"/>
</kw>
<kw name="Get Text" library="Browser">
<arg>h1 strong</arg>
<arg>contains</arg>
<arg>Ta na hora de matar a fome!</arg>
<tag>Assertion</tag>
<tag>Getter</tag>
<tag>PageContent</tag>
<doc>Returns text attribute of the element found by ``selector``.
See the `Finding elements` section for details about the selectors.</doc>
<status status="PASS" starttime="20210506 17:58:24.154" endtime="20210506 17:58:24.191"/>
</kw>
<status status="PASS" starttime="20210506 17:58:23.928" endtime="20210506 17:58:24.192"/>
</kw>
<kw name="Search By" library="search">
<arg>Cafe</arg>
<kw name="Click" library="Browser">
<arg>css=.search-link</arg>
<tag>PageContent</tag>
<tag>Setter</tag>
<doc>Simulates mouse click on the element found by ``selector``.</doc>
<status status="PASS" starttime="20210506 17:58:24.194" endtime="20210506 17:58:24.288"/>
</kw>
<kw name="Fill Text" library="Browser">
<arg>css=input[formcontrolname="searchControl"]</arg>
<arg>${value}</arg>
<tag>PageContent</tag>
<tag>Setter</tag>
<doc>Clears and fills the given ``text`` into the text field found by ``selector``.</doc>
<msg timestamp="20210506 17:58:24.289" level="INFO">Fills the text 'Cafe' in the given field.</msg>
<status status="PASS" starttime="20210506 17:58:24.288" endtime="20210506 17:58:24.352"/>
</kw>
<status status="PASS" starttime="20210506 17:58:24.193" endtime="20210506 17:58:24.352"/>
</kw>
<kw name="Restaurant Should Be visible" library="search">
<arg>STARBUGS COFFEE</arg>
<kw name="Wait For Elements State" library="Browser">
<arg>${DIV_BOX_RESTAURANT}</arg>
<arg>visible</arg>
<arg>10</arg>
<tag>PageContent</tag>
<tag>Wait</tag>
<doc>Waits for the element found by ``selector`` to satisfy state option.</doc>
<msg timestamp="20210506 17:58:25.478" level="INFO">Wait for Element with selector: css=div[class="place-info-box"][style="opacity: 1;"]</msg>
<status status="PASS" starttime="20210506 17:58:24.353" endtime="20210506 17:58:25.479"/>
</kw>
<kw name="Get Text" library="Browser">
<arg>css=.place-info-box</arg>
<arg>contains</arg>
<arg>${name}</arg>
<tag>Assertion</tag>
<tag>Getter</tag>
<tag>PageContent</tag>
<doc>Returns text attribute of the element found by ``selector``.
See the `Finding elements` section for details about the selectors.</doc>
<status status="PASS" starttime="20210506 17:58:25.479" endtime="20210506 17:58:25.515"/>
</kw>
<status status="PASS" starttime="20210506 17:58:24.352" endtime="20210506 17:58:25.516"/>
</kw>
<kw name="Take Screenshot" library="Browser" type="TEARDOWN">
<tag>PageContent</tag>
<doc>Takes a screenshot of the current window and saves it to ``path``. Saves it as a png.</doc>
<msg timestamp="20210506 17:58:25.744" level="INFO" html="true">&lt;/td&gt;&lt;/tr&gt;&lt;tr&gt;&lt;td colspan="3"&gt;&lt;a href="browser/screenshot/robotframework-browser-screenshot-2.png"&gt;&lt;img src="browser/screenshot/robotframework-browser-screenshot-2.png" width="800px"&gt;&lt;/a&gt;</msg>
<status status="PASS" starttime="20210506 17:58:25.517" endtime="20210506 17:58:25.744"/>
</kw>
<status status="PASS" starttime="20210506 17:58:20.610" endtime="20210506 17:58:25.744"/>
</test>
<test id="s1-s1-t3" name="Cenario: Deve retornar todos os restaurantes">
<kw name="Start Session" library="base" type="SETUP">
<kw name="New Browser" library="Browser">
<arg>chromium</arg>
<arg>false</arg>
<tag>BrowserControl</tag>
<tag>Setter</tag>
<doc>Create a new playwright Browser with specified options.
See `Browser, Context and Page` for more information about Browser and related concepts.</doc>
<msg timestamp="20210506 17:58:25.909" level="INFO">{"browser": "chromium", "headless": false, "handleSIGINT": true, "handleSIGTERM": true, "handleSIGHUP": true, "timeout": 30000.0, "devtools": false, "slowMo": 0.0}</msg>
<msg timestamp="20210506 17:58:26.433" level="INFO">Successfully created browser with options: {"browser":"chromium","headless":false,"handleSIGINT":true,"handleSIGTERM":true,"handleSIGHUP":true,"timeout":30000,"devtools":false,"slowMo":0}</msg>
<status status="PASS" starttime="20210506 17:58:25.909" endtime="20210506 17:58:26.434"/>
</kw>
<kw name="New Page" library="Browser">
<arg>https://parodifood.qaninja.academy</arg>
<tag>BrowserControl</tag>
<tag>Setter</tag>
<doc>Open a new Page. A Page is the Playwright equivalent to a tab.
See `Browser, Context and Page` for more information about Page concept.
Returns a stable identifier for the created page.</doc>
<msg timestamp="20210506 17:58:28.697" level="INFO">Successfully initialized new page object and opened url: https://parodifood.qaninja.academy</msg>
<status status="PASS" starttime="20210506 17:58:26.434" endtime="20210506 17:58:28.697"/>
</kw>
<kw name="Get Text" library="Browser">
<arg>span</arg>
<arg>contains</arg>
<arg>Nunca foi tão engraçado pedir comida</arg>
<tag>Assertion</tag>
<tag>Getter</tag>
<tag>PageContent</tag>
<doc>Returns text attribute of the element found by ``selector``.
See the `Finding elements` section for details about the selectors.</doc>
<status status="PASS" starttime="20210506 17:58:28.698" endtime="20210506 17:58:28.802"/>
</kw>
<status status="PASS" starttime="20210506 17:58:25.908" endtime="20210506 17:58:28.802"/>
</kw>
<kw name="Go To Restaurants" library="search">
<kw name="Click" library="Browser">
<arg>text=Estou com fome!</arg>
<tag>PageContent</tag>
<tag>Setter</tag>
<doc>Simulates mouse click on the element found by ``selector``.</doc>
<status status="PASS" starttime="20210506 17:58:28.803" endtime="20210506 17:58:29.020"/>
</kw>
<kw name="Get Text" library="Browser">
<arg>h1 strong</arg>
<arg>contains</arg>
<arg>Ta na hora de matar a fome!</arg>
<tag>Assertion</tag>
<tag>Getter</tag>
<tag>PageContent</tag>
<doc>Returns text attribute of the element found by ``selector``.
See the `Finding elements` section for details about the selectors.</doc>
<status status="PASS" starttime="20210506 17:58:29.020" endtime="20210506 17:58:29.052"/>
</kw>
<status status="PASS" starttime="20210506 17:58:28.802" endtime="20210506 17:58:29.052"/>
</kw>
<kw name="Search By" library="search">
<arg>a</arg>
<kw name="Click" library="Browser">
<arg>css=.search-link</arg>
<tag>PageContent</tag>
<tag>Setter</tag>
<doc>Simulates mouse click on the element found by ``selector``.</doc>
<status status="PASS" starttime="20210506 17:58:29.053" endtime="20210506 17:58:29.142"/>
</kw>
<kw name="Fill Text" library="Browser">
<arg>css=input[formcontrolname="searchControl"]</arg>
<arg>${value}</arg>
<tag>PageContent</tag>
<tag>Setter</tag>
<doc>Clears and fills the given ``text`` into the text field found by ``selector``.</doc>
<msg timestamp="20210506 17:58:29.144" level="INFO">Fills the text 'a' in the given field.</msg>
<status status="PASS" starttime="20210506 17:58:29.143" endtime="20210506 17:58:29.207"/>
</kw>
<status status="PASS" starttime="20210506 17:58:29.052" endtime="20210506 17:58:29.207"/>
</kw>
<kw name="Restaurant Count Should Be" library="search">
<arg>5</arg>
<kw name="Wait For Elements State" library="Browser">
<arg>${DIV_BOX_RESTAURANT}</arg>
<arg>visible</arg>
<arg>10</arg>
<tag>PageContent</tag>
<tag>Wait</tag>
<doc>Waits for the element found by ``selector`` to satisfy state option.</doc>
<msg timestamp="20210506 17:58:29.901" level="INFO">Wait for Element with selector: css=div[class="place-info-box"][style="opacity: 1;"]</msg>
<status status="PASS" starttime="20210506 17:58:29.208" endtime="20210506 17:58:29.902"/>
</kw>
<kw name="Get Element Count" library="Browser">
<arg>css=.place-info-box</arg>
<arg>equal</arg>
<arg>${qdt}</arg>
<tag>Assertion</tag>
<tag>Getter</tag>
<tag>PageContent</tag>
<doc>Returns the count of elements found with ``selector``.</doc>
<status status="PASS" starttime="20210506 17:58:29.902" endtime="20210506 17:58:29.954"/>
</kw>
<status status="PASS" starttime="20210506 17:58:29.207" endtime="20210506 17:58:29.954"/>
</kw>
<kw name="Take Screenshot" library="Browser" type="TEARDOWN">
<tag>PageContent</tag>
<doc>Takes a screenshot of the current window and saves it to ``path``. Saves it as a png.</doc>
<msg timestamp="20210506 17:58:30.274" level="INFO" html="true">&lt;/td&gt;&lt;/tr&gt;&lt;tr&gt;&lt;td colspan="3"&gt;&lt;a href="browser/screenshot/robotframework-browser-screenshot-3.png"&gt;&lt;img src="browser/screenshot/robotframework-browser-screenshot-3.png" width="800px"&gt;&lt;/a&gt;</msg>
<status status="PASS" starttime="20210506 17:58:29.955" endtime="20210506 17:58:30.274"/>
</kw>
<status status="PASS" starttime="20210506 17:58:25.903" endtime="20210506 17:58:30.274"/>
</test>
<status status="PASS" starttime="20210506 17:58:15.148" endtime="20210506 17:58:30.435"/>
</suite>
<suite id="s1-s2" name="Carrinho" source="/home/edson/workspace/courses/qa_ninja/robot_framework/parodifood/tests/carrinho.robot">
<test id="s1-s2-t1" name="Cenario: Deve adicionar um item ao carrinho">
<kw name="Start Session" library="base" type="SETUP">
<kw name="New Browser" library="Browser">
<arg>chromium</arg>
<arg>false</arg>
<tag>BrowserControl</tag>
<tag>Setter</tag>
<doc>Create a new playwright Browser with specified options.
See `Browser, Context and Page` for more information about Browser and related concepts.</doc>
<msg timestamp="20210506 17:58:30.461" level="INFO">{"browser": "chromium", "headless": false, "handleSIGINT": true, "handleSIGTERM": true, "handleSIGHUP": true, "timeout": 30000.0, "devtools": false, "slowMo": 0.0}</msg>
<msg timestamp="20210506 17:58:30.922" level="INFO">Successfully created browser with options: {"browser":"chromium","headless":false,"handleSIGINT":true,"handleSIGTERM":true,"handleSIGHUP":true,"timeout":30000,"devtools":false,"slowMo":0}</msg>
<status status="PASS" starttime="20210506 17:58:30.461" endtime="20210506 17:58:30.922"/>
</kw>
<kw name="New Page" library="Browser">
<arg>https://parodifood.qaninja.academy</arg>
<tag>BrowserControl</tag>
<tag>Setter</tag>
<doc>Open a new Page. A Page is the Playwright equivalent to a tab.
See `Browser, Context and Page` for more information about Page concept.
Returns a stable identifier for the created page.</doc>
<msg timestamp="20210506 17:58:33.250" level="INFO">Successfully initialized new page object and opened url: https://parodifood.qaninja.academy</msg>
<status status="PASS" starttime="20210506 17:58:30.923" endtime="20210506 17:58:33.251"/>
</kw>
<kw name="Get Text" library="Browser">
<arg>span</arg>
<arg>contains</arg>
<arg>Nunca foi tão engraçado pedir comida</arg>
<tag>Assertion</tag>
<tag>Getter</tag>
<tag>PageContent</tag>
<doc>Returns text attribute of the element found by ``selector``.
See the `Finding elements` section for details about the selectors.</doc>
<status status="PASS" starttime="20210506 17:58:33.251" endtime="20210506 17:58:33.350"/>
</kw>
<status status="PASS" starttime="20210506 17:58:30.459" endtime="20210506 17:58:33.350"/>
</kw>
<kw name="Create Dictionary" library="BuiltIn">
<var>&amp;{restaurant}</var>
<arg>restaurant=STARBUGS COFFEE</arg>
<arg>desc=Nada melhor que um café pra te ajudar a resolver um bug.</arg>
<doc>Creates and returns a dictionary based on the given ``items``.</doc>
<msg timestamp="20210506 17:58:33.352" level="INFO">&amp;{restaurant} = { restaurant=STARBUGS COFFEE | desc=Nada melhor que um café pra te ajudar a resolver um bug. }</msg>
<status status="PASS" starttime="20210506 17:58:33.351" endtime="20210506 17:58:33.352"/>
</kw>
<kw name="Go To Restaurants" library="search">
<kw name="Click" library="Browser">
<arg>text=Estou com fome!</arg>
<tag>PageContent</tag>
<tag>Setter</tag>
<doc>Simulates mouse click on the element found by ``selector``.</doc>
<status status="PASS" starttime="20210506 17:58:33.353" endtime="20210506 17:58:33.544"/>
</kw>
<kw name="Get Text" library="Browser">
<arg>h1 strong</arg>
<arg>contains</arg>
<arg>Ta na hora de matar a fome!</arg>
<tag>Assertion</tag>
<tag>Getter</tag>
<tag>PageContent</tag>
<doc>Returns text attribute of the element found by ``selector``.
See the `Finding elements` section for details about the selectors.</doc>
<status status="PASS" starttime="20210506 17:58:33.544" endtime="20210506 17:58:33.586"/>
</kw>
<status status="PASS" starttime="20210506 17:58:33.352" endtime="20210506 17:58:33.586"/>
</kw>
<kw name="Choose Restaurant" library="search">
<arg>${restaurant}</arg>
<kw name="Click" library="Browser">
<arg>text=${super_var["restaurant"]}</arg>
<tag>PageContent</tag>
<tag>Setter</tag>
<doc>Simulates mouse click on the element found by ``selector``.</doc>
<status status="PASS" starttime="20210506 17:58:33.588" endtime="20210506 17:58:34.499"/>
</kw>
<kw name="Wait For Elements State" library="Browser">
<arg>css=#detail</arg>
<arg>visible</arg>
<arg>10</arg>
<tag>PageContent</tag>
<tag>Wait</tag>
<doc>Waits for the element found by ``selector`` to satisfy state option.</doc>
<msg timestamp="20210506 17:58:34.521" level="INFO">Wait for Element with selector: css=#detail</msg>
<status status="PASS" starttime="20210506 17:58:34.499" endtime="20210506 17:58:34.521"/>
</kw>
<kw name="Get Text" library="Browser">
<arg>css=#detail</arg>
<arg>contains</arg>
<arg>${super_var["desc"]}</arg>
<tag>Assertion</tag>
<tag>Getter</tag>
<tag>PageContent</tag>
<doc>Returns text attribute of the element found by ``selector``.
See the `Finding elements` section for details about the selectors.</doc>
<status status="PASS" starttime="20210506 17:58:34.521" endtime="20210506 17:58:34.612"/>
</kw>
<status status="PASS" starttime="20210506 17:58:33.587" endtime="20210506 17:58:34.612"/>
</kw>
<kw name="Add to Cart" library="cart">
<arg>Starbugs 500 error</arg>
<kw name="Click" library="Browser">
<arg>xpath=//span[text()="${name}"]/..//a[@class="add-to-cart"]</arg>
<tag>PageContent</tag>
<tag>Setter</tag>
<doc>Simulates mouse click on the element found by ``selector``.</doc>
<status status="PASS" starttime="20210506 17:58:34.614" endtime="20210506 17:58:35.156"/>
</kw>
<status status="PASS" starttime="20210506 17:58:34.613" endtime="20210506 17:58:35.156"/>
</kw>
<kw name="Should Add to Cart" library="cart">
<arg>Starbugs 500 error</arg>
<kw name="Wait For Elements State" library="Browser">
<arg>css=#cart tr &gt;&gt; text=${name}</arg>
<arg>visible</arg>
<arg>5</arg>
<tag>PageContent</tag>
<tag>Wait</tag>
<doc>Waits for the element found by ``selector`` to satisfy state option.</doc>
<msg timestamp="20210506 17:58:35.185" level="INFO">Wait for Element with selector: css=#cart tr &gt;&gt; text=Starbugs 500 error</msg>
<status status="PASS" starttime="20210506 17:58:35.157" endtime="20210506 17:58:35.185"/>
</kw>
<status status="PASS" starttime="20210506 17:58:35.156" endtime="20210506 17:58:35.186"/>
</kw>
<kw name="Total Cart Should Be" library="cart">
<arg>15,60</arg>
<kw name="Get Text" library="Browser">
<arg>xpath=//th[contains(text(),"Total")]/..//td</arg>
<arg>contains</arg>
<arg>${total}</arg>
<tag>Assertion</tag>
<tag>Getter</tag>
<tag>PageContent</tag>
<doc>Returns text attribute of the element found by ``selector``.
See the `Finding elements` section for details about the selectors.</doc>
<status status="PASS" starttime="20210506 17:58:35.187" endtime="20210506 17:58:35.244"/>
</kw>
<status status="PASS" starttime="20210506 17:58:35.186" endtime="20210506 17:58:35.245"/>
</kw>
<kw name="Take Screenshot" library="Browser" type="TEARDOWN">
<tag>PageContent</tag>
<doc>Takes a screenshot of the current window and saves it to ``path``. Saves it as a png.</doc>
<msg timestamp="20210506 17:58:35.567" level="INFO" html="true">&lt;/td&gt;&lt;/tr&gt;&lt;tr&gt;&lt;td colspan="3"&gt;&lt;a href="browser/screenshot/robotframework-browser-screenshot-4.png"&gt;&lt;img src="browser/screenshot/robotframework-browser-screenshot-4.png" width="800px"&gt;&lt;/a&gt;</msg>
<status status="PASS" starttime="20210506 17:58:35.246" endtime="20210506 17:58:35.567"/>
</kw>
<status status="PASS" starttime="20210506 17:58:30.454" endtime="20210506 17:58:35.567"/>
</test>
<test id="s1-s2-t2" name="Cenario: Deve adicionar os 3 itens no carrinho">
<kw name="Start Session" library="base" type="SETUP">
<kw name="New Browser" library="Browser">
<arg>chromium</arg>
<arg>false</arg>
<tag>BrowserControl</tag>
<tag>Setter</tag>
<doc>Create a new playwright Browser with specified options.
See `Browser, Context and Page` for more information about Browser and related concepts.</doc>
<msg timestamp="20210506 17:58:35.721" level="INFO">{"browser": "chromium", "headless": false, "handleSIGINT": true, "handleSIGTERM": true, "handleSIGHUP": true, "timeout": 30000.0, "devtools": false, "slowMo": 0.0}</msg>
<msg timestamp="20210506 17:58:36.197" level="INFO">Successfully created browser with options: {"browser":"chromium","headless":false,"handleSIGINT":true,"handleSIGTERM":true,"handleSIGHUP":true,"timeout":30000,"devtools":false,"slowMo":0}</msg>
<status status="PASS" starttime="20210506 17:58:35.720" endtime="20210506 17:58:36.198"/>
</kw>
<kw name="New Page" library="Browser">
<arg>https://parodifood.qaninja.academy</arg>
<tag>BrowserControl</tag>
<tag>Setter</tag>
<doc>Open a new Page. A Page is the Playwright equivalent to a tab.
See `Browser, Context and Page` for more information about Page concept.
Returns a stable identifier for the created page.</doc>
<msg timestamp="20210506 17:58:40.063" level="INFO">Successfully initialized new page object and opened url: https://parodifood.qaninja.academy</msg>
<status status="PASS" starttime="20210506 17:58:36.199" endtime="20210506 17:58:40.063"/>
</kw>
<kw name="Get Text" library="Browser">
<arg>span</arg>
<arg>contains</arg>
<arg>Nunca foi tão engraçado pedir comida</arg>
<tag>Assertion</tag>
<tag>Getter</tag>
<tag>PageContent</tag>
<doc>Returns text attribute of the element found by ``selector``.
See the `Finding elements` section for details about the selectors.</doc>
<status status="PASS" starttime="20210506 17:58:40.064" endtime="20210506 17:58:40.322"/>
</kw>
<status status="PASS" starttime="20210506 17:58:35.719" endtime="20210506 17:58:40.322"/>
</kw>
<kw name="Get Json" library="base">
<var>${cart_json}</var>
<arg>cart.json</arg>
<kw name="Get File" library="OperatingSystem">
<var>${file}</var>
<arg>${EXECDIR}/resources/fixtures/${file_name}</arg>
<doc>Returns the contents of a specified file.</doc>
<msg timestamp="20210506 17:58:40.324" level="INFO" html="true">Getting file '&lt;a href="file:///home/edson/workspace/courses/qa_ninja/robot_framework/parodifood/resources/fixtures/cart.json"&gt;/home/edson/workspace/courses/qa_ninja/robot_framework/parodifood/resources/fixtures/cart.json&lt;/a&gt;'.</msg>
<msg timestamp="20210506 17:58:40.324" level="INFO">${file} = {
    "restaurant":"STARBUGS COFFEE",
    "desc":"Nada melhor que um café pra te ajudar a resolver um bug.",
    "products":[
        {"name":"Cappuccino com Chantilly"},
        {"name":"Super Espres...</msg>
<status status="PASS" starttime="20210506 17:58:40.323" endtime="20210506 17:58:40.324"/>
</kw>
<kw name="Evaluate" library="BuiltIn">
<var>${super_var}</var>
<arg>json.loads($file)</arg>
<arg>json</arg>
<doc>Evaluates the given expression in Python and returns the result.</doc>
<msg timestamp="20210506 17:58:40.333" level="INFO">${super_var} = {'restaurant': 'STARBUGS COFFEE', 'desc': 'Nada melhor que um café pra te ajudar a resolver um bug.', 'products': [{'name': 'Cappuccino com Chantilly'}, {'name': 'Super Espreso'}, {'name': 'Starbugs 5...</msg>
<status status="PASS" starttime="20210506 17:58:40.324" endtime="20210506 17:58:40.333"/>
</kw>
<msg timestamp="20210506 17:58:40.334" level="INFO">${cart_json} = {'restaurant': 'STARBUGS COFFEE', 'desc': 'Nada melhor que um café pra te ajudar a resolver um bug.', 'products': [{'name': 'Cappuccino com Chantilly'}, {'name': 'Super Espreso'}, {'name': 'Starbugs 5...</msg>
<status status="PASS" starttime="20210506 17:58:40.322" endtime="20210506 17:58:40.334"/>
</kw>
<kw name="Go To Restaurants" library="search">
<kw name="Click" library="Browser">
<arg>text=Estou com fome!</arg>
<tag>PageContent</tag>
<tag>Setter</tag>
<doc>Simulates mouse click on the element found by ``selector``.</doc>
<status status="PASS" starttime="20210506 17:58:40.336" endtime="20210506 17:58:40.579"/>
</kw>
<kw name="Get Text" library="Browser">
<arg>h1 strong</arg>
<arg>contains</arg>
<arg>Ta na hora de matar a fome!</arg>
<tag>Assertion</tag>
<tag>Getter</tag>
<tag>PageContent</tag>
<doc>Returns text attribute of the element found by ``selector``.
See the `Finding elements` section for details about the selectors.</doc>
<status status="PASS" starttime="20210506 17:58:40.580" endtime="20210506 17:58:40.618"/>
</kw>
<status status="PASS" starttime="20210506 17:58:40.335" endtime="20210506 17:58:40.618"/>
</kw>
<kw name="Choose Restaurant" library="search">
<arg>${cart_json}</arg>
<kw name="Click" library="Browser">
<arg>text=${super_var["restaurant"]}</arg>
<tag>PageContent</tag>
<tag>Setter</tag>
<doc>Simulates mouse click on the element found by ``selector``.</doc>
<status status="PASS" starttime="20210506 17:58:40.619" endtime="20210506 17:58:41.754"/>
</kw>
<kw name="Wait For Elements State" library="Browser">
<arg>css=#detail</arg>
<arg>visible</arg>
<arg>10</arg>
<tag>PageContent</tag>
<tag>Wait</tag>
<doc>Waits for the element found by ``selector`` to satisfy state option.</doc>
<msg timestamp="20210506 17:58:41.767" level="INFO">Wait for Element with selector: css=#detail</msg>
<status status="PASS" starttime="20210506 17:58:41.754" endtime="20210506 17:58:41.768"/>
</kw>
<kw name="Get Text" library="Browser">
<arg>css=#detail</arg>
<arg>contains</arg>
<arg>${super_var["desc"]}</arg>
<tag>Assertion</tag>
<tag>Getter</tag>
<tag>PageContent</tag>
<doc>Returns text attribute of the element found by ``selector``.
See the `Finding elements` section for details about the selectors.</doc>
<status status="PASS" starttime="20210506 17:58:41.768" endtime="20210506 17:58:42.201"/>
</kw>
<status status="PASS" starttime="20210506 17:58:40.618" endtime="20210506 17:58:42.202"/>
</kw>
<for flavor="IN">
<var>${product}</var>
<value>@{cart_json["products"]}</value>
<iter>
<var name="${product}">{'name': 'Cappuccino com Chantilly'}</var>
<kw name="Add to Cart" library="cart">
<arg>${product["name"]}</arg>
<kw name="Click" library="Browser">
<arg>xpath=//span[text()="${name}"]/..//a[@class="add-to-cart"]</arg>
<tag>PageContent</tag>
<tag>Setter</tag>
<doc>Simulates mouse click on the element found by ``selector``.</doc>
<status status="PASS" starttime="20210506 17:58:42.206" endtime="20210506 17:58:42.524"/>
</kw>
<status status="PASS" starttime="20210506 17:58:42.203" endtime="20210506 17:58:42.525"/>
</kw>
<kw name="Should Add to Cart" library="cart">
<arg>${product["name"]}</arg>
<kw name="Wait For Elements State" library="Browser">
<arg>css=#cart tr &gt;&gt; text=${name}</arg>
<arg>visible</arg>
<arg>5</arg>
<tag>PageContent</tag>
<tag>Wait</tag>
<doc>Waits for the element found by ``selector`` to satisfy state option.</doc>
<msg timestamp="20210506 17:58:42.551" level="INFO">Wait for Element with selector: css=#cart tr &gt;&gt; text=Cappuccino com Chantilly</msg>
<status status="PASS" starttime="20210506 17:58:42.527" endtime="20210506 17:58:42.551"/>
</kw>
<status status="PASS" starttime="20210506 17:58:42.525" endtime="20210506 17:58:42.552"/>
</kw>
<status status="PASS" starttime="20210506 17:58:42.203" endtime="20210506 17:58:42.552"/>
</iter>
<iter>
<var name="${product}">{'name': 'Super Espreso'}</var>
<kw name="Add to Cart" library="cart">
<arg>${product["name"]}</arg>
<kw name="Click" library="Browser">
<arg>xpath=//span[text()="${name}"]/..//a[@class="add-to-cart"]</arg>
<tag>PageContent</tag>
<tag>Setter</tag>
<doc>Simulates mouse click on the element found by ``selector``.</doc>
<status status="PASS" starttime="20210506 17:58:42.554" endtime="20210506 17:58:42.634"/>
</kw>
<status status="PASS" starttime="20210506 17:58:42.552" endtime="20210506 17:58:42.635"/>
</kw>
<kw name="Should Add to Cart" library="cart">
<arg>${product["name"]}</arg>
<kw name="Wait For Elements State" library="Browser">
<arg>css=#cart tr &gt;&gt; text=${name}</arg>
<arg>visible</arg>
<arg>5</arg>
<tag>PageContent</tag>
<tag>Wait</tag>
<doc>Waits for the element found by ``selector`` to satisfy state option.</doc>
<msg timestamp="20210506 17:58:42.656" level="INFO">Wait for Element with selector: css=#cart tr &gt;&gt; text=Super Espreso</msg>
<status status="PASS" starttime="20210506 17:58:42.637" endtime="20210506 17:58:42.657"/>
</kw>
<status status="PASS" starttime="20210506 17:58:42.635" endtime="20210506 17:58:42.657"/>
</kw>
<status status="PASS" starttime="20210506 17:58:42.552" endtime="20210506 17:58:42.657"/>
</iter>
<iter>
<var name="${product}">{'name': 'Starbugs 500 error'}</var>
<kw name="Add to Cart" library="cart">
<arg>${product["name"]}</arg>
<kw name="Click" library="Browser">
<arg>xpath=//span[text()="${name}"]/..//a[@class="add-to-cart"]</arg>
<tag>PageContent</tag>
<tag>Setter</tag>
<doc>Simulates mouse click on the element found by ``selector``.</doc>
<status status="PASS" starttime="20210506 17:58:42.660" endtime="20210506 17:58:42.756"/>
</kw>
<status status="PASS" starttime="20210506 17:58:42.658" endtime="20210506 17:58:42.757"/>
</kw>
<kw name="Should Add to Cart" library="cart">
<arg>${product["name"]}</arg>
<kw name="Wait For Elements State" library="Browser">
<arg>css=#cart tr &gt;&gt; text=${name}</arg>
<arg>visible</arg>
<arg>5</arg>
<tag>PageContent</tag>
<tag>Wait</tag>
<doc>Waits for the element found by ``selector`` to satisfy state option.</doc>
<msg timestamp="20210506 17:58:42.774" level="INFO">Wait for Element with selector: css=#cart tr &gt;&gt; text=Starbugs 500 error</msg>
<status status="PASS" starttime="20210506 17:58:42.759" endtime="20210506 17:58:42.774"/>
</kw>
<status status="PASS" starttime="20210506 17:58:42.757" endtime="20210506 17:58:42.775"/>
</kw>
<status status="PASS" starttime="20210506 17:58:42.657" endtime="20210506 17:58:42.775"/>
</iter>
<status status="PASS" starttime="20210506 17:58:42.202" endtime="20210506 17:58:42.775"/>
</for>
<kw name="Total Cart Should Be" library="cart">
<arg>${cart_json["total"]}</arg>
<kw name="Get Text" library="Browser">
<arg>xpath=//th[contains(text(),"Total")]/..//td</arg>
<arg>contains</arg>
<arg>${total}</arg>
<tag>Assertion</tag>
<tag>Getter</tag>
<tag>PageContent</tag>
<doc>Returns text attribute of the element found by ``selector``.
See the `Finding elements` section for details about the selectors.</doc>
<status status="PASS" starttime="20210506 17:58:42.777" endtime="20210506 17:58:42.823"/>
</kw>
<status status="PASS" starttime="20210506 17:58:42.776" endtime="20210506 17:58:42.823"/>
</kw>
<kw name="Take Screenshot" library="Browser" type="TEARDOWN">
<tag>PageContent</tag>
<doc>Takes a screenshot of the current window and saves it to ``path``. Saves it as a png.</doc>
<msg timestamp="20210506 17:58:43.136" level="INFO" html="true">&lt;/td&gt;&lt;/tr&gt;&lt;tr&gt;&lt;td colspan="3"&gt;&lt;a href="browser/screenshot/robotframework-browser-screenshot-5.png"&gt;&lt;img src="browser/screenshot/robotframework-browser-screenshot-5.png" width="800px"&gt;&lt;/a&gt;</msg>
<status status="PASS" starttime="20210506 17:58:42.825" endtime="20210506 17:58:43.137"/>
</kw>
<tag>temp</tag>
<status status="PASS" starttime="20210506 17:58:35.715" endtime="20210506 17:58:43.137"/>
</test>
<status status="PASS" starttime="20210506 17:58:30.443" endtime="20210506 17:58:43.283"/>
</suite>
<status status="PASS" starttime="20210506 17:58:15.114" endtime="20210506 17:58:43.294"/>
</suite>
<statistics>
<total>
<stat pass="5" fail="0" skip="0">All Tests</stat>
</total>
<tag>
<stat pass="1" fail="0" skip="0">temp</stat>
</tag>
<suite>
<stat pass="5" fail="0" skip="0" id="s1" name="Tests">Tests</stat>
<stat pass="3" fail="0" skip="0" id="s1-s1" name="Busca">Tests.Busca</stat>
<stat pass="2" fail="0" skip="0" id="s1-s2" name="Carrinho">Tests.Carrinho</stat>
</suite>
</statistics>
<errors>
</errors>
</robot>
