<?xml version="1.0" encoding="UTF-8"?>
<robot generator="Robot 4.0 (Python 3.8.5 on linux)" generated="20210504 22:05:30.749" rpa="false" schemaversion="2">
<suite id="s1" name="Tests" source="/home/edson/workspace/courses/qa_ninja/robot_framework/parodifood/tests">
<suite id="s1-s1" name="Busca" source="/home/edson/workspace/courses/qa_ninja/robot_framework/parodifood/tests/busca.robot">
<test id="s1-s1-t1" name="Cenario: Deve buscar um único restaurante">
<kw name="Start Session" library="base">
<kw name="New Browser" library="Browser">
<arg>chromium</arg>
<arg>true</arg>
<tag>BrowserControl</tag>
<tag>Setter</tag>
<doc>Create a new playwright Browser with specified options.
See `Browser, Context and Page` for more information about Browser and related concepts.</doc>
<msg timestamp="20210504 22:05:31.990" level="INFO">{"browser": "chromium", "headless": true, "handleSIGINT": true, "handleSIGTERM": true, "handleSIGHUP": true, "timeout": 30000.0, "devtools": false, "slowMo": 0.0}</msg>
<msg timestamp="20210504 22:05:32.251" level="INFO">Successfully created browser with options: {"browser":"chromium","headless":true,"handleSIGINT":true,"handleSIGTERM":true,"handleSIGHUP":true,"timeout":30000,"devtools":false,"slowMo":0}</msg>
<status status="PASS" starttime="20210504 22:05:31.989" endtime="20210504 22:05:32.252"/>
</kw>
<kw name="New Page" library="Browser">
<arg>https://parodifood.qaninja.academy</arg>
<tag>BrowserControl</tag>
<tag>Setter</tag>
<doc>Open a new Page. A Page is the Playwright equivalent to a tab.
See `Browser, Context and Page` for more information about Page concept.
Returns a stable identifier for the created page.</doc>
<msg timestamp="20210504 22:05:34.372" level="INFO">Successfully initialized new page object and opened url: https://parodifood.qaninja.academy</msg>
<status status="PASS" starttime="20210504 22:05:32.252" endtime="20210504 22:05:34.372"/>
</kw>
<kw name="Get Text" library="Browser">
<arg>span</arg>
<arg>contains</arg>
<arg>Nunca foi tão engraçado pedir comida</arg>
<tag>Assertion</tag>
<tag>Getter</tag>
<tag>PageContent</tag>
<doc>Returns text attribute of the element found by ``selector``.
See the `Finding elements` section for details about the selectors.</doc>
<status status="PASS" starttime="20210504 22:05:34.373" endtime="20210504 22:05:34.474"/>
</kw>
<status status="PASS" starttime="20210504 22:05:31.988" endtime="20210504 22:05:34.475"/>
</kw>
<kw name="Go To Restaurants" library="search">
<kw name="Click" library="Browser">
<arg>text=Estou com fome!</arg>
<tag>PageContent</tag>
<tag>Setter</tag>
<doc>Simulates mouse click on the element found by ``selector``.</doc>
<status status="PASS" starttime="20210504 22:05:34.476" endtime="20210504 22:05:34.673"/>
</kw>
<kw name="Get Text" library="Browser">
<arg>h1 strong</arg>
<arg>contains</arg>
<arg>Ta na hora de matar a fome!</arg>
<tag>Assertion</tag>
<tag>Getter</tag>
<tag>PageContent</tag>
<doc>Returns text attribute of the element found by ``selector``.
See the `Finding elements` section for details about the selectors.</doc>
<status status="PASS" starttime="20210504 22:05:34.673" endtime="20210504 22:05:34.709"/>
</kw>
<status status="PASS" starttime="20210504 22:05:34.475" endtime="20210504 22:05:34.709"/>
</kw>
<kw name="Search By" library="search">
<arg>Debuger</arg>
<kw name="Click" library="Browser">
<arg>css=.search-link</arg>
<tag>PageContent</tag>
<tag>Setter</tag>
<doc>Simulates mouse click on the element found by ``selector``.</doc>
<status status="PASS" starttime="20210504 22:05:34.711" endtime="20210504 22:05:34.805"/>
</kw>
<kw name="Fill Text" library="Browser">
<arg>css=input[formcontrolname="searchControl"]</arg>
<arg>${value}</arg>
<tag>PageContent</tag>
<tag>Setter</tag>
<doc>Clears and fills the given ``text`` into the text field found by ``selector``.</doc>
<msg timestamp="20210504 22:05:34.806" level="INFO">Fills the text 'Debuger' in the given field.</msg>
<status status="PASS" starttime="20210504 22:05:34.805" endtime="20210504 22:05:34.876"/>
</kw>
<status status="PASS" starttime="20210504 22:05:34.710" endtime="20210504 22:05:34.877"/>
</kw>
<kw name="Restaurant Should Be visible" library="search">
<arg>DEBUGER KING</arg>
<kw name="Wait For Elements State" library="Browser">
<arg>${DIV_BOX_RESTAURANT}</arg>
<arg>visible</arg>
<arg>10</arg>
<tag>PageContent</tag>
<tag>Wait</tag>
<doc>Waits for the element found by ``selector`` to satisfy state option.</doc>
<msg timestamp="20210504 22:05:35.950" level="INFO">Wait for Element with selector: css=div[class="place-info-box"][style="opacity: 1;"]</msg>
<status status="PASS" starttime="20210504 22:05:34.878" endtime="20210504 22:05:35.950"/>
</kw>
<kw name="Get Text" library="Browser">
<arg>css=.place-info-box</arg>
<arg>contains</arg>
<arg>${name}</arg>
<tag>Assertion</tag>
<tag>Getter</tag>
<tag>PageContent</tag>
<doc>Returns text attribute of the element found by ``selector``.
See the `Finding elements` section for details about the selectors.</doc>
<status status="PASS" starttime="20210504 22:05:35.951" endtime="20210504 22:05:35.995"/>
</kw>
<status status="PASS" starttime="20210504 22:05:34.877" endtime="20210504 22:05:35.996"/>
</kw>
<kw name="Restaurant Count Should Be" library="search">
<arg>1</arg>
<kw name="Wait For Elements State" library="Browser">
<arg>${DIV_BOX_RESTAURANT}</arg>
<arg>visible</arg>
<arg>10</arg>
<tag>PageContent</tag>
<tag>Wait</tag>
<doc>Waits for the element found by ``selector`` to satisfy state option.</doc>
<msg timestamp="20210504 22:05:36.019" level="INFO">Wait for Element with selector: css=div[class="place-info-box"][style="opacity: 1;"]</msg>
<status status="PASS" starttime="20210504 22:05:35.998" endtime="20210504 22:05:36.020"/>
</kw>
<kw name="Get Element Count" library="Browser">
<arg>css=.place-info-box</arg>
<arg>equal</arg>
<arg>${qdt}</arg>
<tag>Assertion</tag>
<tag>Getter</tag>
<tag>PageContent</tag>
<doc>Returns the count of elements found with ``selector``.</doc>
<status status="PASS" starttime="20210504 22:05:36.020" endtime="20210504 22:05:36.041"/>
</kw>
<status status="PASS" starttime="20210504 22:05:35.996" endtime="20210504 22:05:36.041"/>
</kw>
<kw name="Take Screenshot" library="Browser">
<tag>PageContent</tag>
<doc>Takes a screenshot of the current window and saves it to ``path``. Saves it as a png.</doc>
<msg timestamp="20210504 22:05:36.236" level="INFO" html="true">&lt;/td&gt;&lt;/tr&gt;&lt;tr&gt;&lt;td colspan="3"&gt;&lt;a href="browser/screenshot/robotframework-browser-screenshot-1.png"&gt;&lt;img src="browser/screenshot/robotframework-browser-screenshot-1.png" width="800px"&gt;&lt;/a&gt;</msg>
<status status="PASS" starttime="20210504 22:05:36.042" endtime="20210504 22:05:36.236"/>
</kw>
<status status="PASS" starttime="20210504 22:05:31.967" endtime="20210504 22:05:36.237"/>
</test>
<test id="s1-s1-t2" name="Cenario: Deve buscar por categoria">
<kw name="Start Session" library="base">
<kw name="New Browser" library="Browser">
<arg>chromium</arg>
<arg>true</arg>
<tag>BrowserControl</tag>
<tag>Setter</tag>
<doc>Create a new playwright Browser with specified options.
See `Browser, Context and Page` for more information about Browser and related concepts.</doc>
<msg timestamp="20210504 22:05:36.308" level="INFO">{"browser": "chromium", "headless": true, "handleSIGINT": true, "handleSIGTERM": true, "handleSIGHUP": true, "timeout": 30000.0, "devtools": false, "slowMo": 0.0}</msg>
<msg timestamp="20210504 22:05:36.548" level="INFO">Successfully created browser with options: {"browser":"chromium","headless":true,"handleSIGINT":true,"handleSIGTERM":true,"handleSIGHUP":true,"timeout":30000,"devtools":false,"slowMo":0}</msg>
<status status="PASS" starttime="20210504 22:05:36.307" endtime="20210504 22:05:36.549"/>
</kw>
<kw name="New Page" library="Browser">
<arg>https://parodifood.qaninja.academy</arg>
<tag>BrowserControl</tag>
<tag>Setter</tag>
<doc>Open a new Page. A Page is the Playwright equivalent to a tab.
See `Browser, Context and Page` for more information about Page concept.
Returns a stable identifier for the created page.</doc>
<msg timestamp="20210504 22:05:38.652" level="INFO">Successfully initialized new page object and opened url: https://parodifood.qaninja.academy</msg>
<status status="PASS" starttime="20210504 22:05:36.550" endtime="20210504 22:05:38.652"/>
</kw>
<kw name="Get Text" library="Browser">
<arg>span</arg>
<arg>contains</arg>
<arg>Nunca foi tão engraçado pedir comida</arg>
<tag>Assertion</tag>
<tag>Getter</tag>
<tag>PageContent</tag>
<doc>Returns text attribute of the element found by ``selector``.
See the `Finding elements` section for details about the selectors.</doc>
<status status="PASS" starttime="20210504 22:05:38.653" endtime="20210504 22:05:38.756"/>
</kw>
<status status="PASS" starttime="20210504 22:05:36.306" endtime="20210504 22:05:38.757"/>
</kw>
<kw name="Go To Restaurants" library="search">
<kw name="Click" library="Browser">
<arg>text=Estou com fome!</arg>
<tag>PageContent</tag>
<tag>Setter</tag>
<doc>Simulates mouse click on the element found by ``selector``.</doc>
<status status="PASS" starttime="20210504 22:05:38.759" endtime="20210504 22:05:38.962"/>
</kw>
<kw name="Get Text" library="Browser">
<arg>h1 strong</arg>
<arg>contains</arg>
<arg>Ta na hora de matar a fome!</arg>
<tag>Assertion</tag>
<tag>Getter</tag>
<tag>PageContent</tag>
<doc>Returns text attribute of the element found by ``selector``.
See the `Finding elements` section for details about the selectors.</doc>
<status status="PASS" starttime="20210504 22:05:38.963" endtime="20210504 22:05:38.999"/>
</kw>
<status status="PASS" starttime="20210504 22:05:38.758" endtime="20210504 22:05:38.999"/>
</kw>
<kw name="Search By" library="search">
<arg>Cafe</arg>
<kw name="Click" library="Browser">
<arg>css=.search-link</arg>
<tag>PageContent</tag>
<tag>Setter</tag>
<doc>Simulates mouse click on the element found by ``selector``.</doc>
<status status="PASS" starttime="20210504 22:05:39.000" endtime="20210504 22:05:39.090"/>
</kw>
<kw name="Fill Text" library="Browser">
<arg>css=input[formcontrolname="searchControl"]</arg>
<arg>${value}</arg>
<tag>PageContent</tag>
<tag>Setter</tag>
<doc>Clears and fills the given ``text`` into the text field found by ``selector``.</doc>
<msg timestamp="20210504 22:05:39.092" level="INFO">Fills the text 'Cafe' in the given field.</msg>
<status status="PASS" starttime="20210504 22:05:39.091" endtime="20210504 22:05:39.164"/>
</kw>
<status status="PASS" starttime="20210504 22:05:39.000" endtime="20210504 22:05:39.164"/>
</kw>
<kw name="Restaurant Should Be visible" library="search">
<arg>STARBUGS COFFEE</arg>
<kw name="Wait For Elements State" library="Browser">
<arg>${DIV_BOX_RESTAURANT}</arg>
<arg>visible</arg>
<arg>10</arg>
<tag>PageContent</tag>
<tag>Wait</tag>
<doc>Waits for the element found by ``selector`` to satisfy state option.</doc>
<msg timestamp="20210504 22:05:39.870" level="INFO">Wait for Element with selector: css=div[class="place-info-box"][style="opacity: 1;"]</msg>
<status status="PASS" starttime="20210504 22:05:39.166" endtime="20210504 22:05:39.870"/>
</kw>
<kw name="Get Text" library="Browser">
<arg>css=.place-info-box</arg>
<arg>contains</arg>
<arg>${name}</arg>
<tag>Assertion</tag>
<tag>Getter</tag>
<tag>PageContent</tag>
<doc>Returns text attribute of the element found by ``selector``.
See the `Finding elements` section for details about the selectors.</doc>
<status status="PASS" starttime="20210504 22:05:39.870" endtime="20210504 22:05:39.910"/>
</kw>
<status status="PASS" starttime="20210504 22:05:39.165" endtime="20210504 22:05:39.911"/>
</kw>
<kw name="Take Screenshot" library="Browser">
<tag>PageContent</tag>
<doc>Takes a screenshot of the current window and saves it to ``path``. Saves it as a png.</doc>
<msg timestamp="20210504 22:05:40.085" level="INFO" html="true">&lt;/td&gt;&lt;/tr&gt;&lt;tr&gt;&lt;td colspan="3"&gt;&lt;a href="browser/screenshot/robotframework-browser-screenshot-2.png"&gt;&lt;img src="browser/screenshot/robotframework-browser-screenshot-2.png" width="800px"&gt;&lt;/a&gt;</msg>
<status status="PASS" starttime="20210504 22:05:39.911" endtime="20210504 22:05:40.085"/>
</kw>
<status status="PASS" starttime="20210504 22:05:36.300" endtime="20210504 22:05:40.086"/>
</test>
<test id="s1-s1-t3" name="Cenario: Deve retornar todos os restaurantes">
<kw name="Start Session" library="base">
<kw name="New Browser" library="Browser">
<arg>chromium</arg>
<arg>true</arg>
<tag>BrowserControl</tag>
<tag>Setter</tag>
<doc>Create a new playwright Browser with specified options.
See `Browser, Context and Page` for more information about Browser and related concepts.</doc>
<msg timestamp="20210504 22:05:40.150" level="INFO">{"browser": "chromium", "headless": true, "handleSIGINT": true, "handleSIGTERM": true, "handleSIGHUP": true, "timeout": 30000.0, "devtools": false, "slowMo": 0.0}</msg>
<msg timestamp="20210504 22:05:40.360" level="INFO">Successfully created browser with options: {"browser":"chromium","headless":true,"handleSIGINT":true,"handleSIGTERM":true,"handleSIGHUP":true,"timeout":30000,"devtools":false,"slowMo":0}</msg>
<status status="PASS" starttime="20210504 22:05:40.149" endtime="20210504 22:05:40.361"/>
</kw>
<kw name="New Page" library="Browser">
<arg>https://parodifood.qaninja.academy</arg>
<tag>BrowserControl</tag>
<tag>Setter</tag>
<doc>Open a new Page. A Page is the Playwright equivalent to a tab.
See `Browser, Context and Page` for more information about Page concept.
Returns a stable identifier for the created page.</doc>
<msg timestamp="20210504 22:05:42.753" level="INFO">Successfully initialized new page object and opened url: https://parodifood.qaninja.academy</msg>
<status status="PASS" starttime="20210504 22:05:40.361" endtime="20210504 22:05:42.753"/>
</kw>
<kw name="Get Text" library="Browser">
<arg>span</arg>
<arg>contains</arg>
<arg>Nunca foi tão engraçado pedir comida</arg>
<tag>Assertion</tag>
<tag>Getter</tag>
<tag>PageContent</tag>
<doc>Returns text attribute of the element found by ``selector``.
See the `Finding elements` section for details about the selectors.</doc>
<status status="PASS" starttime="20210504 22:05:42.754" endtime="20210504 22:05:42.933"/>
</kw>
<status status="PASS" starttime="20210504 22:05:40.147" endtime="20210504 22:05:42.934"/>
</kw>
<kw name="Go To Restaurants" library="search">
<kw name="Click" library="Browser">
<arg>text=Estou com fome!</arg>
<tag>PageContent</tag>
<tag>Setter</tag>
<doc>Simulates mouse click on the element found by ``selector``.</doc>
<status status="PASS" starttime="20210504 22:05:42.935" endtime="20210504 22:05:43.261"/>
</kw>
<kw name="Get Text" library="Browser">
<arg>h1 strong</arg>
<arg>contains</arg>
<arg>Ta na hora de matar a fome!</arg>
<tag>Assertion</tag>
<tag>Getter</tag>
<tag>PageContent</tag>
<doc>Returns text attribute of the element found by ``selector``.
See the `Finding elements` section for details about the selectors.</doc>
<status status="PASS" starttime="20210504 22:05:43.261" endtime="20210504 22:05:43.304"/>
</kw>
<status status="PASS" starttime="20210504 22:05:42.934" endtime="20210504 22:05:43.304"/>
</kw>
<kw name="Search By" library="search">
<arg>a</arg>
<kw name="Click" library="Browser">
<arg>css=.search-link</arg>
<tag>PageContent</tag>
<tag>Setter</tag>
<doc>Simulates mouse click on the element found by ``selector``.</doc>
<status status="PASS" starttime="20210504 22:05:43.305" endtime="20210504 22:05:43.416"/>
</kw>
<kw name="Fill Text" library="Browser">
<arg>css=input[formcontrolname="searchControl"]</arg>
<arg>${value}</arg>
<tag>PageContent</tag>
<tag>Setter</tag>
<doc>Clears and fills the given ``text`` into the text field found by ``selector``.</doc>
<msg timestamp="20210504 22:05:43.418" level="INFO">Fills the text 'a' in the given field.</msg>
<status status="PASS" starttime="20210504 22:05:43.417" endtime="20210504 22:05:43.510"/>
</kw>
<status status="PASS" starttime="20210504 22:05:43.304" endtime="20210504 22:05:43.511"/>
</kw>
<kw name="Restaurant Count Should Be" library="search">
<arg>5</arg>
<kw name="Wait For Elements State" library="Browser">
<arg>${DIV_BOX_RESTAURANT}</arg>
<arg>visible</arg>
<arg>10</arg>
<tag>PageContent</tag>
<tag>Wait</tag>
<doc>Waits for the element found by ``selector`` to satisfy state option.</doc>
<msg timestamp="20210504 22:05:44.549" level="INFO">Wait for Element with selector: css=div[class="place-info-box"][style="opacity: 1;"]</msg>
<status status="PASS" starttime="20210504 22:05:43.512" endtime="20210504 22:05:44.549"/>
</kw>
<kw name="Get Element Count" library="Browser">
<arg>css=.place-info-box</arg>
<arg>equal</arg>
<arg>${qdt}</arg>
<tag>Assertion</tag>
<tag>Getter</tag>
<tag>PageContent</tag>
<doc>Returns the count of elements found with ``selector``.</doc>
<status status="PASS" starttime="20210504 22:05:44.550" endtime="20210504 22:05:44.588"/>
</kw>
<status status="PASS" starttime="20210504 22:05:43.511" endtime="20210504 22:05:44.589"/>
</kw>
<kw name="Take Screenshot" library="Browser">
<tag>PageContent</tag>
<doc>Takes a screenshot of the current window and saves it to ``path``. Saves it as a png.</doc>
<msg timestamp="20210504 22:05:44.808" level="INFO" html="true">&lt;/td&gt;&lt;/tr&gt;&lt;tr&gt;&lt;td colspan="3"&gt;&lt;a href="browser/screenshot/robotframework-browser-screenshot-3.png"&gt;&lt;img src="browser/screenshot/robotframework-browser-screenshot-3.png" width="800px"&gt;&lt;/a&gt;</msg>
<status status="PASS" starttime="20210504 22:05:44.589" endtime="20210504 22:05:44.808"/>
</kw>
<status status="PASS" starttime="20210504 22:05:40.142" endtime="20210504 22:05:44.809"/>
</test>
<status status="PASS" starttime="20210504 22:05:30.801" endtime="20210504 22:05:44.887"/>
</suite>
<status status="PASS" starttime="20210504 22:05:30.752" endtime="20210504 22:05:44.898"/>
</suite>
<statistics>
<total>
<stat pass="3" fail="0" skip="0">All Tests</stat>
</total>
<tag>
</tag>
<suite>
<stat pass="3" fail="0" skip="0" id="s1" name="Tests">Tests</stat>
<stat pass="3" fail="0" skip="0" id="s1-s1" name="Busca">Tests.Busca</stat>
</suite>
</statistics>
<errors>
</errors>
</robot>
