<?xml version="1.0" encoding="UTF-8"?>
<robot generator="Robot 4.0 (Python 3.8.5 on linux)" generated="20210504 00:14:57.266" rpa="false" schemaversion="2">
<suite id="s1" name="Busca" source="/home/edson/workspace/courses/qa_ninja/robot_framework/parodifood/tests/busca.robot">
<test id="s1-t1" name="Buscar um restaurante">
<kw name="New Browser" library="Browser">
<arg>chromium</arg>
<arg>true</arg>
<tag>BrowserControl</tag>
<tag>Setter</tag>
<doc>Create a new playwright Browser with specified options.
See `Browser, Context and Page` for more information about Browser and related concepts.</doc>
<msg timestamp="20210504 00:14:58.255" level="INFO">{"browser": "chromium", "headless": true, "handleSIGINT": true, "handleSIGTERM": true, "handleSIGHUP": true, "timeout": 30000.0, "devtools": false, "slowMo": 0.0}</msg>
<msg timestamp="20210504 00:14:58.460" level="INFO">Successfully created browser with options: {"browser":"chromium","headless":true,"handleSIGINT":true,"handleSIGTERM":true,"handleSIGHUP":true,"timeout":30000,"devtools":false,"slowMo":0}</msg>
<status status="PASS" starttime="20210504 00:14:58.253" endtime="20210504 00:14:58.460"/>
</kw>
<kw name="New Page" library="Browser">
<arg>https://parodifood.qaninja.academy</arg>
<tag>BrowserControl</tag>
<tag>Setter</tag>
<doc>Open a new Page. A Page is the Playwright equivalent to a tab.
See `Browser, Context and Page` for more information about Page concept.
Returns a stable identifier for the created page.</doc>
<msg timestamp="20210504 00:15:00.540" level="INFO">Successfully initialized new page object and opened url: https://parodifood.qaninja.academy</msg>
<status status="PASS" starttime="20210504 00:14:58.461" endtime="20210504 00:15:00.540"/>
</kw>
<kw name="Get Text" library="Browser">
<arg>span</arg>
<arg>contains</arg>
<arg>Nunca foi tão engraçado pedir comida</arg>
<tag>Assertion</tag>
<tag>Getter</tag>
<tag>PageContent</tag>
<doc>Returns text attribute of the element found by ``selector``.
See the `Finding elements` section for details about the selectors.</doc>
<status status="PASS" starttime="20210504 00:15:00.541" endtime="20210504 00:15:00.664"/>
</kw>
<kw name="Click" library="Browser">
<arg>text=Estou com fome!</arg>
<tag>PageContent</tag>
<tag>Setter</tag>
<doc>Simulates mouse click on the element found by ``selector``.</doc>
<status status="PASS" starttime="20210504 00:15:00.665" endtime="20210504 00:15:00.898"/>
</kw>
<kw name="Get Text" library="Browser">
<arg>h1 strong</arg>
<arg>contains</arg>
<arg>Ta na hora de matar a fome!</arg>
<tag>Assertion</tag>
<tag>Getter</tag>
<tag>PageContent</tag>
<doc>Returns text attribute of the element found by ``selector``.
See the `Finding elements` section for details about the selectors.</doc>
<status status="PASS" starttime="20210504 00:15:00.898" endtime="20210504 00:15:00.947"/>
</kw>
<kw name="Click" library="Browser">
<arg>css=.search-link</arg>
<tag>PageContent</tag>
<tag>Setter</tag>
<doc>Simulates mouse click on the element found by ``selector``.</doc>
<status status="PASS" starttime="20210504 00:15:00.948" endtime="20210504 00:15:01.065"/>
</kw>
<kw name="Fill Text" library="Browser">
<arg>css=input[formcontrolname="searchControl"]</arg>
<arg>Debuger</arg>
<tag>PageContent</tag>
<tag>Setter</tag>
<doc>Clears and fills the given ``text`` into the text field found by ``selector``.</doc>
<msg timestamp="20210504 00:15:01.066" level="INFO">Fills the text 'Debuger' in the given field.</msg>
<status status="PASS" starttime="20210504 00:15:01.065" endtime="20210504 00:15:01.136"/>
</kw>
<kw name="Wait For Elements State" library="Browser">
<arg>css=.place-info-box</arg>
<arg>visible</arg>
<arg>10</arg>
<tag>PageContent</tag>
<tag>Wait</tag>
<doc>Waits for the element found by ``selector`` to satisfy state option.</doc>
<msg timestamp="20210504 00:15:01.380" level="INFO">Wait for Element with selector: css=.place-info-box</msg>
<status status="PASS" starttime="20210504 00:15:01.137" endtime="20210504 00:15:01.380"/>
</kw>
<kw name="Get Text" library="Browser">
<arg>css=.place-info-box</arg>
<arg>contains</arg>
<arg>DEBUGER KING</arg>
<tag>Assertion</tag>
<tag>Getter</tag>
<tag>PageContent</tag>
<doc>Returns text attribute of the element found by ``selector``.
See the `Finding elements` section for details about the selectors.</doc>
<status status="PASS" starttime="20210504 00:15:01.381" endtime="20210504 00:15:01.936"/>
</kw>
<kw name="Sleep" library="BuiltIn">
<arg>2</arg>
<doc>Pauses the test executed for the given time.</doc>
<msg timestamp="20210504 00:15:03.938" level="INFO">Slept 2 seconds</msg>
<status status="PASS" starttime="20210504 00:15:01.937" endtime="20210504 00:15:03.938"/>
</kw>
<kw name="Take Screenshot" library="Browser">
<tag>PageContent</tag>
<doc>Takes a screenshot of the current window and saves it to ``path``. Saves it as a png.</doc>
<msg timestamp="20210504 00:15:04.070" level="INFO" html="true">&lt;/td&gt;&lt;/tr&gt;&lt;tr&gt;&lt;td colspan="3"&gt;&lt;a href="browser/screenshot/robotframework-browser-screenshot-1.png"&gt;&lt;img src="browser/screenshot/robotframework-browser-screenshot-1.png" width="800px"&gt;&lt;/a&gt;</msg>
<status status="PASS" starttime="20210504 00:15:03.939" endtime="20210504 00:15:04.071"/>
</kw>
<status status="PASS" starttime="20210504 00:14:58.248" endtime="20210504 00:15:04.071"/>
</test>
<status status="PASS" starttime="20210504 00:14:57.268" endtime="20210504 00:15:04.153"/>
</suite>
<statistics>
<total>
<stat pass="1" fail="0" skip="0">All Tests</stat>
</total>
<tag>
</tag>
<suite>
<stat pass="1" fail="0" skip="0" id="s1" name="Busca">Busca</stat>
</suite>
</statistics>
<errors>
</errors>
</robot>
